2017-12-26 21:57:01,884 | [1] | DefaultLogger | DEBUG - EncryptionKey key has been set...
2017-12-26 21:57:01,897 | [1] | DefaultLogger | DEBUG - AutoMapper settings started...
2017-12-26 21:57:02,115 | [1] | DefaultLogger | DEBUG - AutoMapper settings initialized...
2017-12-26 21:57:02,142 | [1] | DefaultLogger | DEBUG - AutoMapper settings validated...
2017-12-26 21:57:32,397 | [5] | DefaultLogger | DEBUG - DefaultDatabaseAccessFactory-> GetAppDatabase : SQLDatabaseAccess class instantiated...
2017-12-26 21:57:32,404 | [5] | DefaultLogger | DEBUG - OpenConnection: Connection object instantiated...
2017-12-26 21:57:32,599 | [5] | DefaultLogger | DEBUG - OpenConnection: Connection opened...
2017-12-26 21:57:32,622 | [5] | DefaultLogger | DEBUG - ExecuteProcedure: Started...
2017-12-26 21:57:32,634 | [5] | DefaultLogger | DEBUG - GetSqlCommand: Started...
2017-12-26 21:57:32,645 | [5] | DefaultLogger | INFO  - GetSqlCommand: Command 'P_Account_VerifyLoginCreds' object created...
2017-12-26 21:57:32,657 | [5] | DefaultLogger | DEBUG - GetSqlCommand: Completed...
2017-12-26 21:57:32,673 | [5] | DefaultLogger | DEBUG - AddCommandParameters: Started...
2017-12-26 21:57:32,689 | [5] | DefaultLogger | INFO  - AddCommandParameters: parameter count - 2
2017-12-26 21:57:32,699 | [5] | DefaultLogger | INFO  - Parameter: Name: @UserName, Direction: In, DataType: String, Value: MLI, Size: -1
2017-12-26 21:57:32,706 | [5] | DefaultLogger | INFO  - Parameter: Name: @Password, Direction: In, DataType: String, Value: pSzNwXpUIzJCzksJOPo62w==, Size: -1
2017-12-26 21:57:32,713 | [5] | DefaultLogger | DEBUG - AddCommandParameters: Completed...
2017-12-26 21:57:32,793 | [5] | DefaultLogger | DEBUG - ExecuteProcedure: Completed...
2017-12-26 21:57:32,807 | [5] | DefaultLogger | DEBUG - Connection closed...
2017-12-26 21:57:53,267 | [8] | DefaultLogger | DEBUG - DefaultDatabaseAccessFactory-> GetAppDatabase : SQLDatabaseAccess class instantiated...
2017-12-26 21:57:53,280 | [8] | DefaultLogger | DEBUG - OpenConnection: Connection object instantiated...
2017-12-26 21:57:53,303 | [8] | DefaultLogger | DEBUG - OpenConnection: Connection opened...
2017-12-26 21:57:53,311 | [8] | DefaultLogger | DEBUG - ExecuteProcedure: Started...
2017-12-26 21:57:53,319 | [8] | DefaultLogger | DEBUG - GetSqlCommand: Started...
2017-12-26 21:57:53,329 | [8] | DefaultLogger | INFO  - GetSqlCommand: Command 'P_Buyer_GetBuyerList' object created...
2017-12-26 21:57:53,335 | [8] | DefaultLogger | DEBUG - GetSqlCommand: Completed...
2017-12-26 21:57:53,340 | [8] | DefaultLogger | DEBUG - AddCommandParameters: Started...
2017-12-26 21:57:53,346 | [8] | DefaultLogger | INFO  - AddCommandParameters: parameter count - 6
2017-12-26 21:57:53,352 | [8] | DefaultLogger | INFO  - Parameter: Name: @ClientID, Direction: In, DataType: Int, Value: 162236, Size: -1
2017-12-26 21:57:53,357 | [8] | DefaultLogger | INFO  - Parameter: Name: @StartIndex, Direction: In, DataType: Int, Value: 1, Size: -1
2017-12-26 21:57:53,363 | [8] | DefaultLogger | INFO  - Parameter: Name: @PageSize, Direction: In, DataType: Int, Value: 2, Size: -1
2017-12-26 21:57:53,367 | [8] | DefaultLogger | INFO  - Parameter: Name: @BuyerCode, Direction: In, DataType: String, Value: , Size: 20
2017-12-26 21:57:53,372 | [8] | DefaultLogger | INFO  - Parameter: Name: @FirstName, Direction: In, DataType: String, Value: , Size: 100
2017-12-26 21:57:53,377 | [8] | DefaultLogger | INFO  - Parameter: Name: @LastName, Direction: In, DataType: String, Value: , Size: 100
2017-12-26 21:57:53,381 | [8] | DefaultLogger | DEBUG - AddCommandParameters: Completed...
2017-12-26 21:57:53,457 | [8] | DefaultLogger | DEBUG - ExecuteProcedure: Completed...
2017-12-26 21:57:53,478 | [8] | DefaultLogger | DEBUG - Connection closed...
2017-12-26 21:59:36,634 | [12] | DefaultLogger | DEBUG - DefaultDatabaseAccessFactory-> GetAppDatabase : SQLDatabaseAccess class instantiated...
2017-12-26 21:59:36,643 | [12] | DefaultLogger | DEBUG - OpenConnection: Connection object instantiated...
2017-12-26 21:59:36,649 | [12] | DefaultLogger | DEBUG - OpenConnection: Connection opened...
2017-12-26 21:59:36,657 | [12] | DefaultLogger | DEBUG - ExecuteProcedure: Started...
2017-12-26 21:59:36,664 | [12] | DefaultLogger | DEBUG - GetSqlCommand: Started...
2017-12-26 21:59:36,670 | [12] | DefaultLogger | INFO  - GetSqlCommand: Command 'P_Buyer_GetBuyerList' object created...
2017-12-26 21:59:36,676 | [12] | DefaultLogger | DEBUG - GetSqlCommand: Completed...
2017-12-26 21:59:36,682 | [12] | DefaultLogger | DEBUG - AddCommandParameters: Started...
2017-12-26 21:59:36,688 | [12] | DefaultLogger | INFO  - AddCommandParameters: parameter count - 6
2017-12-26 21:59:36,695 | [12] | DefaultLogger | INFO  - Parameter: Name: @ClientID, Direction: In, DataType: Int, Value: 162236, Size: -1
2017-12-26 21:59:36,701 | [12] | DefaultLogger | INFO  - Parameter: Name: @StartIndex, Direction: In, DataType: Int, Value: 3, Size: -1
2017-12-26 21:59:36,709 | [12] | DefaultLogger | INFO  - Parameter: Name: @PageSize, Direction: In, DataType: Int, Value: 2, Size: -1
2017-12-26 21:59:36,718 | [12] | DefaultLogger | INFO  - Parameter: Name: @BuyerCode, Direction: In, DataType: String, Value: , Size: 20
2017-12-26 21:59:36,724 | [12] | DefaultLogger | INFO  - Parameter: Name: @FirstName, Direction: In, DataType: String, Value: , Size: 100
2017-12-26 21:59:36,731 | [12] | DefaultLogger | INFO  - Parameter: Name: @LastName, Direction: In, DataType: String, Value: , Size: 100
2017-12-26 21:59:36,737 | [12] | DefaultLogger | DEBUG - AddCommandParameters: Completed...
2017-12-26 21:59:36,757 | [12] | DefaultLogger | DEBUG - ExecuteProcedure: Completed...
2017-12-26 21:59:36,764 | [12] | DefaultLogger | DEBUG - Connection closed...
2017-12-26 21:59:38,479 | [5] | DefaultLogger | DEBUG - DefaultDatabaseAccessFactory-> GetAppDatabase : SQLDatabaseAccess class instantiated...
2017-12-26 21:59:38,490 | [5] | DefaultLogger | DEBUG - OpenConnection: Connection object instantiated...
2017-12-26 21:59:38,496 | [5] | DefaultLogger | DEBUG - OpenConnection: Connection opened...
2017-12-26 21:59:38,511 | [5] | DefaultLogger | DEBUG - ExecuteProcedure: Started...
2017-12-26 21:59:38,518 | [5] | DefaultLogger | DEBUG - GetSqlCommand: Started...
2017-12-26 21:59:38,526 | [5] | DefaultLogger | INFO  - GetSqlCommand: Command 'P_Buyer_GetBuyerList' object created...
2017-12-26 21:59:38,534 | [5] | DefaultLogger | DEBUG - GetSqlCommand: Completed...
2017-12-26 21:59:38,542 | [5] | DefaultLogger | DEBUG - AddCommandParameters: Started...
2017-12-26 21:59:38,548 | [5] | DefaultLogger | INFO  - AddCommandParameters: parameter count - 6
2017-12-26 21:59:38,555 | [5] | DefaultLogger | INFO  - Parameter: Name: @ClientID, Direction: In, DataType: Int, Value: 162236, Size: -1
2017-12-26 21:59:38,562 | [5] | DefaultLogger | INFO  - Parameter: Name: @StartIndex, Direction: In, DataType: Int, Value: 5, Size: -1
2017-12-26 21:59:38,566 | [5] | DefaultLogger | INFO  - Parameter: Name: @PageSize, Direction: In, DataType: Int, Value: 2, Size: -1
2017-12-26 21:59:38,572 | [5] | DefaultLogger | INFO  - Parameter: Name: @BuyerCode, Direction: In, DataType: String, Value: , Size: 20
2017-12-26 21:59:38,576 | [5] | DefaultLogger | INFO  - Parameter: Name: @FirstName, Direction: In, DataType: String, Value: , Size: 100
2017-12-26 21:59:38,581 | [5] | DefaultLogger | INFO  - Parameter: Name: @LastName, Direction: In, DataType: String, Value: , Size: 100
2017-12-26 21:59:38,586 | [5] | DefaultLogger | DEBUG - AddCommandParameters: Completed...
2017-12-26 21:59:38,600 | [5] | DefaultLogger | DEBUG - ExecuteProcedure: Completed...
2017-12-26 21:59:38,605 | [5] | DefaultLogger | DEBUG - Connection closed...
2017-12-26 21:59:40,866 | [6] | DefaultLogger | DEBUG - DefaultDatabaseAccessFactory-> GetAppDatabase : SQLDatabaseAccess class instantiated...
2017-12-26 21:59:40,887 | [6] | DefaultLogger | DEBUG - OpenConnection: Connection object instantiated...
2017-12-26 21:59:40,898 | [6] | DefaultLogger | DEBUG - OpenConnection: Connection opened...
2017-12-26 21:59:40,903 | [6] | DefaultLogger | DEBUG - ExecuteProcedure: Started...
2017-12-26 21:59:40,910 | [6] | DefaultLogger | DEBUG - GetSqlCommand: Started...
2017-12-26 21:59:40,917 | [6] | DefaultLogger | INFO  - GetSqlCommand: Command 'P_Buyer_GetBuyerList' object created...
2017-12-26 21:59:40,925 | [6] | DefaultLogger | DEBUG - GetSqlCommand: Completed...
2017-12-26 21:59:40,933 | [6] | DefaultLogger | DEBUG - AddCommandParameters: Started...
2017-12-26 21:59:40,940 | [6] | DefaultLogger | INFO  - AddCommandParameters: parameter count - 6
2017-12-26 21:59:40,945 | [6] | DefaultLogger | INFO  - Parameter: Name: @ClientID, Direction: In, DataType: Int, Value: 162236, Size: -1
2017-12-26 21:59:40,950 | [6] | DefaultLogger | INFO  - Parameter: Name: @StartIndex, Direction: In, DataType: Int, Value: 7, Size: -1
2017-12-26 21:59:40,955 | [6] | DefaultLogger | INFO  - Parameter: Name: @PageSize, Direction: In, DataType: Int, Value: 2, Size: -1
2017-12-26 21:59:40,961 | [6] | DefaultLogger | INFO  - Parameter: Name: @BuyerCode, Direction: In, DataType: String, Value: , Size: 20
2017-12-26 21:59:40,965 | [6] | DefaultLogger | INFO  - Parameter: Name: @FirstName, Direction: In, DataType: String, Value: , Size: 100
2017-12-26 21:59:40,970 | [6] | DefaultLogger | INFO  - Parameter: Name: @LastName, Direction: In, DataType: String, Value: , Size: 100
2017-12-26 21:59:40,975 | [6] | DefaultLogger | DEBUG - AddCommandParameters: Completed...
2017-12-26 21:59:40,987 | [6] | DefaultLogger | DEBUG - ExecuteProcedure: Completed...
2017-12-26 21:59:40,992 | [6] | DefaultLogger | DEBUG - Connection closed...
2017-12-26 21:59:49,762 | [6] | DefaultLogger | DEBUG - DefaultDatabaseAccessFactory-> GetAppDatabase : SQLDatabaseAccess class instantiated...
2017-12-26 21:59:49,778 | [6] | DefaultLogger | DEBUG - OpenConnection: Connection object instantiated...
2017-12-26 21:59:49,794 | [6] | DefaultLogger | DEBUG - OpenConnection: Connection opened...
2017-12-26 21:59:49,804 | [6] | DefaultLogger | DEBUG - ExecuteProcedure: Started...
2017-12-26 21:59:49,813 | [6] | DefaultLogger | DEBUG - GetSqlCommand: Started...
2017-12-26 21:59:49,823 | [6] | DefaultLogger | INFO  - GetSqlCommand: Command 'P_Buyer_GetBuyerList' object created...
2017-12-26 21:59:49,830 | [6] | DefaultLogger | DEBUG - GetSqlCommand: Completed...
2017-12-26 21:59:49,839 | [6] | DefaultLogger | DEBUG - AddCommandParameters: Started...
2017-12-26 21:59:49,849 | [6] | DefaultLogger | INFO  - AddCommandParameters: parameter count - 6
2017-12-26 21:59:49,859 | [6] | DefaultLogger | INFO  - Parameter: Name: @ClientID, Direction: In, DataType: Int, Value: 162236, Size: -1
2017-12-26 21:59:49,866 | [6] | DefaultLogger | INFO  - Parameter: Name: @StartIndex, Direction: In, DataType: Int, Value: 5, Size: -1
2017-12-26 21:59:49,873 | [6] | DefaultLogger | INFO  - Parameter: Name: @PageSize, Direction: In, DataType: Int, Value: 2, Size: -1
2017-12-26 21:59:49,878 | [6] | DefaultLogger | INFO  - Parameter: Name: @BuyerCode, Direction: In, DataType: String, Value: , Size: 20
2017-12-26 21:59:49,884 | [6] | DefaultLogger | INFO  - Parameter: Name: @FirstName, Direction: In, DataType: String, Value: , Size: 100
2017-12-26 21:59:49,889 | [6] | DefaultLogger | INFO  - Parameter: Name: @LastName, Direction: In, DataType: String, Value: , Size: 100
2017-12-26 21:59:49,894 | [6] | DefaultLogger | DEBUG - AddCommandParameters: Completed...
2017-12-26 21:59:49,901 | [6] | DefaultLogger | DEBUG - ExecuteProcedure: Completed...
2017-12-26 21:59:49,906 | [6] | DefaultLogger | DEBUG - Connection closed...
2017-12-26 21:59:52,080 | [6] | DefaultLogger | DEBUG - DefaultDatabaseAccessFactory-> GetAppDatabase : SQLDatabaseAccess class instantiated...
2017-12-26 21:59:52,111 | [6] | DefaultLogger | DEBUG - OpenConnection: Connection object instantiated...
2017-12-26 21:59:52,129 | [6] | DefaultLogger | DEBUG - OpenConnection: Connection opened...
2017-12-26 21:59:52,140 | [6] | DefaultLogger | DEBUG - ExecuteProcedure: Started...
2017-12-26 21:59:52,146 | [6] | DefaultLogger | DEBUG - GetSqlCommand: Started...
2017-12-26 21:59:52,154 | [6] | DefaultLogger | INFO  - GetSqlCommand: Command 'P_Buyer_GetBuyerList' object created...
2017-12-26 21:59:52,162 | [6] | DefaultLogger | DEBUG - GetSqlCommand: Completed...
2017-12-26 21:59:52,170 | [6] | DefaultLogger | DEBUG - AddCommandParameters: Started...
2017-12-26 21:59:52,196 | [6] | DefaultLogger | INFO  - AddCommandParameters: parameter count - 6
2017-12-26 21:59:52,202 | [6] | DefaultLogger | INFO  - Parameter: Name: @ClientID, Direction: In, DataType: Int, Value: 162236, Size: -1
2017-12-26 21:59:52,208 | [6] | DefaultLogger | INFO  - Parameter: Name: @StartIndex, Direction: In, DataType: Int, Value: 7, Size: -1
2017-12-26 21:59:52,216 | [6] | DefaultLogger | INFO  - Parameter: Name: @PageSize, Direction: In, DataType: Int, Value: 2, Size: -1
2017-12-26 21:59:52,222 | [6] | DefaultLogger | INFO  - Parameter: Name: @BuyerCode, Direction: In, DataType: String, Value: , Size: 20
2017-12-26 21:59:52,227 | [6] | DefaultLogger | INFO  - Parameter: Name: @FirstName, Direction: In, DataType: String, Value: , Size: 100
2017-12-26 21:59:52,233 | [6] | DefaultLogger | INFO  - Parameter: Name: @LastName, Direction: In, DataType: String, Value: , Size: 100
2017-12-26 21:59:52,242 | [6] | DefaultLogger | DEBUG - AddCommandParameters: Completed...
2017-12-26 21:59:52,248 | [6] | DefaultLogger | DEBUG - ExecuteProcedure: Completed...
2017-12-26 21:59:52,254 | [6] | DefaultLogger | DEBUG - Connection closed...
2017-12-26 21:59:53,860 | [12] | DefaultLogger | DEBUG - DefaultDatabaseAccessFactory-> GetAppDatabase : SQLDatabaseAccess class instantiated...
2017-12-26 21:59:53,877 | [12] | DefaultLogger | DEBUG - OpenConnection: Connection object instantiated...
2017-12-26 21:59:53,884 | [12] | DefaultLogger | DEBUG - OpenConnection: Connection opened...
2017-12-26 21:59:53,892 | [12] | DefaultLogger | DEBUG - ExecuteProcedure: Started...
2017-12-26 21:59:53,897 | [12] | DefaultLogger | DEBUG - GetSqlCommand: Started...
2017-12-26 21:59:53,904 | [12] | DefaultLogger | INFO  - GetSqlCommand: Command 'P_Buyer_GetBuyerList' object created...
2017-12-26 21:59:53,909 | [12] | DefaultLogger | DEBUG - GetSqlCommand: Completed...
2017-12-26 21:59:53,915 | [12] | DefaultLogger | DEBUG - AddCommandParameters: Started...
2017-12-26 21:59:53,922 | [12] | DefaultLogger | INFO  - AddCommandParameters: parameter count - 6
2017-12-26 21:59:53,929 | [12] | DefaultLogger | INFO  - Parameter: Name: @ClientID, Direction: In, DataType: Int, Value: 162236, Size: -1
2017-12-26 21:59:53,934 | [12] | DefaultLogger | INFO  - Parameter: Name: @StartIndex, Direction: In, DataType: Int, Value: 5, Size: -1
2017-12-26 21:59:53,939 | [12] | DefaultLogger | INFO  - Parameter: Name: @PageSize, Direction: In, DataType: Int, Value: 2, Size: -1
2017-12-26 21:59:53,944 | [12] | DefaultLogger | INFO  - Parameter: Name: @BuyerCode, Direction: In, DataType: String, Value: , Size: 20
2017-12-26 21:59:53,949 | [12] | DefaultLogger | INFO  - Parameter: Name: @FirstName, Direction: In, DataType: String, Value: , Size: 100
2017-12-26 21:59:53,954 | [12] | DefaultLogger | INFO  - Parameter: Name: @LastName, Direction: In, DataType: String, Value: , Size: 100
2017-12-26 21:59:53,959 | [12] | DefaultLogger | DEBUG - AddCommandParameters: Completed...
2017-12-26 21:59:53,966 | [12] | DefaultLogger | DEBUG - ExecuteProcedure: Completed...
2017-12-26 21:59:53,971 | [12] | DefaultLogger | DEBUG - Connection closed...
2017-12-26 21:59:54,747 | [5] | DefaultLogger | DEBUG - DefaultDatabaseAccessFactory-> GetAppDatabase : SQLDatabaseAccess class instantiated...
2017-12-26 21:59:54,783 | [5] | DefaultLogger | DEBUG - OpenConnection: Connection object instantiated...
2017-12-26 21:59:54,795 | [5] | DefaultLogger | DEBUG - OpenConnection: Connection opened...
2017-12-26 21:59:54,805 | [5] | DefaultLogger | DEBUG - ExecuteProcedure: Started...
2017-12-26 21:59:54,811 | [5] | DefaultLogger | DEBUG - GetSqlCommand: Started...
2017-12-26 21:59:54,817 | [5] | DefaultLogger | INFO  - GetSqlCommand: Command 'P_Buyer_GetBuyerList' object created...
2017-12-26 21:59:54,824 | [5] | DefaultLogger | DEBUG - GetSqlCommand: Completed...
2017-12-26 21:59:54,830 | [5] | DefaultLogger | DEBUG - AddCommandParameters: Started...
2017-12-26 21:59:54,838 | [5] | DefaultLogger | INFO  - AddCommandParameters: parameter count - 6
2017-12-26 21:59:54,844 | [5] | DefaultLogger | INFO  - Parameter: Name: @ClientID, Direction: In, DataType: Int, Value: 162236, Size: -1
2017-12-26 21:59:54,852 | [5] | DefaultLogger | INFO  - Parameter: Name: @StartIndex, Direction: In, DataType: Int, Value: 7, Size: -1
2017-12-26 21:59:54,858 | [5] | DefaultLogger | INFO  - Parameter: Name: @PageSize, Direction: In, DataType: Int, Value: 2, Size: -1
2017-12-26 21:59:54,864 | [5] | DefaultLogger | INFO  - Parameter: Name: @BuyerCode, Direction: In, DataType: String, Value: , Size: 20
2017-12-26 21:59:54,870 | [5] | DefaultLogger | INFO  - Parameter: Name: @FirstName, Direction: In, DataType: String, Value: , Size: 100
2017-12-26 21:59:54,876 | [5] | DefaultLogger | INFO  - Parameter: Name: @LastName, Direction: In, DataType: String, Value: , Size: 100
2017-12-26 21:59:54,883 | [5] | DefaultLogger | DEBUG - AddCommandParameters: Completed...
2017-12-26 21:59:54,892 | [5] | DefaultLogger | DEBUG - ExecuteProcedure: Completed...
2017-12-26 21:59:54,898 | [5] | DefaultLogger | DEBUG - Connection closed...
2017-12-26 21:59:57,274 | [12] | DefaultLogger | DEBUG - DefaultDatabaseAccessFactory-> GetAppDatabase : SQLDatabaseAccess class instantiated...
2017-12-26 21:59:57,288 | [12] | DefaultLogger | DEBUG - OpenConnection: Connection object instantiated...
2017-12-26 21:59:57,297 | [12] | DefaultLogger | DEBUG - OpenConnection: Connection opened...
2017-12-26 21:59:57,303 | [12] | DefaultLogger | DEBUG - ExecuteProcedure: Started...
2017-12-26 21:59:57,308 | [12] | DefaultLogger | DEBUG - GetSqlCommand: Started...
2017-12-26 21:59:57,314 | [12] | DefaultLogger | INFO  - GetSqlCommand: Command 'P_Buyer_GetBuyerList' object created...
2017-12-26 21:59:57,321 | [12] | DefaultLogger | DEBUG - GetSqlCommand: Completed...
2017-12-26 21:59:57,327 | [12] | DefaultLogger | DEBUG - AddCommandParameters: Started...
2017-12-26 21:59:57,336 | [12] | DefaultLogger | INFO  - AddCommandParameters: parameter count - 6
2017-12-26 21:59:57,343 | [12] | DefaultLogger | INFO  - Parameter: Name: @ClientID, Direction: In, DataType: Int, Value: 162236, Size: -1
2017-12-26 21:59:57,350 | [12] | DefaultLogger | INFO  - Parameter: Name: @StartIndex, Direction: In, DataType: Int, Value: 5, Size: -1
2017-12-26 21:59:57,361 | [12] | DefaultLogger | INFO  - Parameter: Name: @PageSize, Direction: In, DataType: Int, Value: 2, Size: -1
2017-12-26 21:59:57,371 | [12] | DefaultLogger | INFO  - Parameter: Name: @BuyerCode, Direction: In, DataType: String, Value: , Size: 20
2017-12-26 21:59:57,378 | [12] | DefaultLogger | INFO  - Parameter: Name: @FirstName, Direction: In, DataType: String, Value: , Size: 100
2017-12-26 21:59:57,385 | [12] | DefaultLogger | INFO  - Parameter: Name: @LastName, Direction: In, DataType: String, Value: , Size: 100
2017-12-26 21:59:57,390 | [12] | DefaultLogger | DEBUG - AddCommandParameters: Completed...
2017-12-26 21:59:57,397 | [12] | DefaultLogger | DEBUG - ExecuteProcedure: Completed...
2017-12-26 21:59:57,402 | [12] | DefaultLogger | DEBUG - Connection closed...
2017-12-26 21:59:58,342 | [5] | DefaultLogger | DEBUG - DefaultDatabaseAccessFactory-> GetAppDatabase : SQLDatabaseAccess class instantiated...
2017-12-26 21:59:58,352 | [5] | DefaultLogger | DEBUG - OpenConnection: Connection object instantiated...
2017-12-26 21:59:58,360 | [5] | DefaultLogger | DEBUG - OpenConnection: Connection opened...
2017-12-26 21:59:58,367 | [5] | DefaultLogger | DEBUG - ExecuteProcedure: Started...
2017-12-26 21:59:58,374 | [5] | DefaultLogger | DEBUG - GetSqlCommand: Started...
2017-12-26 21:59:58,380 | [5] | DefaultLogger | INFO  - GetSqlCommand: Command 'P_Buyer_GetBuyerList' object created...
2017-12-26 21:59:58,387 | [5] | DefaultLogger | DEBUG - GetSqlCommand: Completed...
2017-12-26 21:59:58,394 | [5] | DefaultLogger | DEBUG - AddCommandParameters: Started...
2017-12-26 21:59:58,404 | [5] | DefaultLogger | INFO  - AddCommandParameters: parameter count - 6
2017-12-26 21:59:58,409 | [5] | DefaultLogger | INFO  - Parameter: Name: @ClientID, Direction: In, DataType: Int, Value: 162236, Size: -1
2017-12-26 21:59:58,414 | [5] | DefaultLogger | INFO  - Parameter: Name: @StartIndex, Direction: In, DataType: Int, Value: 3, Size: -1
2017-12-26 21:59:58,423 | [5] | DefaultLogger | INFO  - Parameter: Name: @PageSize, Direction: In, DataType: Int, Value: 2, Size: -1
2017-12-26 21:59:58,430 | [5] | DefaultLogger | INFO  - Parameter: Name: @BuyerCode, Direction: In, DataType: String, Value: , Size: 20
2017-12-26 21:59:58,435 | [5] | DefaultLogger | INFO  - Parameter: Name: @FirstName, Direction: In, DataType: String, Value: , Size: 100
2017-12-26 21:59:58,440 | [5] | DefaultLogger | INFO  - Parameter: Name: @LastName, Direction: In, DataType: String, Value: , Size: 100
2017-12-26 21:59:58,444 | [5] | DefaultLogger | DEBUG - AddCommandParameters: Completed...
2017-12-26 21:59:58,450 | [5] | DefaultLogger | DEBUG - ExecuteProcedure: Completed...
2017-12-26 21:59:58,455 | [5] | DefaultLogger | DEBUG - Connection closed...
2017-12-26 21:59:59,129 | [5] | DefaultLogger | DEBUG - DefaultDatabaseAccessFactory-> GetAppDatabase : SQLDatabaseAccess class instantiated...
2017-12-26 21:59:59,151 | [5] | DefaultLogger | DEBUG - OpenConnection: Connection object instantiated...
2017-12-26 21:59:59,164 | [5] | DefaultLogger | DEBUG - OpenConnection: Connection opened...
2017-12-26 21:59:59,181 | [5] | DefaultLogger | DEBUG - ExecuteProcedure: Started...
2017-12-26 21:59:59,190 | [5] | DefaultLogger | DEBUG - GetSqlCommand: Started...
2017-12-26 21:59:59,198 | [5] | DefaultLogger | INFO  - GetSqlCommand: Command 'P_Buyer_GetBuyerList' object created...
2017-12-26 21:59:59,204 | [5] | DefaultLogger | DEBUG - GetSqlCommand: Completed...
2017-12-26 21:59:59,210 | [5] | DefaultLogger | DEBUG - AddCommandParameters: Started...
2017-12-26 21:59:59,218 | [5] | DefaultLogger | INFO  - AddCommandParameters: parameter count - 6
2017-12-26 21:59:59,228 | [5] | DefaultLogger | INFO  - Parameter: Name: @ClientID, Direction: In, DataType: Int, Value: 162236, Size: -1
2017-12-26 21:59:59,237 | [5] | DefaultLogger | INFO  - Parameter: Name: @StartIndex, Direction: In, DataType: Int, Value: 1, Size: -1
2017-12-26 21:59:59,246 | [5] | DefaultLogger | INFO  - Parameter: Name: @PageSize, Direction: In, DataType: Int, Value: 2, Size: -1
2017-12-26 21:59:59,256 | [5] | DefaultLogger | INFO  - Parameter: Name: @BuyerCode, Direction: In, DataType: String, Value: , Size: 20
2017-12-26 21:59:59,264 | [5] | DefaultLogger | INFO  - Parameter: Name: @FirstName, Direction: In, DataType: String, Value: , Size: 100
2017-12-26 21:59:59,270 | [5] | DefaultLogger | INFO  - Parameter: Name: @LastName, Direction: In, DataType: String, Value: , Size: 100
2017-12-26 21:59:59,276 | [5] | DefaultLogger | DEBUG - AddCommandParameters: Completed...
2017-12-26 21:59:59,289 | [5] | DefaultLogger | DEBUG - ExecuteProcedure: Completed...
2017-12-26 21:59:59,294 | [5] | DefaultLogger | DEBUG - Connection closed...
2017-12-26 22:22:24,422 | [28] | DefaultLogger | DEBUG - DefaultDatabaseAccessFactory-> GetAppDatabase : SQLDatabaseAccess class instantiated...
2017-12-26 22:22:24,438 | [28] | DefaultLogger | DEBUG - OpenConnection: Connection object instantiated...
2017-12-26 22:22:24,632 | [28] | DefaultLogger | DEBUG - OpenConnection: Connection opened...
2017-12-26 22:22:24,651 | [28] | DefaultLogger | DEBUG - ExecuteProcedure: Started...
2017-12-26 22:22:24,667 | [28] | DefaultLogger | DEBUG - GetSqlCommand: Started...
2017-12-26 22:22:24,682 | [28] | DefaultLogger | INFO  - GetSqlCommand: Command 'P_Account_VerifyLoginCreds' object created...
2017-12-26 22:22:24,698 | [28] | DefaultLogger | DEBUG - GetSqlCommand: Completed...
2017-12-26 22:22:24,713 | [28] | DefaultLogger | DEBUG - AddCommandParameters: Started...
2017-12-26 22:22:24,729 | [28] | DefaultLogger | INFO  - AddCommandParameters: parameter count - 2
2017-12-26 22:22:24,745 | [28] | DefaultLogger | INFO  - Parameter: Name: @UserName, Direction: In, DataType: String, Value: MLI, Size: -1
2017-12-26 22:22:24,755 | [28] | DefaultLogger | INFO  - Parameter: Name: @Password, Direction: In, DataType: String, Value: pSzNwXpUIzJCzksJOPo62w==, Size: -1
2017-12-26 22:22:24,766 | [28] | DefaultLogger | DEBUG - AddCommandParameters: Completed...
2017-12-26 22:22:24,793 | [28] | DefaultLogger | DEBUG - ExecuteProcedure: Completed...
2017-12-26 22:22:24,801 | [28] | DefaultLogger | DEBUG - Connection closed...
2017-12-26 22:24:21,456 | [28] | DefaultLogger | DEBUG - DefaultDatabaseAccessFactory-> GetAppDatabase : SQLDatabaseAccess class instantiated...
2017-12-26 22:24:21,474 | [28] | DefaultLogger | DEBUG - OpenConnection: Connection object instantiated...
2017-12-26 22:24:21,486 | [28] | DefaultLogger | DEBUG - OpenConnection: Connection opened...
2017-12-26 22:24:21,495 | [28] | DefaultLogger | DEBUG - ExecuteProcedure: Started...
2017-12-26 22:24:21,504 | [28] | DefaultLogger | DEBUG - GetSqlCommand: Started...
2017-12-26 22:24:21,511 | [28] | DefaultLogger | INFO  - GetSqlCommand: Command 'P_Account_VerifyLoginCreds' object created...
2017-12-26 22:24:21,519 | [28] | DefaultLogger | DEBUG - GetSqlCommand: Completed...
2017-12-26 22:24:21,531 | [28] | DefaultLogger | DEBUG - AddCommandParameters: Started...
2017-12-26 22:24:21,542 | [28] | DefaultLogger | INFO  - AddCommandParameters: parameter count - 2
2017-12-26 22:24:21,549 | [28] | DefaultLogger | INFO  - Parameter: Name: @UserName, Direction: In, DataType: String, Value: MLI, Size: -1
2017-12-26 22:24:21,557 | [28] | DefaultLogger | INFO  - Parameter: Name: @Password, Direction: In, DataType: String, Value: pSzNwXpUIzJCzksJOPo62w==, Size: -1
2017-12-26 22:24:21,564 | [28] | DefaultLogger | DEBUG - AddCommandParameters: Completed...
2017-12-26 22:24:21,579 | [28] | DefaultLogger | DEBUG - ExecuteProcedure: Completed...
2017-12-26 22:24:21,586 | [28] | DefaultLogger | DEBUG - Connection closed...
2017-12-26 22:26:01,800 | [25] | DefaultLogger | DEBUG - DefaultDatabaseAccessFactory-> GetAppDatabase : SQLDatabaseAccess class instantiated...
2017-12-26 22:26:01,814 | [25] | DefaultLogger | DEBUG - OpenConnection: Connection object instantiated...
2017-12-26 22:26:01,828 | [25] | DefaultLogger | DEBUG - OpenConnection: Connection opened...
2017-12-26 22:26:01,837 | [25] | DefaultLogger | DEBUG - ExecuteProcedure: Started...
2017-12-26 22:26:01,847 | [25] | DefaultLogger | DEBUG - GetSqlCommand: Started...
2017-12-26 22:26:01,854 | [25] | DefaultLogger | INFO  - GetSqlCommand: Command 'P_Account_VerifyLoginCreds' object created...
2017-12-26 22:26:01,861 | [25] | DefaultLogger | DEBUG - GetSqlCommand: Completed...
2017-12-26 22:26:01,871 | [25] | DefaultLogger | DEBUG - AddCommandParameters: Started...
2017-12-26 22:26:01,878 | [25] | DefaultLogger | INFO  - AddCommandParameters: parameter count - 2
2017-12-26 22:26:01,887 | [25] | DefaultLogger | INFO  - Parameter: Name: @UserName, Direction: In, DataType: String, Value: MLI, Size: -1
2017-12-26 22:26:01,895 | [25] | DefaultLogger | INFO  - Parameter: Name: @Password, Direction: In, DataType: String, Value: pSzNwXpUIzJCzksJOPo62w==, Size: -1
2017-12-26 22:26:01,902 | [25] | DefaultLogger | DEBUG - AddCommandParameters: Completed...
2017-12-26 22:26:01,916 | [25] | DefaultLogger | DEBUG - ExecuteProcedure: Completed...
2017-12-26 22:26:01,921 | [25] | DefaultLogger | DEBUG - Connection closed...
2017-12-26 22:27:27,787 | [32] | DefaultLogger | DEBUG - DefaultDatabaseAccessFactory-> GetAppDatabase : SQLDatabaseAccess class instantiated...
2017-12-26 22:27:27,797 | [32] | DefaultLogger | DEBUG - OpenConnection: Connection object instantiated...
2017-12-26 22:27:27,807 | [32] | DefaultLogger | DEBUG - OpenConnection: Connection opened...
2017-12-26 22:27:27,819 | [32] | DefaultLogger | DEBUG - ExecuteProcedure: Started...
2017-12-26 22:27:27,826 | [32] | DefaultLogger | DEBUG - GetSqlCommand: Started...
2017-12-26 22:27:27,832 | [32] | DefaultLogger | INFO  - GetSqlCommand: Command 'P_Account_VerifyLoginCreds' object created...
2017-12-26 22:27:27,837 | [32] | DefaultLogger | DEBUG - GetSqlCommand: Completed...
2017-12-26 22:27:27,843 | [32] | DefaultLogger | DEBUG - AddCommandParameters: Started...
2017-12-26 22:27:27,849 | [32] | DefaultLogger | INFO  - AddCommandParameters: parameter count - 2
2017-12-26 22:27:27,856 | [32] | DefaultLogger | INFO  - Parameter: Name: @UserName, Direction: In, DataType: String, Value: MLI, Size: -1
2017-12-26 22:27:27,863 | [32] | DefaultLogger | INFO  - Parameter: Name: @Password, Direction: In, DataType: String, Value: pSzNwXpUIzJCzksJOPo62w==, Size: -1
2017-12-26 22:27:27,868 | [32] | DefaultLogger | DEBUG - AddCommandParameters: Completed...
2017-12-26 22:27:27,881 | [32] | DefaultLogger | DEBUG - ExecuteProcedure: Completed...
2017-12-26 22:27:27,888 | [32] | DefaultLogger | DEBUG - Connection closed...
2017-12-26 22:28:54,426 | [24] | DefaultLogger | DEBUG - DefaultDatabaseAccessFactory-> GetAppDatabase : SQLDatabaseAccess class instantiated...
2017-12-26 22:28:54,443 | [24] | DefaultLogger | DEBUG - OpenConnection: Connection object instantiated...
2017-12-26 22:28:54,453 | [24] | DefaultLogger | DEBUG - OpenConnection: Connection opened...
2017-12-26 22:28:54,461 | [24] | DefaultLogger | DEBUG - ExecuteProcedure: Started...
2017-12-26 22:28:54,467 | [24] | DefaultLogger | DEBUG - GetSqlCommand: Started...
2017-12-26 22:28:54,477 | [24] | DefaultLogger | INFO  - GetSqlCommand: Command 'P_Account_VerifyLoginCreds' object created...
2017-12-26 22:28:54,491 | [24] | DefaultLogger | DEBUG - GetSqlCommand: Completed...
2017-12-26 22:28:54,500 | [24] | DefaultLogger | DEBUG - AddCommandParameters: Started...
2017-12-26 22:28:54,505 | [24] | DefaultLogger | INFO  - AddCommandParameters: parameter count - 2
2017-12-26 22:28:54,511 | [24] | DefaultLogger | INFO  - Parameter: Name: @UserName, Direction: In, DataType: String, Value: Admin, Size: -1
2017-12-26 22:28:54,517 | [24] | DefaultLogger | INFO  - Parameter: Name: @Password, Direction: In, DataType: String, Value: pSzNwXpUIzJCzksJOPo62w==, Size: -1
2017-12-26 22:28:54,522 | [24] | DefaultLogger | DEBUG - AddCommandParameters: Completed...
2017-12-26 22:28:54,535 | [24] | DefaultLogger | DEBUG - ExecuteProcedure: Completed...
2017-12-26 22:28:54,541 | [24] | DefaultLogger | DEBUG - Connection closed...
2017-12-26 22:29:03,125 | [33] | DefaultLogger | DEBUG - DefaultDatabaseAccessFactory-> GetAppDatabase : SQLDatabaseAccess class instantiated...
2017-12-26 22:29:03,143 | [33] | DefaultLogger | DEBUG - OpenConnection: Connection object instantiated...
2017-12-26 22:29:03,154 | [33] | DefaultLogger | DEBUG - OpenConnection: Connection opened...
2017-12-26 22:29:03,164 | [33] | DefaultLogger | DEBUG - ExecuteProcedure: Started...
2017-12-26 22:29:03,172 | [33] | DefaultLogger | DEBUG - GetSqlCommand: Started...
2017-12-26 22:29:03,178 | [33] | DefaultLogger | INFO  - GetSqlCommand: Command 'P_Account_VerifyLoginCreds' object created...
2017-12-26 22:29:03,185 | [33] | DefaultLogger | DEBUG - GetSqlCommand: Completed...
2017-12-26 22:29:03,190 | [33] | DefaultLogger | DEBUG - AddCommandParameters: Started...
2017-12-26 22:29:03,197 | [33] | DefaultLogger | INFO  - AddCommandParameters: parameter count - 2
2017-12-26 22:29:03,202 | [33] | DefaultLogger | INFO  - Parameter: Name: @UserName, Direction: In, DataType: String, Value: MLI, Size: -1
2017-12-26 22:29:03,208 | [33] | DefaultLogger | INFO  - Parameter: Name: @Password, Direction: In, DataType: String, Value: pSzNwXpUIzJCzksJOPo62w==, Size: -1
2017-12-26 22:29:03,213 | [33] | DefaultLogger | DEBUG - AddCommandParameters: Completed...
2017-12-26 22:29:03,220 | [33] | DefaultLogger | DEBUG - ExecuteProcedure: Completed...
2017-12-26 22:29:03,226 | [33] | DefaultLogger | DEBUG - Connection closed...
2017-12-26 22:29:53,881 | [24] | DefaultLogger | DEBUG - DefaultDatabaseAccessFactory-> GetAppDatabase : SQLDatabaseAccess class instantiated...
2017-12-26 22:29:53,910 | [24] | DefaultLogger | DEBUG - OpenConnection: Connection object instantiated...
2017-12-26 22:29:53,931 | [24] | DefaultLogger | DEBUG - OpenConnection: Connection opened...
2017-12-26 22:29:53,944 | [24] | DefaultLogger | DEBUG - ExecuteProcedure: Started...
2017-12-26 22:29:53,955 | [24] | DefaultLogger | DEBUG - GetSqlCommand: Started...
2017-12-26 22:29:53,969 | [24] | DefaultLogger | INFO  - GetSqlCommand: Command 'P_Account_VerifyLoginCreds' object created...
2017-12-26 22:29:53,977 | [24] | DefaultLogger | DEBUG - GetSqlCommand: Completed...
2017-12-26 22:29:53,986 | [24] | DefaultLogger | DEBUG - AddCommandParameters: Started...
2017-12-26 22:29:53,992 | [24] | DefaultLogger | INFO  - AddCommandParameters: parameter count - 2
2017-12-26 22:29:53,999 | [24] | DefaultLogger | INFO  - Parameter: Name: @UserName, Direction: In, DataType: String, Value: MLI, Size: -1
2017-12-26 22:29:54,005 | [24] | DefaultLogger | INFO  - Parameter: Name: @Password, Direction: In, DataType: String, Value: pSzNwXpUIzJCzksJOPo62w==, Size: -1
2017-12-26 22:29:54,010 | [24] | DefaultLogger | DEBUG - AddCommandParameters: Completed...
2017-12-26 22:29:54,034 | [24] | DefaultLogger | DEBUG - ExecuteProcedure: Completed...
2017-12-26 22:29:54,041 | [24] | DefaultLogger | DEBUG - Connection closed...
2017-12-26 22:48:48,212 | [36] | DefaultLogger | DEBUG - DefaultDatabaseAccessFactory-> GetAppDatabase : SQLDatabaseAccess class instantiated...
2017-12-26 22:48:48,256 | [36] | DefaultLogger | DEBUG - OpenConnection: Connection object instantiated...
2017-12-26 22:48:49,102 | [36] | DefaultLogger | DEBUG - OpenConnection: Connection opened...
2017-12-26 22:48:49,134 | [36] | DefaultLogger | DEBUG - ExecuteProcedure: Started...
2017-12-26 22:48:49,146 | [36] | DefaultLogger | DEBUG - GetSqlCommand: Started...
2017-12-26 22:48:49,157 | [36] | DefaultLogger | INFO  - GetSqlCommand: Command 'P_Account_VerifyLoginCreds' object created...
2017-12-26 22:48:49,169 | [36] | DefaultLogger | DEBUG - GetSqlCommand: Completed...
2017-12-26 22:48:49,183 | [36] | DefaultLogger | DEBUG - AddCommandParameters: Started...
2017-12-26 22:48:49,195 | [36] | DefaultLogger | INFO  - AddCommandParameters: parameter count - 2
2017-12-26 22:48:49,207 | [36] | DefaultLogger | INFO  - Parameter: Name: @UserName, Direction: In, DataType: String, Value: MLI, Size: -1
2017-12-26 22:48:49,221 | [36] | DefaultLogger | INFO  - Parameter: Name: @Password, Direction: In, DataType: String, Value: pSzNwXpUIzJCzksJOPo62w==, Size: -1
2017-12-26 22:48:49,234 | [36] | DefaultLogger | DEBUG - AddCommandParameters: Completed...
2017-12-26 22:48:49,300 | [36] | DefaultLogger | DEBUG - ExecuteProcedure: Completed...
2017-12-26 22:48:49,313 | [36] | DefaultLogger | DEBUG - Connection closed...
2017-12-26 22:48:55,681 | [39] | DefaultLogger | DEBUG - DefaultDatabaseAccessFactory-> GetAppDatabase : SQLDatabaseAccess class instantiated...
2017-12-26 22:48:55,690 | [39] | DefaultLogger | DEBUG - OpenConnection: Connection object instantiated...
2017-12-26 22:48:55,705 | [39] | DefaultLogger | DEBUG - OpenConnection: Connection opened...
2017-12-26 22:48:55,716 | [39] | DefaultLogger | DEBUG - ExecuteProcedure: Started...
2017-12-26 22:48:55,723 | [39] | DefaultLogger | DEBUG - GetSqlCommand: Started...
2017-12-26 22:48:55,729 | [39] | DefaultLogger | INFO  - GetSqlCommand: Command 'P_Buyer_GetBuyerList' object created...
2017-12-26 22:48:55,737 | [39] | DefaultLogger | DEBUG - GetSqlCommand: Completed...
2017-12-26 22:48:55,746 | [39] | DefaultLogger | DEBUG - AddCommandParameters: Started...
2017-12-26 22:48:55,752 | [39] | DefaultLogger | INFO  - AddCommandParameters: parameter count - 6
2017-12-26 22:48:55,759 | [39] | DefaultLogger | INFO  - Parameter: Name: @ClientID, Direction: In, DataType: Int, Value: 162236, Size: -1
2017-12-26 22:48:55,765 | [39] | DefaultLogger | INFO  - Parameter: Name: @StartIndex, Direction: In, DataType: Int, Value: 1, Size: -1
2017-12-26 22:48:55,770 | [39] | DefaultLogger | INFO  - Parameter: Name: @PageSize, Direction: In, DataType: Int, Value: 2, Size: -1
2017-12-26 22:48:55,775 | [39] | DefaultLogger | INFO  - Parameter: Name: @BuyerCode, Direction: In, DataType: String, Value: , Size: 20
2017-12-26 22:48:55,780 | [39] | DefaultLogger | INFO  - Parameter: Name: @FirstName, Direction: In, DataType: String, Value: , Size: 100
2017-12-26 22:48:55,785 | [39] | DefaultLogger | INFO  - Parameter: Name: @LastName, Direction: In, DataType: String, Value: , Size: 100
2017-12-26 22:48:55,790 | [39] | DefaultLogger | DEBUG - AddCommandParameters: Completed...
2017-12-26 22:48:55,842 | [39] | DefaultLogger | DEBUG - ExecuteProcedure: Completed...
2017-12-26 22:48:55,849 | [39] | DefaultLogger | DEBUG - Connection closed...
2017-12-26 23:01:19,791 | [37] | DefaultLogger | DEBUG - DefaultDatabaseAccessFactory-> GetAppDatabase : SQLDatabaseAccess class instantiated...
2017-12-26 23:01:19,804 | [37] | DefaultLogger | DEBUG - OpenConnection: Connection object instantiated...
2017-12-26 23:01:20,000 | [37] | DefaultLogger | DEBUG - OpenConnection: Connection opened...
2017-12-26 23:01:20,005 | [37] | DefaultLogger | DEBUG - ExecuteProcedure: Started...
2017-12-26 23:01:20,010 | [37] | DefaultLogger | DEBUG - GetSqlCommand: Started...
2017-12-26 23:01:20,015 | [37] | DefaultLogger | INFO  - GetSqlCommand: Command 'P_Account_VerifyLoginCreds' object created...
2017-12-26 23:01:20,020 | [37] | DefaultLogger | DEBUG - GetSqlCommand: Completed...
2017-12-26 23:01:20,025 | [37] | DefaultLogger | DEBUG - AddCommandParameters: Started...
2017-12-26 23:01:20,030 | [37] | DefaultLogger | INFO  - AddCommandParameters: parameter count - 2
2017-12-26 23:01:20,036 | [37] | DefaultLogger | INFO  - Parameter: Name: @UserName, Direction: In, DataType: String, Value: mli, Size: -1
2017-12-26 23:01:20,040 | [37] | DefaultLogger | INFO  - Parameter: Name: @Password, Direction: In, DataType: String, Value: pSzNwXpUIzJCzksJOPo62w==, Size: -1
2017-12-26 23:01:20,046 | [37] | DefaultLogger | DEBUG - AddCommandParameters: Completed...
2017-12-26 23:01:20,078 | [37] | DefaultLogger | DEBUG - ExecuteProcedure: Completed...
2017-12-26 23:01:20,083 | [37] | DefaultLogger | DEBUG - Connection closed...
