2017-12-28 09:58:59,269 | [64] | DefaultLogger | DEBUG - DefaultDatabaseAccessFactory-> GetAppDatabase : SQLDatabaseAccess class instantiated...
2017-12-28 09:58:59,281 | [64] | DefaultLogger | DEBUG - OpenConnection: Connection object instantiated...
2017-12-28 09:58:59,445 | [64] | DefaultLogger | DEBUG - OpenConnection: Connection opened...
2017-12-28 09:58:59,456 | [64] | DefaultLogger | DEBUG - ExecuteProcedure: Started...
2017-12-28 09:58:59,465 | [64] | DefaultLogger | DEBUG - GetSqlCommand: Started...
2017-12-28 09:58:59,475 | [64] | DefaultLogger | INFO  - GetSqlCommand: Command 'P_Account_VerifyLoginCreds' object created...
2017-12-28 09:58:59,485 | [64] | DefaultLogger | DEBUG - GetSqlCommand: Completed...
2017-12-28 09:58:59,494 | [64] | DefaultLogger | DEBUG - AddCommandParameters: Started...
2017-12-28 09:58:59,506 | [64] | DefaultLogger | INFO  - AddCommandParameters: parameter count - 2
2017-12-28 09:58:59,516 | [64] | DefaultLogger | INFO  - Parameter: Name: @UserName, Direction: In, DataType: String, Value: MLI, Size: -1
2017-12-28 09:58:59,526 | [64] | DefaultLogger | INFO  - Parameter: Name: @Password, Direction: In, DataType: String, Value: pSzNwXpUIzJCzksJOPo62w==, Size: -1
2017-12-28 09:58:59,537 | [64] | DefaultLogger | DEBUG - AddCommandParameters: Completed...
2017-12-28 09:58:59,602 | [64] | DefaultLogger | DEBUG - ExecuteProcedure: Completed...
2017-12-28 09:58:59,614 | [64] | DefaultLogger | DEBUG - Connection closed...
2017-12-28 10:01:23,413 | [63] | DefaultLogger | DEBUG - DefaultDatabaseAccessFactory-> GetAppDatabase : SQLDatabaseAccess class instantiated...
2017-12-28 10:01:23,426 | [63] | DefaultLogger | DEBUG - OpenConnection: Connection object instantiated...
2017-12-28 10:01:23,439 | [63] | DefaultLogger | DEBUG - OpenConnection: Connection opened...
2017-12-28 10:01:23,453 | [63] | DefaultLogger | DEBUG - ExecuteProcedure: Started...
2017-12-28 10:01:23,469 | [63] | DefaultLogger | DEBUG - GetSqlCommand: Started...
2017-12-28 10:01:23,476 | [63] | DefaultLogger | INFO  - GetSqlCommand: Command 'P_Account_VerifyLoginCreds' object created...
2017-12-28 10:01:23,487 | [63] | DefaultLogger | DEBUG - GetSqlCommand: Completed...
2017-12-28 10:01:23,493 | [63] | DefaultLogger | DEBUG - AddCommandParameters: Started...
2017-12-28 10:01:23,504 | [63] | DefaultLogger | INFO  - AddCommandParameters: parameter count - 2
2017-12-28 10:01:23,510 | [63] | DefaultLogger | INFO  - Parameter: Name: @UserName, Direction: In, DataType: String, Value: MLI, Size: -1
2017-12-28 10:01:23,517 | [63] | DefaultLogger | INFO  - Parameter: Name: @Password, Direction: In, DataType: String, Value: pSzNwXpUIzJCzksJOPo62w==, Size: -1
2017-12-28 10:01:23,523 | [63] | DefaultLogger | DEBUG - AddCommandParameters: Completed...
2017-12-28 10:01:23,538 | [63] | DefaultLogger | DEBUG - ExecuteProcedure: Completed...
2017-12-28 10:01:23,544 | [63] | DefaultLogger | DEBUG - Connection closed...
2017-12-28 10:04:44,813 | [61] | DefaultLogger | DEBUG - DefaultDatabaseAccessFactory-> GetAppDatabase : SQLDatabaseAccess class instantiated...
2017-12-28 10:04:44,835 | [61] | DefaultLogger | DEBUG - OpenConnection: Connection object instantiated...
2017-12-28 10:04:44,847 | [61] | DefaultLogger | DEBUG - OpenConnection: Connection opened...
2017-12-28 10:04:44,857 | [61] | DefaultLogger | DEBUG - ExecuteProcedure: Started...
2017-12-28 10:04:44,866 | [61] | DefaultLogger | DEBUG - GetSqlCommand: Started...
2017-12-28 10:04:44,877 | [61] | DefaultLogger | INFO  - GetSqlCommand: Command 'P_Account_VerifyLoginCreds' object created...
2017-12-28 10:04:44,887 | [61] | DefaultLogger | DEBUG - GetSqlCommand: Completed...
2017-12-28 10:04:44,896 | [61] | DefaultLogger | DEBUG - AddCommandParameters: Started...
2017-12-28 10:04:44,904 | [61] | DefaultLogger | INFO  - AddCommandParameters: parameter count - 2
2017-12-28 10:04:44,912 | [61] | DefaultLogger | INFO  - Parameter: Name: @UserName, Direction: In, DataType: String, Value: MLI, Size: -1
2017-12-28 10:04:44,922 | [61] | DefaultLogger | INFO  - Parameter: Name: @Password, Direction: In, DataType: String, Value: pSzNwXpUIzJCzksJOPo62w==, Size: -1
2017-12-28 10:04:44,929 | [61] | DefaultLogger | DEBUG - AddCommandParameters: Completed...
2017-12-28 10:04:44,942 | [61] | DefaultLogger | DEBUG - ExecuteProcedure: Completed...
2017-12-28 10:04:44,951 | [61] | DefaultLogger | DEBUG - Connection closed...
2017-12-28 10:47:04,713 | [1] | DefaultLogger | DEBUG - EncryptionKey key has been set...
2017-12-28 10:47:04,734 | [1] | DefaultLogger | DEBUG - AutoMapper settings started...
2017-12-28 10:47:05,468 | [1] | DefaultLogger | DEBUG - AutoMapper settings initialized...
2017-12-28 10:47:05,502 | [1] | DefaultLogger | DEBUG - AutoMapper settings validated...
2017-12-28 10:49:22,883 | [8] | DefaultLogger | DEBUG - DefaultDatabaseAccessFactory-> GetAppDatabase : SQLDatabaseAccess class instantiated...
2017-12-28 10:49:22,934 | [8] | DefaultLogger | DEBUG - OpenConnection: Connection object instantiated...
2017-12-28 10:49:22,986 | [8] | DefaultLogger | DEBUG - OpenConnection: Connection opened...
2017-12-28 10:49:23,002 | [8] | DefaultLogger | DEBUG - ExecuteProcedure: Started...
2017-12-28 10:49:23,017 | [8] | DefaultLogger | DEBUG - GetSqlCommand: Started...
2017-12-28 10:49:23,030 | [8] | DefaultLogger | INFO  - GetSqlCommand: Command 'P_Buyer_BuyerTypeList' object created...
2017-12-28 10:49:23,045 | [8] | DefaultLogger | DEBUG - GetSqlCommand: Completed...
2017-12-28 10:49:23,060 | [8] | DefaultLogger | DEBUG - AddCommandParameters: Started...
2017-12-28 10:49:23,074 | [8] | DefaultLogger | DEBUG - AddCommandParameters: Completed...
2017-12-28 10:49:23,170 | [8] | DefaultLogger | DEBUG - ExecuteProcedure: Completed...
2017-12-28 10:49:23,189 | [8] | DefaultLogger | DEBUG - Connection closed...
2017-12-28 10:55:05,654 | [10] | DefaultLogger | DEBUG - DefaultDatabaseAccessFactory-> GetAppDatabase : SQLDatabaseAccess class instantiated...
2017-12-28 10:55:05,663 | [10] | DefaultLogger | DEBUG - OpenConnection: Connection object instantiated...
2017-12-28 10:55:05,670 | [10] | DefaultLogger | DEBUG - OpenConnection: Connection opened...
2017-12-28 10:55:05,685 | [10] | DefaultLogger | DEBUG - ExecuteProcedure: Started...
2017-12-28 10:55:05,704 | [10] | DefaultLogger | DEBUG - GetSqlCommand: Started...
2017-12-28 10:55:05,717 | [10] | DefaultLogger | INFO  - GetSqlCommand: Command 'P_Buyer_BuyerTypeList' object created...
2017-12-28 10:55:05,732 | [10] | DefaultLogger | DEBUG - GetSqlCommand: Completed...
2017-12-28 10:55:05,746 | [10] | DefaultLogger | DEBUG - AddCommandParameters: Started...
2017-12-28 10:55:05,754 | [10] | DefaultLogger | DEBUG - AddCommandParameters: Completed...
2017-12-28 10:55:05,765 | [10] | DefaultLogger | DEBUG - ExecuteProcedure: Completed...
2017-12-28 10:55:05,774 | [10] | DefaultLogger | DEBUG - Connection closed...
2017-12-28 10:57:13,228 | [9] | DefaultLogger | DEBUG - DefaultDatabaseAccessFactory-> GetAppDatabase : SQLDatabaseAccess class instantiated...
2017-12-28 10:57:13,235 | [9] | DefaultLogger | DEBUG - OpenConnection: Connection object instantiated...
2017-12-28 10:57:13,241 | [9] | DefaultLogger | DEBUG - OpenConnection: Connection opened...
2017-12-28 10:57:13,253 | [9] | DefaultLogger | DEBUG - ExecuteProcedure: Started...
2017-12-28 10:57:13,268 | [9] | DefaultLogger | DEBUG - GetSqlCommand: Started...
2017-12-28 10:57:13,290 | [9] | DefaultLogger | INFO  - GetSqlCommand: Command 'P_Buyer_BuyerTypeList' object created...
2017-12-28 10:57:13,314 | [9] | DefaultLogger | DEBUG - GetSqlCommand: Completed...
2017-12-28 10:57:13,324 | [9] | DefaultLogger | DEBUG - AddCommandParameters: Started...
2017-12-28 10:57:13,335 | [9] | DefaultLogger | DEBUG - AddCommandParameters: Completed...
2017-12-28 10:57:13,347 | [9] | DefaultLogger | DEBUG - ExecuteProcedure: Completed...
2017-12-28 10:57:13,356 | [9] | DefaultLogger | DEBUG - Connection closed...
2017-12-28 10:57:29,589 | [8] | DefaultLogger | DEBUG - DefaultDatabaseAccessFactory-> GetAppDatabase : SQLDatabaseAccess class instantiated...
2017-12-28 10:57:29,597 | [8] | DefaultLogger | DEBUG - OpenConnection: Connection object instantiated...
2017-12-28 10:57:29,603 | [8] | DefaultLogger | DEBUG - OpenConnection: Connection opened...
2017-12-28 10:57:29,612 | [8] | DefaultLogger | DEBUG - ExecuteProcedure: Started...
2017-12-28 10:57:29,620 | [8] | DefaultLogger | DEBUG - GetSqlCommand: Started...
2017-12-28 10:57:29,630 | [8] | DefaultLogger | INFO  - GetSqlCommand: Command 'P_Buyer_BuyerTypeList' object created...
2017-12-28 10:57:29,640 | [8] | DefaultLogger | DEBUG - GetSqlCommand: Completed...
2017-12-28 10:57:29,651 | [8] | DefaultLogger | DEBUG - AddCommandParameters: Started...
2017-12-28 10:57:29,661 | [8] | DefaultLogger | DEBUG - AddCommandParameters: Completed...
2017-12-28 10:57:29,669 | [8] | DefaultLogger | DEBUG - ExecuteProcedure: Completed...
2017-12-28 10:57:29,679 | [8] | DefaultLogger | DEBUG - Connection closed...
2017-12-28 10:57:34,348 | [9] | DefaultLogger | DEBUG - DefaultDatabaseAccessFactory-> GetAppDatabase : SQLDatabaseAccess class instantiated...
2017-12-28 10:57:34,356 | [9] | DefaultLogger | DEBUG - OpenConnection: Connection object instantiated...
2017-12-28 10:57:34,366 | [9] | DefaultLogger | DEBUG - OpenConnection: Connection opened...
2017-12-28 10:57:34,375 | [9] | DefaultLogger | DEBUG - ExecuteProcedure: Started...
2017-12-28 10:57:34,387 | [9] | DefaultLogger | DEBUG - GetSqlCommand: Started...
2017-12-28 10:57:34,399 | [9] | DefaultLogger | INFO  - GetSqlCommand: Command 'P_Buyer_BuyerTypeList' object created...
2017-12-28 10:57:34,421 | [9] | DefaultLogger | DEBUG - GetSqlCommand: Completed...
2017-12-28 10:57:34,430 | [9] | DefaultLogger | DEBUG - AddCommandParameters: Started...
2017-12-28 10:57:34,438 | [9] | DefaultLogger | DEBUG - AddCommandParameters: Completed...
2017-12-28 10:57:34,455 | [9] | DefaultLogger | DEBUG - ExecuteProcedure: Completed...
2017-12-28 10:57:34,472 | [9] | DefaultLogger | DEBUG - Connection closed...
2017-12-28 10:58:02,778 | [9] | DefaultLogger | DEBUG - DefaultDatabaseAccessFactory-> GetAppDatabase : SQLDatabaseAccess class instantiated...
2017-12-28 10:58:02,788 | [9] | DefaultLogger | DEBUG - OpenConnection: Connection object instantiated...
2017-12-28 10:58:02,798 | [9] | DefaultLogger | DEBUG - OpenConnection: Connection opened...
2017-12-28 10:58:02,808 | [9] | DefaultLogger | DEBUG - ExecuteProcedure: Started...
2017-12-28 10:58:02,821 | [9] | DefaultLogger | DEBUG - GetSqlCommand: Started...
2017-12-28 10:58:02,842 | [9] | DefaultLogger | INFO  - GetSqlCommand: Command 'P_Buyer_BuyerTypeList' object created...
2017-12-28 10:58:02,856 | [9] | DefaultLogger | DEBUG - GetSqlCommand: Completed...
2017-12-28 10:58:02,865 | [9] | DefaultLogger | DEBUG - AddCommandParameters: Started...
2017-12-28 10:58:02,875 | [9] | DefaultLogger | DEBUG - AddCommandParameters: Completed...
2017-12-28 10:58:02,887 | [9] | DefaultLogger | DEBUG - ExecuteProcedure: Completed...
2017-12-28 10:58:02,896 | [9] | DefaultLogger | DEBUG - Connection closed...
2017-12-28 10:58:45,447 | [8] | DefaultLogger | DEBUG - DefaultDatabaseAccessFactory-> GetAppDatabase : SQLDatabaseAccess class instantiated...
2017-12-28 10:58:45,456 | [8] | DefaultLogger | DEBUG - OpenConnection: Connection object instantiated...
2017-12-28 10:58:45,468 | [8] | DefaultLogger | DEBUG - OpenConnection: Connection opened...
2017-12-28 10:58:45,478 | [8] | DefaultLogger | DEBUG - ExecuteProcedure: Started...
2017-12-28 10:58:45,487 | [8] | DefaultLogger | DEBUG - GetSqlCommand: Started...
2017-12-28 10:58:45,497 | [8] | DefaultLogger | INFO  - GetSqlCommand: Command 'P_Buyer_BuyerTypeList' object created...
2017-12-28 10:58:45,511 | [8] | DefaultLogger | DEBUG - GetSqlCommand: Completed...
2017-12-28 10:58:45,522 | [8] | DefaultLogger | DEBUG - AddCommandParameters: Started...
2017-12-28 10:58:45,536 | [8] | DefaultLogger | DEBUG - AddCommandParameters: Completed...
2017-12-28 10:58:45,547 | [8] | DefaultLogger | DEBUG - ExecuteProcedure: Completed...
2017-12-28 10:58:45,553 | [8] | DefaultLogger | DEBUG - Connection closed...
2017-12-28 10:59:39,941 | [7] | DefaultLogger | DEBUG - DefaultDatabaseAccessFactory-> GetAppDatabase : SQLDatabaseAccess class instantiated...
2017-12-28 10:59:39,951 | [7] | DefaultLogger | DEBUG - OpenConnection: Connection object instantiated...
2017-12-28 10:59:39,961 | [7] | DefaultLogger | DEBUG - OpenConnection: Connection opened...
2017-12-28 10:59:39,971 | [7] | DefaultLogger | DEBUG - ExecuteProcedure: Started...
2017-12-28 10:59:39,986 | [7] | DefaultLogger | DEBUG - GetSqlCommand: Started...
2017-12-28 10:59:39,998 | [7] | DefaultLogger | INFO  - GetSqlCommand: Command 'P_Buyer_BuyerTypeList' object created...
2017-12-28 10:59:40,010 | [7] | DefaultLogger | DEBUG - GetSqlCommand: Completed...
2017-12-28 10:59:40,023 | [7] | DefaultLogger | DEBUG - AddCommandParameters: Started...
2017-12-28 10:59:40,034 | [7] | DefaultLogger | DEBUG - AddCommandParameters: Completed...
2017-12-28 10:59:40,050 | [7] | DefaultLogger | DEBUG - ExecuteProcedure: Completed...
2017-12-28 10:59:40,059 | [7] | DefaultLogger | DEBUG - Connection closed...
2017-12-28 11:00:11,001 | [4] | DefaultLogger | DEBUG - DefaultDatabaseAccessFactory-> GetAppDatabase : SQLDatabaseAccess class instantiated...
2017-12-28 11:00:11,012 | [4] | DefaultLogger | DEBUG - OpenConnection: Connection object instantiated...
2017-12-28 11:00:11,020 | [4] | DefaultLogger | DEBUG - OpenConnection: Connection opened...
2017-12-28 11:00:11,030 | [4] | DefaultLogger | DEBUG - ExecuteProcedure: Started...
2017-12-28 11:00:11,040 | [4] | DefaultLogger | DEBUG - GetSqlCommand: Started...
2017-12-28 11:00:11,050 | [4] | DefaultLogger | INFO  - GetSqlCommand: Command 'P_Buyer_BuyerTypeList' object created...
2017-12-28 11:00:11,061 | [4] | DefaultLogger | DEBUG - GetSqlCommand: Completed...
2017-12-28 11:00:11,073 | [4] | DefaultLogger | DEBUG - AddCommandParameters: Started...
2017-12-28 11:00:11,083 | [4] | DefaultLogger | DEBUG - AddCommandParameters: Completed...
2017-12-28 11:00:11,097 | [4] | DefaultLogger | DEBUG - ExecuteProcedure: Completed...
2017-12-28 11:00:11,130 | [4] | DefaultLogger | DEBUG - Connection closed...
2017-12-28 11:01:24,167 | [4] | DefaultLogger | DEBUG - DefaultDatabaseAccessFactory-> GetAppDatabase : SQLDatabaseAccess class instantiated...
2017-12-28 11:01:24,176 | [4] | DefaultLogger | DEBUG - OpenConnection: Connection object instantiated...
2017-12-28 11:01:24,184 | [4] | DefaultLogger | DEBUG - OpenConnection: Connection opened...
2017-12-28 11:01:24,194 | [4] | DefaultLogger | DEBUG - ExecuteProcedure: Started...
2017-12-28 11:01:24,203 | [4] | DefaultLogger | DEBUG - GetSqlCommand: Started...
2017-12-28 11:01:24,214 | [4] | DefaultLogger | INFO  - GetSqlCommand: Command 'P_Buyer_BuyerTypeList' object created...
2017-12-28 11:01:24,226 | [4] | DefaultLogger | DEBUG - GetSqlCommand: Completed...
2017-12-28 11:01:24,245 | [4] | DefaultLogger | DEBUG - AddCommandParameters: Started...
2017-12-28 11:01:24,254 | [4] | DefaultLogger | DEBUG - AddCommandParameters: Completed...
2017-12-28 11:01:24,263 | [4] | DefaultLogger | DEBUG - ExecuteProcedure: Completed...
2017-12-28 11:01:24,270 | [4] | DefaultLogger | DEBUG - Connection closed...
2017-12-28 11:02:22,827 | [4] | DefaultLogger | DEBUG - DefaultDatabaseAccessFactory-> GetAppDatabase : SQLDatabaseAccess class instantiated...
2017-12-28 11:02:22,840 | [4] | DefaultLogger | DEBUG - OpenConnection: Connection object instantiated...
2017-12-28 11:02:22,852 | [4] | DefaultLogger | DEBUG - OpenConnection: Connection opened...
2017-12-28 11:02:22,863 | [4] | DefaultLogger | DEBUG - ExecuteProcedure: Started...
2017-12-28 11:02:22,886 | [4] | DefaultLogger | DEBUG - GetSqlCommand: Started...
2017-12-28 11:02:22,905 | [4] | DefaultLogger | INFO  - GetSqlCommand: Command 'P_Buyer_BuyerTypeList' object created...
2017-12-28 11:02:22,915 | [4] | DefaultLogger | DEBUG - GetSqlCommand: Completed...
2017-12-28 11:02:22,942 | [4] | DefaultLogger | DEBUG - AddCommandParameters: Started...
2017-12-28 11:02:22,951 | [4] | DefaultLogger | DEBUG - AddCommandParameters: Completed...
2017-12-28 11:02:22,975 | [4] | DefaultLogger | DEBUG - ExecuteProcedure: Completed...
2017-12-28 11:02:22,984 | [4] | DefaultLogger | DEBUG - Connection closed...
2017-12-28 11:04:16,166 | [20] | DefaultLogger | DEBUG - DefaultDatabaseAccessFactory-> GetAppDatabase : SQLDatabaseAccess class instantiated...
2017-12-28 11:04:16,174 | [20] | DefaultLogger | DEBUG - OpenConnection: Connection object instantiated...
2017-12-28 11:04:16,184 | [20] | DefaultLogger | DEBUG - OpenConnection: Connection opened...
2017-12-28 11:04:16,193 | [20] | DefaultLogger | DEBUG - ExecuteProcedure: Started...
2017-12-28 11:04:16,211 | [20] | DefaultLogger | DEBUG - GetSqlCommand: Started...
2017-12-28 11:04:16,227 | [20] | DefaultLogger | INFO  - GetSqlCommand: Command 'P_Buyer_BuyerTypeList' object created...
2017-12-28 11:04:16,241 | [20] | DefaultLogger | DEBUG - GetSqlCommand: Completed...
2017-12-28 11:04:16,253 | [20] | DefaultLogger | DEBUG - AddCommandParameters: Started...
2017-12-28 11:04:16,267 | [20] | DefaultLogger | DEBUG - AddCommandParameters: Completed...
2017-12-28 11:04:16,282 | [20] | DefaultLogger | DEBUG - ExecuteProcedure: Completed...
2017-12-28 11:04:16,291 | [20] | DefaultLogger | DEBUG - Connection closed...
2017-12-28 11:04:55,380 | [21] | DefaultLogger | DEBUG - DefaultDatabaseAccessFactory-> GetAppDatabase : SQLDatabaseAccess class instantiated...
2017-12-28 11:04:55,389 | [21] | DefaultLogger | DEBUG - OpenConnection: Connection object instantiated...
2017-12-28 11:04:55,397 | [21] | DefaultLogger | DEBUG - OpenConnection: Connection opened...
2017-12-28 11:04:55,407 | [21] | DefaultLogger | DEBUG - ExecuteProcedure: Started...
2017-12-28 11:04:55,416 | [21] | DefaultLogger | DEBUG - GetSqlCommand: Started...
2017-12-28 11:04:55,428 | [21] | DefaultLogger | INFO  - GetSqlCommand: Command 'P_Buyer_BuyerTypeList' object created...
2017-12-28 11:04:55,442 | [21] | DefaultLogger | DEBUG - GetSqlCommand: Completed...
2017-12-28 11:04:55,456 | [21] | DefaultLogger | DEBUG - AddCommandParameters: Started...
2017-12-28 11:04:55,466 | [21] | DefaultLogger | DEBUG - AddCommandParameters: Completed...
2017-12-28 11:04:55,478 | [21] | DefaultLogger | DEBUG - ExecuteProcedure: Completed...
2017-12-28 11:04:55,485 | [21] | DefaultLogger | DEBUG - Connection closed...
2017-12-28 11:05:33,828 | [24] | DefaultLogger | DEBUG - DefaultDatabaseAccessFactory-> GetAppDatabase : SQLDatabaseAccess class instantiated...
2017-12-28 11:05:33,837 | [24] | DefaultLogger | DEBUG - OpenConnection: Connection object instantiated...
2017-12-28 11:05:33,844 | [24] | DefaultLogger | DEBUG - OpenConnection: Connection opened...
2017-12-28 11:05:33,854 | [24] | DefaultLogger | DEBUG - ExecuteProcedure: Started...
2017-12-28 11:05:33,864 | [24] | DefaultLogger | DEBUG - GetSqlCommand: Started...
2017-12-28 11:05:33,873 | [24] | DefaultLogger | INFO  - GetSqlCommand: Command 'P_Buyer_BuyerTypeList' object created...
2017-12-28 11:05:33,886 | [24] | DefaultLogger | DEBUG - GetSqlCommand: Completed...
2017-12-28 11:05:33,900 | [24] | DefaultLogger | DEBUG - AddCommandParameters: Started...
2017-12-28 11:05:33,916 | [24] | DefaultLogger | DEBUG - AddCommandParameters: Completed...
2017-12-28 11:05:33,952 | [24] | DefaultLogger | DEBUG - ExecuteProcedure: Completed...
2017-12-28 11:05:33,964 | [24] | DefaultLogger | DEBUG - Connection closed...
2017-12-28 11:05:56,190 | [21] | DefaultLogger | DEBUG - DefaultDatabaseAccessFactory-> GetAppDatabase : SQLDatabaseAccess class instantiated...
2017-12-28 11:05:56,199 | [21] | DefaultLogger | DEBUG - OpenConnection: Connection object instantiated...
2017-12-28 11:05:56,209 | [21] | DefaultLogger | DEBUG - OpenConnection: Connection opened...
2017-12-28 11:05:56,217 | [21] | DefaultLogger | DEBUG - ExecuteProcedure: Started...
2017-12-28 11:05:56,227 | [21] | DefaultLogger | DEBUG - GetSqlCommand: Started...
2017-12-28 11:05:56,238 | [21] | DefaultLogger | INFO  - GetSqlCommand: Command 'P_Buyer_BuyerTypeList' object created...
2017-12-28 11:05:56,254 | [21] | DefaultLogger | DEBUG - GetSqlCommand: Completed...
2017-12-28 11:05:56,267 | [21] | DefaultLogger | DEBUG - AddCommandParameters: Started...
2017-12-28 11:05:56,282 | [21] | DefaultLogger | DEBUG - AddCommandParameters: Completed...
2017-12-28 11:05:56,294 | [21] | DefaultLogger | DEBUG - ExecuteProcedure: Completed...
2017-12-28 11:05:56,302 | [21] | DefaultLogger | DEBUG - Connection closed...
2017-12-28 11:08:33,388 | [24] | DefaultLogger | DEBUG - DefaultDatabaseAccessFactory-> GetAppDatabase : SQLDatabaseAccess class instantiated...
2017-12-28 11:08:33,407 | [24] | DefaultLogger | DEBUG - OpenConnection: Connection object instantiated...
2017-12-28 11:08:33,438 | [24] | DefaultLogger | DEBUG - OpenConnection: Connection opened...
2017-12-28 11:08:33,447 | [24] | DefaultLogger | DEBUG - ExecuteProcedure: Started...
2017-12-28 11:08:33,458 | [24] | DefaultLogger | DEBUG - GetSqlCommand: Started...
2017-12-28 11:08:33,474 | [24] | DefaultLogger | INFO  - GetSqlCommand: Command 'P_Buyer_BuyerTypeList' object created...
2017-12-28 11:08:33,488 | [24] | DefaultLogger | DEBUG - GetSqlCommand: Completed...
2017-12-28 11:08:33,499 | [24] | DefaultLogger | DEBUG - AddCommandParameters: Started...
2017-12-28 11:08:33,510 | [24] | DefaultLogger | DEBUG - AddCommandParameters: Completed...
2017-12-28 11:08:33,520 | [28] | DefaultLogger | DEBUG - DefaultDatabaseAccessFactory-> GetAppDatabase : SQLDatabaseAccess class instantiated...
2017-12-28 11:08:33,538 | [28] | DefaultLogger | DEBUG - OpenConnection: Connection object instantiated...
2017-12-28 11:08:33,540 | [24] | DefaultLogger | DEBUG - ExecuteProcedure: Completed...
2017-12-28 11:08:33,569 | [24] | DefaultLogger | DEBUG - Connection closed...
2017-12-28 11:08:33,590 | [28] | DefaultLogger | DEBUG - OpenConnection: Connection opened...
2017-12-28 11:08:33,633 | [28] | DefaultLogger | DEBUG - ExecuteProcedure: Started...
2017-12-28 11:08:33,662 | [28] | DefaultLogger | DEBUG - GetSqlCommand: Started...
2017-12-28 11:08:33,672 | [28] | DefaultLogger | INFO  - GetSqlCommand: Command 'P_Buyer_BuyerTypeList' object created...
2017-12-28 11:08:33,683 | [28] | DefaultLogger | DEBUG - GetSqlCommand: Completed...
2017-12-28 11:08:33,696 | [28] | DefaultLogger | DEBUG - AddCommandParameters: Started...
2017-12-28 11:08:33,715 | [28] | DefaultLogger | DEBUG - AddCommandParameters: Completed...
2017-12-28 11:08:33,777 | [28] | DefaultLogger | DEBUG - ExecuteProcedure: Completed...
2017-12-28 11:08:33,793 | [28] | DefaultLogger | DEBUG - Connection closed...
2017-12-28 11:09:48,542 | [25] | DefaultLogger | DEBUG - DefaultDatabaseAccessFactory-> GetAppDatabase : SQLDatabaseAccess class instantiated...
2017-12-28 11:09:48,555 | [25] | DefaultLogger | DEBUG - OpenConnection: Connection object instantiated...
2017-12-28 11:09:48,570 | [25] | DefaultLogger | DEBUG - OpenConnection: Connection opened...
2017-12-28 11:09:48,603 | [25] | DefaultLogger | DEBUG - ExecuteProcedure: Started...
2017-12-28 11:09:48,620 | [25] | DefaultLogger | DEBUG - GetSqlCommand: Started...
2017-12-28 11:09:48,636 | [25] | DefaultLogger | INFO  - GetSqlCommand: Command 'P_Account_VerifyLoginCreds' object created...
2017-12-28 11:09:48,651 | [25] | DefaultLogger | DEBUG - GetSqlCommand: Completed...
2017-12-28 11:09:48,665 | [25] | DefaultLogger | DEBUG - AddCommandParameters: Started...
2017-12-28 11:09:48,677 | [25] | DefaultLogger | INFO  - AddCommandParameters: parameter count - 2
2017-12-28 11:09:48,690 | [25] | DefaultLogger | INFO  - Parameter: Name: @UserName, Direction: In, DataType: String, Value: MLI, Size: -1
2017-12-28 11:09:48,703 | [25] | DefaultLogger | INFO  - Parameter: Name: @Password, Direction: In, DataType: String, Value: pSzNwXpUIzJCzksJOPo62w==, Size: -1
2017-12-28 11:09:48,715 | [25] | DefaultLogger | DEBUG - AddCommandParameters: Completed...
2017-12-28 11:09:48,782 | [25] | DefaultLogger | DEBUG - ExecuteProcedure: Completed...
2017-12-28 11:09:48,796 | [25] | DefaultLogger | DEBUG - Connection closed...
2017-12-28 11:09:56,920 | [25] | DefaultLogger | DEBUG - DefaultDatabaseAccessFactory-> GetAppDatabase : SQLDatabaseAccess class instantiated...
2017-12-28 11:09:56,927 | [25] | DefaultLogger | DEBUG - OpenConnection: Connection object instantiated...
2017-12-28 11:09:56,935 | [25] | DefaultLogger | DEBUG - OpenConnection: Connection opened...
2017-12-28 11:09:56,944 | [25] | DefaultLogger | DEBUG - ExecuteProcedure: Started...
2017-12-28 11:09:56,956 | [25] | DefaultLogger | DEBUG - GetSqlCommand: Started...
2017-12-28 11:09:56,968 | [25] | DefaultLogger | INFO  - GetSqlCommand: Command 'P_Buyer_BuyerTypeList' object created...
2017-12-28 11:09:56,976 | [25] | DefaultLogger | DEBUG - GetSqlCommand: Completed...
2017-12-28 11:09:56,986 | [25] | DefaultLogger | DEBUG - AddCommandParameters: Started...
2017-12-28 11:09:56,995 | [25] | DefaultLogger | DEBUG - AddCommandParameters: Completed...
2017-12-28 11:09:57,018 | [25] | DefaultLogger | DEBUG - ExecuteProcedure: Completed...
2017-12-28 11:09:57,030 | [25] | DefaultLogger | DEBUG - Connection closed...
2017-12-28 11:10:16,874 | [24] | DefaultLogger | DEBUG - DefaultDatabaseAccessFactory-> GetAppDatabase : SQLDatabaseAccess class instantiated...
2017-12-28 11:10:16,884 | [24] | DefaultLogger | DEBUG - OpenConnection: Connection object instantiated...
2017-12-28 11:10:16,895 | [24] | DefaultLogger | DEBUG - OpenConnection: Connection opened...
2017-12-28 11:10:16,904 | [24] | DefaultLogger | DEBUG - ExecuteProcedure: Started...
2017-12-28 11:10:16,915 | [24] | DefaultLogger | DEBUG - GetSqlCommand: Started...
2017-12-28 11:10:16,925 | [24] | DefaultLogger | INFO  - GetSqlCommand: Command 'P_Buyer_BuyerTypeList' object created...
2017-12-28 11:10:16,938 | [24] | DefaultLogger | DEBUG - GetSqlCommand: Completed...
2017-12-28 11:10:16,950 | [24] | DefaultLogger | DEBUG - AddCommandParameters: Started...
2017-12-28 11:10:16,962 | [24] | DefaultLogger | DEBUG - AddCommandParameters: Completed...
2017-12-28 11:10:16,972 | [24] | DefaultLogger | DEBUG - ExecuteProcedure: Completed...
2017-12-28 11:10:16,981 | [24] | DefaultLogger | DEBUG - Connection closed...
2017-12-28 11:10:32,682 | [25] | DefaultLogger | DEBUG - DefaultDatabaseAccessFactory-> GetAppDatabase : SQLDatabaseAccess class instantiated...
2017-12-28 11:10:32,693 | [25] | DefaultLogger | DEBUG - OpenConnection: Connection object instantiated...
2017-12-28 11:10:32,706 | [25] | DefaultLogger | DEBUG - OpenConnection: Connection opened...
2017-12-28 11:10:32,726 | [25] | DefaultLogger | DEBUG - ExecuteProcedure: Started...
2017-12-28 11:10:32,737 | [25] | DefaultLogger | DEBUG - GetSqlCommand: Started...
2017-12-28 11:10:32,750 | [25] | DefaultLogger | INFO  - GetSqlCommand: Command 'P_Buyer_BuyerTypeList' object created...
2017-12-28 11:10:32,761 | [25] | DefaultLogger | DEBUG - GetSqlCommand: Completed...
2017-12-28 11:10:32,769 | [25] | DefaultLogger | DEBUG - AddCommandParameters: Started...
2017-12-28 11:10:32,780 | [25] | DefaultLogger | DEBUG - AddCommandParameters: Completed...
2017-12-28 11:10:32,794 | [25] | DefaultLogger | DEBUG - ExecuteProcedure: Completed...
2017-12-28 11:10:32,803 | [25] | DefaultLogger | DEBUG - Connection closed...
2017-12-28 11:11:28,763 | [25] | DefaultLogger | DEBUG - DefaultDatabaseAccessFactory-> GetAppDatabase : SQLDatabaseAccess class instantiated...
2017-12-28 11:11:28,772 | [25] | DefaultLogger | DEBUG - OpenConnection: Connection object instantiated...
2017-12-28 11:11:28,782 | [25] | DefaultLogger | DEBUG - OpenConnection: Connection opened...
2017-12-28 11:11:28,789 | [25] | DefaultLogger | DEBUG - ExecuteProcedure: Started...
2017-12-28 11:11:28,797 | [25] | DefaultLogger | DEBUG - GetSqlCommand: Started...
2017-12-28 11:11:28,803 | [25] | DefaultLogger | INFO  - GetSqlCommand: Command 'P_Buyer_GetDetails' object created...
2017-12-28 11:11:28,809 | [25] | DefaultLogger | DEBUG - GetSqlCommand: Completed...
2017-12-28 11:11:28,817 | [25] | DefaultLogger | DEBUG - AddCommandParameters: Started...
2017-12-28 11:11:28,822 | [25] | DefaultLogger | INFO  - AddCommandParameters: parameter count - 2
2017-12-28 11:11:28,830 | [25] | DefaultLogger | INFO  - Parameter: Name: @BuyerID, Direction: In, DataType: Int, Value: 29, Size: -1
2017-12-28 11:11:28,836 | [25] | DefaultLogger | INFO  - Parameter: Name: @ClientID, Direction: In, DataType: Int, Value: 162236, Size: -1
2017-12-28 11:11:28,842 | [25] | DefaultLogger | DEBUG - AddCommandParameters: Completed...
2017-12-28 11:11:28,887 | [25] | DefaultLogger | DEBUG - ExecuteProcedure: Completed...
2017-12-28 11:11:28,901 | [25] | DefaultLogger | DEBUG - Connection closed...
2017-12-28 11:13:05,225 | [28] | DefaultLogger | DEBUG - DefaultDatabaseAccessFactory-> GetAppDatabase : SQLDatabaseAccess class instantiated...
2017-12-28 11:13:05,239 | [28] | DefaultLogger | DEBUG - OpenConnection: Connection object instantiated...
2017-12-28 11:13:05,247 | [28] | DefaultLogger | DEBUG - OpenConnection: Connection opened...
2017-12-28 11:13:05,257 | [28] | DefaultLogger | DEBUG - ExecuteProcedure: Started...
2017-12-28 11:13:05,266 | [28] | DefaultLogger | DEBUG - GetSqlCommand: Started...
2017-12-28 11:13:05,274 | [28] | DefaultLogger | INFO  - GetSqlCommand: Command 'P_Buyer_BuyerTypeList' object created...
2017-12-28 11:13:05,282 | [28] | DefaultLogger | DEBUG - GetSqlCommand: Completed...
2017-12-28 11:13:05,292 | [28] | DefaultLogger | DEBUG - AddCommandParameters: Started...
2017-12-28 11:13:05,303 | [28] | DefaultLogger | DEBUG - AddCommandParameters: Completed...
2017-12-28 11:13:05,316 | [28] | DefaultLogger | DEBUG - ExecuteProcedure: Completed...
2017-12-28 11:13:05,325 | [28] | DefaultLogger | DEBUG - Connection closed...
2017-12-28 11:13:15,036 | [29] | DefaultLogger | DEBUG - DefaultDatabaseAccessFactory-> GetAppDatabase : SQLDatabaseAccess class instantiated...
2017-12-28 11:13:15,042 | [29] | DefaultLogger | DEBUG - OpenConnection: Connection object instantiated...
2017-12-28 11:13:15,052 | [29] | DefaultLogger | DEBUG - OpenConnection: Connection opened...
2017-12-28 11:13:15,058 | [29] | DefaultLogger | DEBUG - ExecuteProcedure: Started...
2017-12-28 11:13:15,066 | [29] | DefaultLogger | DEBUG - GetSqlCommand: Started...
2017-12-28 11:13:15,074 | [29] | DefaultLogger | INFO  - GetSqlCommand: Command 'P_Buyer_BuyerTypeList' object created...
2017-12-28 11:13:15,082 | [29] | DefaultLogger | DEBUG - GetSqlCommand: Completed...
2017-12-28 11:13:15,092 | [29] | DefaultLogger | DEBUG - AddCommandParameters: Started...
2017-12-28 11:13:15,100 | [29] | DefaultLogger | DEBUG - AddCommandParameters: Completed...
2017-12-28 11:13:15,110 | [29] | DefaultLogger | DEBUG - ExecuteProcedure: Completed...
2017-12-28 11:13:15,118 | [29] | DefaultLogger | DEBUG - Connection closed...
2017-12-28 11:15:00,065 | [30] | DefaultLogger | DEBUG - DefaultDatabaseAccessFactory-> GetAppDatabase : SQLDatabaseAccess class instantiated...
2017-12-28 11:15:00,074 | [30] | DefaultLogger | DEBUG - OpenConnection: Connection object instantiated...
2017-12-28 11:15:00,086 | [30] | DefaultLogger | DEBUG - OpenConnection: Connection opened...
2017-12-28 11:15:00,105 | [30] | DefaultLogger | DEBUG - ExecuteProcedure: Started...
2017-12-28 11:15:00,120 | [30] | DefaultLogger | DEBUG - GetSqlCommand: Started...
2017-12-28 11:15:00,136 | [30] | DefaultLogger | INFO  - GetSqlCommand: Command 'P_Buyer_BuyerTypeList' object created...
2017-12-28 11:15:00,148 | [30] | DefaultLogger | DEBUG - GetSqlCommand: Completed...
2017-12-28 11:15:00,158 | [30] | DefaultLogger | DEBUG - AddCommandParameters: Started...
2017-12-28 11:15:00,171 | [30] | DefaultLogger | DEBUG - AddCommandParameters: Completed...
2017-12-28 11:15:00,185 | [30] | DefaultLogger | DEBUG - ExecuteProcedure: Completed...
2017-12-28 11:15:00,201 | [30] | DefaultLogger | DEBUG - Connection closed...
2017-12-28 11:15:06,560 | [30] | DefaultLogger | DEBUG - DefaultDatabaseAccessFactory-> GetAppDatabase : SQLDatabaseAccess class instantiated...
2017-12-28 11:15:06,573 | [30] | DefaultLogger | DEBUG - OpenConnection: Connection object instantiated...
2017-12-28 11:15:06,584 | [30] | DefaultLogger | DEBUG - OpenConnection: Connection opened...
2017-12-28 11:15:06,596 | [30] | DefaultLogger | DEBUG - ExecuteProcedure: Started...
2017-12-28 11:15:06,608 | [30] | DefaultLogger | DEBUG - GetSqlCommand: Started...
2017-12-28 11:15:06,620 | [30] | DefaultLogger | INFO  - GetSqlCommand: Command 'P_Buyer_BuyerTypeList' object created...
2017-12-28 11:15:06,633 | [30] | DefaultLogger | DEBUG - GetSqlCommand: Completed...
2017-12-28 11:15:06,644 | [30] | DefaultLogger | DEBUG - AddCommandParameters: Started...
2017-12-28 11:15:06,651 | [30] | DefaultLogger | DEBUG - AddCommandParameters: Completed...
2017-12-28 11:15:06,661 | [30] | DefaultLogger | DEBUG - ExecuteProcedure: Completed...
2017-12-28 11:15:06,670 | [30] | DefaultLogger | DEBUG - Connection closed...
2017-12-28 11:16:46,420 | [32] | DefaultLogger | DEBUG - DefaultDatabaseAccessFactory-> GetAppDatabase : SQLDatabaseAccess class instantiated...
2017-12-28 11:16:46,430 | [32] | DefaultLogger | DEBUG - OpenConnection: Connection object instantiated...
2017-12-28 11:16:46,460 | [32] | DefaultLogger | DEBUG - OpenConnection: Connection opened...
2017-12-28 11:16:46,474 | [32] | DefaultLogger | DEBUG - ExecuteProcedure: Started...
2017-12-28 11:16:46,424 | [30] | DefaultLogger | DEBUG - DefaultDatabaseAccessFactory-> GetAppDatabase : SQLDatabaseAccess class instantiated...
2017-12-28 11:16:46,497 | [30] | DefaultLogger | DEBUG - OpenConnection: Connection object instantiated...
2017-12-28 11:16:46,487 | [32] | DefaultLogger | DEBUG - GetSqlCommand: Started...
2017-12-28 11:16:46,521 | [32] | DefaultLogger | INFO  - GetSqlCommand: Command 'P_Buyer_BuyerTypeList' object created...
2017-12-28 11:16:46,528 | [32] | DefaultLogger | DEBUG - GetSqlCommand: Completed...
2017-12-28 11:16:46,540 | [32] | DefaultLogger | DEBUG - AddCommandParameters: Started...
2017-12-28 11:16:46,510 | [30] | DefaultLogger | DEBUG - OpenConnection: Connection opened...
2017-12-28 11:16:46,561 | [30] | DefaultLogger | DEBUG - ExecuteProcedure: Started...
2017-12-28 11:16:46,574 | [30] | DefaultLogger | DEBUG - GetSqlCommand: Started...
2017-12-28 11:16:46,584 | [30] | DefaultLogger | INFO  - GetSqlCommand: Command 'P_Buyer_GetDetails' object created...
2017-12-28 11:16:46,592 | [30] | DefaultLogger | DEBUG - GetSqlCommand: Completed...
2017-12-28 11:16:46,549 | [32] | DefaultLogger | DEBUG - AddCommandParameters: Completed...
2017-12-28 11:16:46,605 | [30] | DefaultLogger | DEBUG - AddCommandParameters: Started...
2017-12-28 11:16:46,640 | [30] | DefaultLogger | INFO  - AddCommandParameters: parameter count - 2
2017-12-28 11:16:46,659 | [30] | DefaultLogger | INFO  - Parameter: Name: @BuyerID, Direction: In, DataType: Int, Value: 29, Size: -1
2017-12-28 11:16:46,683 | [30] | DefaultLogger | INFO  - Parameter: Name: @ClientID, Direction: In, DataType: Int, Value: 162236, Size: -1
2017-12-28 11:16:46,691 | [30] | DefaultLogger | DEBUG - AddCommandParameters: Completed...
2017-12-28 11:16:46,621 | [32] | DefaultLogger | DEBUG - ExecuteProcedure: Completed...
2017-12-28 11:16:46,709 | [32] | DefaultLogger | DEBUG - Connection closed...
2017-12-28 11:16:46,704 | [30] | DefaultLogger | DEBUG - ExecuteProcedure: Completed...
2017-12-28 11:16:46,728 | [30] | DefaultLogger | DEBUG - Connection closed...
2017-12-28 11:16:51,663 | [29] | DefaultLogger | DEBUG - DefaultDatabaseAccessFactory-> GetAppDatabase : SQLDatabaseAccess class instantiated...
2017-12-28 11:16:51,675 | [29] | DefaultLogger | DEBUG - OpenConnection: Connection object instantiated...
2017-12-28 11:16:51,686 | [29] | DefaultLogger | DEBUG - OpenConnection: Connection opened...
2017-12-28 11:16:51,701 | [29] | DefaultLogger | DEBUG - ExecuteProcedure: Started...
2017-12-28 11:16:51,711 | [29] | DefaultLogger | DEBUG - GetSqlCommand: Started...
2017-12-28 11:16:51,723 | [29] | DefaultLogger | INFO  - GetSqlCommand: Command 'P_Buyer_BuyerTypeList' object created...
2017-12-28 11:16:51,734 | [29] | DefaultLogger | DEBUG - GetSqlCommand: Completed...
2017-12-28 11:16:51,745 | [29] | DefaultLogger | DEBUG - AddCommandParameters: Started...
2017-12-28 11:16:51,757 | [29] | DefaultLogger | DEBUG - AddCommandParameters: Completed...
2017-12-28 11:16:51,773 | [29] | DefaultLogger | DEBUG - ExecuteProcedure: Completed...
2017-12-28 11:16:51,783 | [29] | DefaultLogger | DEBUG - Connection closed...
2017-12-28 11:17:36,906 | [29] | DefaultLogger | DEBUG - DefaultDatabaseAccessFactory-> GetAppDatabase : SQLDatabaseAccess class instantiated...
2017-12-28 11:17:36,919 | [29] | DefaultLogger | DEBUG - OpenConnection: Connection object instantiated...
2017-12-28 11:17:36,934 | [29] | DefaultLogger | DEBUG - OpenConnection: Connection opened...
2017-12-28 11:17:36,943 | [29] | DefaultLogger | DEBUG - ExecuteProcedure: Started...
2017-12-28 11:17:36,960 | [29] | DefaultLogger | DEBUG - GetSqlCommand: Started...
2017-12-28 11:17:36,970 | [29] | DefaultLogger | INFO  - GetSqlCommand: Command 'P_Buyer_BuyerTypeList' object created...
2017-12-28 11:17:36,992 | [29] | DefaultLogger | DEBUG - GetSqlCommand: Completed...
2017-12-28 11:17:37,013 | [29] | DefaultLogger | DEBUG - AddCommandParameters: Started...
2017-12-28 11:17:37,025 | [29] | DefaultLogger | DEBUG - AddCommandParameters: Completed...
2017-12-28 11:17:36,972 | [30] | DefaultLogger | DEBUG - DefaultDatabaseAccessFactory-> GetAppDatabase : SQLDatabaseAccess class instantiated...
2017-12-28 11:17:37,067 | [30] | DefaultLogger | DEBUG - OpenConnection: Connection object instantiated...
2017-12-28 11:17:37,085 | [30] | DefaultLogger | DEBUG - OpenConnection: Connection opened...
2017-12-28 11:17:37,095 | [30] | DefaultLogger | DEBUG - ExecuteProcedure: Started...
2017-12-28 11:17:37,106 | [30] | DefaultLogger | DEBUG - GetSqlCommand: Started...
2017-12-28 11:17:37,115 | [30] | DefaultLogger | INFO  - GetSqlCommand: Command 'P_Buyer_GetDetails' object created...
2017-12-28 11:17:37,127 | [30] | DefaultLogger | DEBUG - GetSqlCommand: Completed...
2017-12-28 11:17:37,139 | [30] | DefaultLogger | DEBUG - AddCommandParameters: Started...
2017-12-28 11:17:37,095 | [29] | DefaultLogger | DEBUG - ExecuteProcedure: Completed...
2017-12-28 11:17:37,156 | [29] | DefaultLogger | DEBUG - Connection closed...
2017-12-28 11:17:37,148 | [30] | DefaultLogger | INFO  - AddCommandParameters: parameter count - 2
2017-12-28 11:17:37,218 | [30] | DefaultLogger | INFO  - Parameter: Name: @BuyerID, Direction: In, DataType: Int, Value: 29, Size: -1
2017-12-28 11:17:37,241 | [30] | DefaultLogger | INFO  - Parameter: Name: @ClientID, Direction: In, DataType: Int, Value: 162236, Size: -1
2017-12-28 11:17:37,258 | [30] | DefaultLogger | DEBUG - AddCommandParameters: Completed...
2017-12-28 11:17:37,240 | [29] | DefaultLogger | DEBUG - DefaultDatabaseAccessFactory-> GetAppDatabase : SQLDatabaseAccess class instantiated...
2017-12-28 11:17:37,296 | [29] | DefaultLogger | DEBUG - OpenConnection: Connection object instantiated...
2017-12-28 11:17:37,312 | [29] | DefaultLogger | DEBUG - OpenConnection: Connection opened...
2017-12-28 11:17:37,324 | [29] | DefaultLogger | DEBUG - ExecuteProcedure: Started...
2017-12-28 11:17:37,339 | [29] | DefaultLogger | DEBUG - GetSqlCommand: Started...
2017-12-28 11:17:37,348 | [29] | DefaultLogger | INFO  - GetSqlCommand: Command 'P_Buyer_GetDetails' object created...
2017-12-28 11:17:37,367 | [29] | DefaultLogger | DEBUG - GetSqlCommand: Completed...
2017-12-28 11:17:37,292 | [30] | DefaultLogger | DEBUG - ExecuteProcedure: Completed...
2017-12-28 11:17:37,397 | [30] | DefaultLogger | DEBUG - Connection closed...
2017-12-28 11:17:37,382 | [29] | DefaultLogger | DEBUG - AddCommandParameters: Started...
2017-12-28 11:17:37,430 | [29] | DefaultLogger | INFO  - AddCommandParameters: parameter count - 2
2017-12-28 11:17:37,440 | [29] | DefaultLogger | INFO  - Parameter: Name: @BuyerID, Direction: In, DataType: Int, Value: 29, Size: -1
2017-12-28 11:17:37,457 | [29] | DefaultLogger | INFO  - Parameter: Name: @ClientID, Direction: In, DataType: Int, Value: 162236, Size: -1
2017-12-28 11:17:37,484 | [29] | DefaultLogger | DEBUG - AddCommandParameters: Completed...
2017-12-28 11:17:37,509 | [29] | DefaultLogger | DEBUG - ExecuteProcedure: Completed...
2017-12-28 11:17:37,523 | [29] | DefaultLogger | DEBUG - Connection closed...
2017-12-28 11:17:59,291 | [32] | DefaultLogger | DEBUG - DefaultDatabaseAccessFactory-> GetAppDatabase : SQLDatabaseAccess class instantiated...
2017-12-28 11:17:59,307 | [32] | DefaultLogger | DEBUG - OpenConnection: Connection object instantiated...
2017-12-28 11:17:59,320 | [32] | DefaultLogger | DEBUG - OpenConnection: Connection opened...
2017-12-28 11:17:59,330 | [32] | DefaultLogger | DEBUG - ExecuteProcedure: Started...
2017-12-28 11:17:59,340 | [32] | DefaultLogger | DEBUG - GetSqlCommand: Started...
2017-12-28 11:17:59,350 | [32] | DefaultLogger | INFO  - GetSqlCommand: Command 'P_Account_VerifyLoginCreds' object created...
2017-12-28 11:17:59,365 | [32] | DefaultLogger | DEBUG - GetSqlCommand: Completed...
2017-12-28 11:17:59,375 | [32] | DefaultLogger | DEBUG - AddCommandParameters: Started...
2017-12-28 11:17:59,385 | [32] | DefaultLogger | INFO  - AddCommandParameters: parameter count - 2
2017-12-28 11:17:59,396 | [32] | DefaultLogger | INFO  - Parameter: Name: @UserName, Direction: In, DataType: String, Value: MLI, Size: -1
2017-12-28 11:17:59,405 | [32] | DefaultLogger | INFO  - Parameter: Name: @Password, Direction: In, DataType: String, Value: pSzNwXpUIzJCzksJOPo62w==, Size: -1
2017-12-28 11:17:59,418 | [32] | DefaultLogger | DEBUG - AddCommandParameters: Completed...
2017-12-28 11:17:59,434 | [32] | DefaultLogger | DEBUG - ExecuteProcedure: Completed...
2017-12-28 11:17:59,440 | [32] | DefaultLogger | DEBUG - Connection closed...
2017-12-28 11:18:14,507 | [30] | DefaultLogger | DEBUG - DefaultDatabaseAccessFactory-> GetAppDatabase : SQLDatabaseAccess class instantiated...
2017-12-28 11:18:14,520 | [30] | DefaultLogger | DEBUG - OpenConnection: Connection object instantiated...
2017-12-28 11:18:14,532 | [30] | DefaultLogger | DEBUG - OpenConnection: Connection opened...
2017-12-28 11:18:14,541 | [30] | DefaultLogger | DEBUG - ExecuteProcedure: Started...
2017-12-28 11:18:14,531 | [32] | DefaultLogger | DEBUG - DefaultDatabaseAccessFactory-> GetAppDatabase : SQLDatabaseAccess class instantiated...
2017-12-28 11:18:14,567 | [32] | DefaultLogger | DEBUG - OpenConnection: Connection object instantiated...
2017-12-28 11:18:14,575 | [32] | DefaultLogger | DEBUG - OpenConnection: Connection opened...
2017-12-28 11:18:14,585 | [32] | DefaultLogger | DEBUG - ExecuteProcedure: Started...
2017-12-28 11:18:14,555 | [30] | DefaultLogger | DEBUG - GetSqlCommand: Started...
2017-12-28 11:18:14,605 | [30] | DefaultLogger | INFO  - GetSqlCommand: Command 'P_Buyer_BuyerTypeList' object created...
2017-12-28 11:18:14,615 | [30] | DefaultLogger | DEBUG - GetSqlCommand: Completed...
2017-12-28 11:18:14,623 | [30] | DefaultLogger | DEBUG - AddCommandParameters: Started...
2017-12-28 11:18:14,594 | [32] | DefaultLogger | DEBUG - GetSqlCommand: Started...
2017-12-28 11:18:14,641 | [32] | DefaultLogger | INFO  - GetSqlCommand: Command 'P_Buyer_GetDetails' object created...
2017-12-28 11:18:14,649 | [32] | DefaultLogger | DEBUG - GetSqlCommand: Completed...
2017-12-28 11:18:14,658 | [32] | DefaultLogger | DEBUG - AddCommandParameters: Started...
2017-12-28 11:18:14,633 | [30] | DefaultLogger | DEBUG - AddCommandParameters: Completed...
2017-12-28 11:18:14,665 | [32] | DefaultLogger | INFO  - AddCommandParameters: parameter count - 2
2017-12-28 11:18:14,732 | [32] | DefaultLogger | INFO  - Parameter: Name: @BuyerID, Direction: In, DataType: Int, Value: 29, Size: -1
2017-12-28 11:18:14,753 | [32] | DefaultLogger | INFO  - Parameter: Name: @ClientID, Direction: In, DataType: Int, Value: 162236, Size: -1
2017-12-28 11:18:14,764 | [32] | DefaultLogger | DEBUG - AddCommandParameters: Completed...
2017-12-28 11:18:14,685 | [30] | DefaultLogger | DEBUG - ExecuteProcedure: Completed...
2017-12-28 11:18:14,784 | [30] | DefaultLogger | DEBUG - Connection closed...
2017-12-28 11:18:14,779 | [32] | DefaultLogger | DEBUG - ExecuteProcedure: Completed...
2017-12-28 11:18:14,804 | [32] | DefaultLogger | DEBUG - Connection closed...
2017-12-28 11:20:19,180 | [30] | DefaultLogger | DEBUG - DefaultDatabaseAccessFactory-> GetAppDatabase : SQLDatabaseAccess class instantiated...
2017-12-28 11:20:19,192 | [30] | DefaultLogger | DEBUG - OpenConnection: Connection object instantiated...
2017-12-28 11:20:19,208 | [30] | DefaultLogger | DEBUG - OpenConnection: Connection opened...
2017-12-28 11:20:19,220 | [30] | DefaultLogger | DEBUG - ExecuteProcedure: Started...
2017-12-28 11:20:19,237 | [30] | DefaultLogger | DEBUG - GetSqlCommand: Started...
2017-12-28 11:20:19,195 | [35] | DefaultLogger | DEBUG - DefaultDatabaseAccessFactory-> GetAppDatabase : SQLDatabaseAccess class instantiated...
2017-12-28 11:20:19,258 | [35] | DefaultLogger | DEBUG - OpenConnection: Connection object instantiated...
2017-12-28 11:20:19,266 | [35] | DefaultLogger | DEBUG - OpenConnection: Connection opened...
2017-12-28 11:20:19,274 | [35] | DefaultLogger | DEBUG - ExecuteProcedure: Started...
2017-12-28 11:20:19,247 | [30] | DefaultLogger | INFO  - GetSqlCommand: Command 'P_Buyer_BuyerTypeList' object created...
2017-12-28 11:20:19,311 | [30] | DefaultLogger | DEBUG - GetSqlCommand: Completed...
2017-12-28 11:20:19,355 | [30] | DefaultLogger | DEBUG - AddCommandParameters: Started...
2017-12-28 11:20:19,374 | [30] | DefaultLogger | DEBUG - AddCommandParameters: Completed...
2017-12-28 11:20:19,285 | [35] | DefaultLogger | DEBUG - GetSqlCommand: Started...
2017-12-28 11:20:19,408 | [35] | DefaultLogger | INFO  - GetSqlCommand: Command 'P_Buyer_GetDetails' object created...
2017-12-28 11:20:19,425 | [35] | DefaultLogger | DEBUG - GetSqlCommand: Completed...
2017-12-28 11:20:19,439 | [35] | DefaultLogger | DEBUG - AddCommandParameters: Started...
2017-12-28 11:20:19,408 | [30] | DefaultLogger | DEBUG - ExecuteProcedure: Completed...
2017-12-28 11:20:19,461 | [30] | DefaultLogger | DEBUG - Connection closed...
2017-12-28 11:20:19,451 | [35] | DefaultLogger | INFO  - AddCommandParameters: parameter count - 2
2017-12-28 11:20:19,480 | [35] | DefaultLogger | INFO  - Parameter: Name: @BuyerID, Direction: In, DataType: Int, Value: 29, Size: -1
2017-12-28 11:20:19,490 | [35] | DefaultLogger | INFO  - Parameter: Name: @ClientID, Direction: In, DataType: Int, Value: 162236, Size: -1
2017-12-28 11:20:19,502 | [35] | DefaultLogger | DEBUG - AddCommandParameters: Completed...
2017-12-28 11:20:19,516 | [35] | DefaultLogger | DEBUG - ExecuteProcedure: Completed...
2017-12-28 11:20:19,525 | [35] | DefaultLogger | DEBUG - Connection closed...
2017-12-28 11:20:33,206 | [30] | DefaultLogger | DEBUG - DefaultDatabaseAccessFactory-> GetAppDatabase : SQLDatabaseAccess class instantiated...
2017-12-28 11:20:33,231 | [30] | DefaultLogger | DEBUG - OpenConnection: Connection object instantiated...
2017-12-28 11:20:33,253 | [30] | DefaultLogger | DEBUG - OpenConnection: Connection opened...
2017-12-28 11:20:33,286 | [30] | DefaultLogger | DEBUG - ExecuteProcedure: Started...
2017-12-28 11:20:33,315 | [30] | DefaultLogger | DEBUG - GetSqlCommand: Started...
2017-12-28 11:20:33,358 | [30] | DefaultLogger | INFO  - GetSqlCommand: Command 'P_Buyer_BuyerTypeList' object created...
2017-12-28 11:20:33,254 | [36] | DefaultLogger | DEBUG - DefaultDatabaseAccessFactory-> GetAppDatabase : SQLDatabaseAccess class instantiated...
2017-12-28 11:20:33,399 | [36] | DefaultLogger | DEBUG - OpenConnection: Connection object instantiated...
2017-12-28 11:20:33,440 | [36] | DefaultLogger | DEBUG - OpenConnection: Connection opened...
2017-12-28 11:20:33,460 | [36] | DefaultLogger | DEBUG - ExecuteProcedure: Started...
2017-12-28 11:20:33,384 | [30] | DefaultLogger | DEBUG - GetSqlCommand: Completed...
2017-12-28 11:20:33,492 | [30] | DefaultLogger | DEBUG - AddCommandParameters: Started...
2017-12-28 11:20:33,503 | [30] | DefaultLogger | DEBUG - AddCommandParameters: Completed...
2017-12-28 11:20:33,476 | [36] | DefaultLogger | DEBUG - GetSqlCommand: Started...
2017-12-28 11:20:33,533 | [36] | DefaultLogger | INFO  - GetSqlCommand: Command 'P_Buyer_GetDetails' object created...
2017-12-28 11:20:33,542 | [36] | DefaultLogger | DEBUG - GetSqlCommand: Completed...
2017-12-28 11:20:33,552 | [36] | DefaultLogger | DEBUG - AddCommandParameters: Started...
2017-12-28 11:20:33,521 | [30] | DefaultLogger | DEBUG - ExecuteProcedure: Completed...
2017-12-28 11:20:33,588 | [30] | DefaultLogger | DEBUG - Connection closed...
2017-12-28 11:20:33,561 | [36] | DefaultLogger | INFO  - AddCommandParameters: parameter count - 2
2017-12-28 11:20:33,624 | [36] | DefaultLogger | INFO  - Parameter: Name: @BuyerID, Direction: In, DataType: Int, Value: 29, Size: -1
2017-12-28 11:20:33,642 | [36] | DefaultLogger | INFO  - Parameter: Name: @ClientID, Direction: In, DataType: Int, Value: 162236, Size: -1
2017-12-28 11:20:33,651 | [36] | DefaultLogger | DEBUG - AddCommandParameters: Completed...
2017-12-28 11:20:33,660 | [36] | DefaultLogger | DEBUG - ExecuteProcedure: Completed...
2017-12-28 11:20:33,668 | [36] | DefaultLogger | DEBUG - Connection closed...
2017-12-28 11:22:11,610 | [35] | DefaultLogger | DEBUG - DefaultDatabaseAccessFactory-> GetAppDatabase : SQLDatabaseAccess class instantiated...
2017-12-28 11:22:11,639 | [35] | DefaultLogger | DEBUG - OpenConnection: Connection object instantiated...
2017-12-28 11:22:11,658 | [35] | DefaultLogger | DEBUG - OpenConnection: Connection opened...
2017-12-28 11:22:11,667 | [35] | DefaultLogger | DEBUG - ExecuteProcedure: Started...
2017-12-28 11:22:11,676 | [35] | DefaultLogger | DEBUG - GetSqlCommand: Started...
2017-12-28 11:22:11,687 | [35] | DefaultLogger | INFO  - GetSqlCommand: Command 'P_Account_VerifyLoginCreds' object created...
2017-12-28 11:22:11,696 | [35] | DefaultLogger | DEBUG - GetSqlCommand: Completed...
2017-12-28 11:22:11,707 | [35] | DefaultLogger | DEBUG - AddCommandParameters: Started...
2017-12-28 11:22:11,715 | [35] | DefaultLogger | INFO  - AddCommandParameters: parameter count - 2
2017-12-28 11:22:11,722 | [35] | DefaultLogger | INFO  - Parameter: Name: @UserName, Direction: In, DataType: String, Value: MLI, Size: -1
2017-12-28 11:22:11,727 | [35] | DefaultLogger | INFO  - Parameter: Name: @Password, Direction: In, DataType: String, Value: pSzNwXpUIzJCzksJOPo62w==, Size: -1
2017-12-28 11:22:11,734 | [35] | DefaultLogger | DEBUG - AddCommandParameters: Completed...
2017-12-28 11:22:11,747 | [35] | DefaultLogger | DEBUG - ExecuteProcedure: Completed...
2017-12-28 11:22:11,752 | [35] | DefaultLogger | DEBUG - Connection closed...
2017-12-28 11:22:24,377 | [30] | DefaultLogger | DEBUG - DefaultDatabaseAccessFactory-> GetAppDatabase : SQLDatabaseAccess class instantiated...
2017-12-28 11:22:24,388 | [30] | DefaultLogger | DEBUG - OpenConnection: Connection object instantiated...
2017-12-28 11:22:24,398 | [30] | DefaultLogger | DEBUG - OpenConnection: Connection opened...
2017-12-28 11:22:24,407 | [30] | DefaultLogger | DEBUG - ExecuteProcedure: Started...
2017-12-28 11:22:24,416 | [30] | DefaultLogger | DEBUG - GetSqlCommand: Started...
2017-12-28 11:22:24,425 | [30] | DefaultLogger | INFO  - GetSqlCommand: Command 'P_Buyer_BuyerTypeList' object created...
2017-12-28 11:22:24,440 | [30] | DefaultLogger | DEBUG - GetSqlCommand: Completed...
2017-12-28 11:22:24,389 | [37] | DefaultLogger | DEBUG - DefaultDatabaseAccessFactory-> GetAppDatabase : SQLDatabaseAccess class instantiated...
2017-12-28 11:22:24,466 | [37] | DefaultLogger | DEBUG - OpenConnection: Connection object instantiated...
2017-12-28 11:22:24,452 | [30] | DefaultLogger | DEBUG - AddCommandParameters: Started...
2017-12-28 11:22:24,491 | [30] | DefaultLogger | DEBUG - AddCommandParameters: Completed...
2017-12-28 11:22:24,481 | [37] | DefaultLogger | DEBUG - OpenConnection: Connection opened...
2017-12-28 11:22:24,509 | [37] | DefaultLogger | DEBUG - ExecuteProcedure: Started...
2017-12-28 11:22:24,523 | [37] | DefaultLogger | DEBUG - GetSqlCommand: Started...
2017-12-28 11:22:24,532 | [37] | DefaultLogger | INFO  - GetSqlCommand: Command 'P_Buyer_GetDetails' object created...
2017-12-28 11:22:24,503 | [30] | DefaultLogger | DEBUG - ExecuteProcedure: Completed...
2017-12-28 11:22:24,555 | [30] | DefaultLogger | DEBUG - Connection closed...
2017-12-28 11:22:24,544 | [37] | DefaultLogger | DEBUG - GetSqlCommand: Completed...
2017-12-28 11:22:24,571 | [37] | DefaultLogger | DEBUG - AddCommandParameters: Started...
2017-12-28 11:22:24,580 | [37] | DefaultLogger | INFO  - AddCommandParameters: parameter count - 2
2017-12-28 11:22:24,637 | [37] | DefaultLogger | INFO  - Parameter: Name: @BuyerID, Direction: In, DataType: Int, Value: 29, Size: -1
2017-12-28 11:22:24,647 | [37] | DefaultLogger | INFO  - Parameter: Name: @ClientID, Direction: In, DataType: Int, Value: 162236, Size: -1
2017-12-28 11:22:24,658 | [37] | DefaultLogger | DEBUG - AddCommandParameters: Completed...
2017-12-28 11:22:24,680 | [37] | DefaultLogger | DEBUG - ExecuteProcedure: Completed...
2017-12-28 11:22:24,690 | [37] | DefaultLogger | DEBUG - Connection closed...
2017-12-28 11:23:21,342 | [37] | DefaultLogger | DEBUG - DefaultDatabaseAccessFactory-> GetAppDatabase : SQLDatabaseAccess class instantiated...
2017-12-28 11:23:21,350 | [37] | DefaultLogger | DEBUG - OpenConnection: Connection object instantiated...
2017-12-28 11:23:21,360 | [37] | DefaultLogger | DEBUG - OpenConnection: Connection opened...
2017-12-28 11:23:21,369 | [37] | DefaultLogger | DEBUG - ExecuteProcedure: Started...
2017-12-28 11:23:21,378 | [37] | DefaultLogger | DEBUG - GetSqlCommand: Started...
2017-12-28 11:23:21,386 | [37] | DefaultLogger | INFO  - GetSqlCommand: Command 'P_Buyer_BuyerTypeList' object created...
2017-12-28 11:23:21,393 | [37] | DefaultLogger | DEBUG - GetSqlCommand: Completed...
2017-12-28 11:23:21,401 | [37] | DefaultLogger | DEBUG - AddCommandParameters: Started...
2017-12-28 11:23:21,409 | [37] | DefaultLogger | DEBUG - AddCommandParameters: Completed...
2017-12-28 11:23:21,343 | [39] | DefaultLogger | DEBUG - DefaultDatabaseAccessFactory-> GetAppDatabase : SQLDatabaseAccess class instantiated...
2017-12-28 11:23:21,430 | [39] | DefaultLogger | DEBUG - OpenConnection: Connection object instantiated...
2017-12-28 11:23:21,440 | [39] | DefaultLogger | DEBUG - OpenConnection: Connection opened...
2017-12-28 11:23:21,459 | [39] | DefaultLogger | DEBUG - ExecuteProcedure: Started...
2017-12-28 11:23:21,470 | [39] | DefaultLogger | DEBUG - GetSqlCommand: Started...
2017-12-28 11:23:21,490 | [39] | DefaultLogger | INFO  - GetSqlCommand: Command 'P_Buyer_GetDetails' object created...
2017-12-28 11:23:21,528 | [39] | DefaultLogger | DEBUG - GetSqlCommand: Completed...
2017-12-28 11:23:21,536 | [39] | DefaultLogger | DEBUG - AddCommandParameters: Started...
2017-12-28 11:23:21,546 | [39] | DefaultLogger | INFO  - AddCommandParameters: parameter count - 2
2017-12-28 11:23:21,553 | [39] | DefaultLogger | INFO  - Parameter: Name: @BuyerID, Direction: In, DataType: Int, Value: 29, Size: -1
2017-12-28 11:23:21,561 | [39] | DefaultLogger | INFO  - Parameter: Name: @ClientID, Direction: In, DataType: Int, Value: 162236, Size: -1
2017-12-28 11:23:21,573 | [39] | DefaultLogger | DEBUG - AddCommandParameters: Completed...
2017-12-28 11:23:21,546 | [37] | DefaultLogger | DEBUG - ExecuteProcedure: Completed...
2017-12-28 11:23:21,619 | [37] | DefaultLogger | DEBUG - Connection closed...
2017-12-28 11:23:21,756 | [39] | DefaultLogger | DEBUG - ExecuteProcedure: Completed...
2017-12-28 11:23:21,765 | [39] | DefaultLogger | DEBUG - Connection closed...
