2017-12-21 09:48:02,190 | [1] | DefaultLogger | DEBUG - EncryptionKey key has been set...
2017-12-21 09:48:02,190 | [1] | DefaultLogger | DEBUG - AutoMapper settings started...
2017-12-21 09:48:02,440 | [1] | DefaultLogger | DEBUG - AutoMapper settings initialized...
2017-12-21 09:48:02,471 | [1] | DefaultLogger | DEBUG - AutoMapper settings validated...
2017-12-21 10:00:05,071 | [19] | DefaultLogger | DEBUG - DefaultDatabaseAccessFactory-> GetAppDatabase : SQLDatabaseAccess class instantiated...
2017-12-21 10:00:05,086 | [19] | DefaultLogger | DEBUG - OpenConnection: Connection object instantiated...
2017-12-21 10:00:05,180 | [19] | DefaultLogger | DEBUG - OpenConnection: Connection opened...
2017-12-21 10:00:05,196 | [19] | DefaultLogger | DEBUG - ExecuteProcedure: Started...
2017-12-21 10:00:05,196 | [19] | DefaultLogger | DEBUG - GetSqlCommand: Started...
2017-12-21 10:00:05,211 | [19] | DefaultLogger | INFO  - GetSqlCommand: Command 'P_Account_VerifyLoginCreds' object created...
2017-12-21 10:00:05,211 | [19] | DefaultLogger | DEBUG - GetSqlCommand: Completed...
2017-12-21 10:00:05,227 | [19] | DefaultLogger | DEBUG - AddCommandParameters: Started...
2017-12-21 10:00:05,227 | [19] | DefaultLogger | INFO  - AddCommandParameters: parameter count - 2
2017-12-21 10:00:05,243 | [19] | DefaultLogger | INFO  - Parameter: Name: @UserName, Direction: In, DataType: String, Value: MLI, Size: -1
2017-12-21 10:00:05,243 | [19] | DefaultLogger | INFO  - Parameter: Name: @Password, Direction: In, DataType: String, Value: pSzNwXpUIzJCzksJOPo62w==, Size: -1
2017-12-21 10:00:05,258 | [19] | DefaultLogger | DEBUG - AddCommandParameters: Completed...
2017-12-21 10:00:05,352 | [19] | DefaultLogger | DEBUG - ExecuteProcedure: Completed...
2017-12-21 10:00:05,368 | [19] | DefaultLogger | DEBUG - Connection closed...
2017-12-21 10:00:46,248 | [19] | DefaultLogger | DEBUG - DefaultDatabaseAccessFactory-> GetAppDatabase : SQLDatabaseAccess class instantiated...
2017-12-21 10:00:46,268 | [19] | DefaultLogger | DEBUG - OpenConnection: Connection object instantiated...
2017-12-21 10:00:46,284 | [19] | DefaultLogger | DEBUG - OpenConnection: Connection opened...
2017-12-21 10:00:46,296 | [19] | DefaultLogger | DEBUG - ExecuteProcedure: Started...
2017-12-21 10:00:46,300 | [19] | DefaultLogger | DEBUG - GetSqlCommand: Started...
2017-12-21 10:00:46,308 | [19] | DefaultLogger | INFO  - GetSqlCommand: Command 'P_Account_VerifyLoginCreds' object created...
2017-12-21 10:00:46,312 | [19] | DefaultLogger | DEBUG - GetSqlCommand: Completed...
2017-12-21 10:00:46,320 | [19] | DefaultLogger | DEBUG - AddCommandParameters: Started...
2017-12-21 10:00:46,324 | [19] | DefaultLogger | INFO  - AddCommandParameters: parameter count - 2
2017-12-21 10:00:46,332 | [19] | DefaultLogger | INFO  - Parameter: Name: @UserName, Direction: In, DataType: String, Value: MLI, Size: -1
2017-12-21 10:00:46,336 | [19] | DefaultLogger | INFO  - Parameter: Name: @Password, Direction: In, DataType: String, Value: pSzNwXpUIzJCzksJOPo62w==, Size: -1
2017-12-21 10:00:46,340 | [19] | DefaultLogger | DEBUG - AddCommandParameters: Completed...
2017-12-21 10:00:46,356 | [19] | DefaultLogger | DEBUG - ExecuteProcedure: Completed...
2017-12-21 10:00:46,356 | [19] | DefaultLogger | DEBUG - Connection closed...
2017-12-21 10:02:29,297 | [19] | DefaultLogger | DEBUG - DefaultDatabaseAccessFactory-> GetAppDatabase : SQLDatabaseAccess class instantiated...
2017-12-21 10:02:29,305 | [19] | DefaultLogger | DEBUG - OpenConnection: Connection object instantiated...
2017-12-21 10:02:29,317 | [19] | DefaultLogger | DEBUG - OpenConnection: Connection opened...
2017-12-21 10:02:29,329 | [19] | DefaultLogger | DEBUG - ExecuteProcedure: Started...
2017-12-21 10:02:29,341 | [19] | DefaultLogger | DEBUG - GetSqlCommand: Started...
2017-12-21 10:02:29,361 | [19] | DefaultLogger | INFO  - GetSqlCommand: Command 'P_Account_VerifyLoginCreds' object created...
2017-12-21 10:02:29,373 | [19] | DefaultLogger | DEBUG - GetSqlCommand: Completed...
2017-12-21 10:02:29,381 | [19] | DefaultLogger | DEBUG - AddCommandParameters: Started...
2017-12-21 10:02:29,389 | [19] | DefaultLogger | INFO  - AddCommandParameters: parameter count - 2
2017-12-21 10:02:29,393 | [19] | DefaultLogger | INFO  - Parameter: Name: @UserName, Direction: In, DataType: String, Value: svc, Size: -1
2017-12-21 10:02:29,401 | [19] | DefaultLogger | INFO  - Parameter: Name: @Password, Direction: In, DataType: String, Value: xqktYPqbjonRh0I63ZW9pg==, Size: -1
2017-12-21 10:02:29,401 | [19] | DefaultLogger | DEBUG - AddCommandParameters: Completed...
2017-12-21 10:02:29,417 | [19] | DefaultLogger | DEBUG - ExecuteProcedure: Error...
2017-12-21 10:02:29,417 | [19] | DefaultLogger | DEBUG - WrapDatabaseException: Started...
2017-12-21 10:02:29,432 | [19] | DefaultLogger | DEBUG - WrapDatabaseException: Completed...
2017-12-21 10:02:29,511 | [19] | DefaultLogger | DEBUG - Connection closed...
2017-12-21 10:02:29,526 | [19] | DefaultLogger | ERROR - ID: 20171221100229 | Number: -2146232060 | Message: Invalid username / password Trace:    at System.Data.SqlClient.SqlConnection.OnError(SqlException exception, Boolean breakConnection, Action`1 wrapCloseInAction)
   at System.Data.SqlClient.SqlInternalConnection.OnError(SqlException exception, Boolean breakConnection, Action`1 wrapCloseInAction)
   at System.Data.SqlClient.TdsParser.ThrowExceptionAndWarning(TdsParserStateObject stateObj, Boolean callerHasConnectionLock, Boolean asyncClose)
   at System.Data.SqlClient.TdsParser.TryRun(RunBehavior runBehavior, SqlCommand cmdHandler, SqlDataReader dataStream, BulkCopySimpleResultSet bulkCopyHandler, TdsParserStateObject stateObj, Boolean& dataReady)
   at System.Data.SqlClient.SqlDataReader.TryConsumeMetaData()
   at System.Data.SqlClient.SqlDataReader.get_MetaData()
   at System.Data.SqlClient.SqlCommand.FinishExecuteReader(SqlDataReader ds, RunBehavior runBehavior, String resetOptionsString, Boolean isInternal, Boolean forDescribeParameterEncryption)
   at System.Data.SqlClient.SqlCommand.RunExecuteReaderTds(CommandBehavior cmdBehavior, RunBehavior runBehavior, Boolean returnStream, Boolean async, Int32 timeout, Task& task, Boolean asyncWrite, Boolean inRetry, SqlDataReader ds, Boolean describeParameterEncryptionRequest)
   at System.Data.SqlClient.SqlCommand.RunExecuteReader(CommandBehavior cmdBehavior, RunBehavior runBehavior, Boolean returnStream, String method, TaskCompletionSource`1 completion, Int32 timeout, Task& task, Boolean& usedCache, Boolean asyncWrite, Boolean inRetry)
   at System.Data.SqlClient.SqlCommand.RunExecuteReader(CommandBehavior cmdBehavior, RunBehavior runBehavior, Boolean returnStream, String method)
   at System.Data.SqlClient.SqlCommand.ExecuteReader(CommandBehavior behavior, String method)
   at System.Data.SqlClient.SqlCommand.ExecuteDbDataReader(CommandBehavior behavior)
   at System.Data.Common.DbCommand.System.Data.IDbCommand.ExecuteReader(CommandBehavior behavior)
   at System.Data.Common.DbDataAdapter.FillInternal(DataSet dataset, DataTable[] datatables, Int32 startRecord, Int32 maxRecords, String srcTable, IDbCommand command, CommandBehavior behavior)
   at System.Data.Common.DbDataAdapter.Fill(DataSet dataSet, Int32 startRecord, Int32 maxRecords, String srcTable, IDbCommand command, CommandBehavior behavior)
   at System.Data.Common.DbDataAdapter.Fill(DataSet dataSet)
   at G2.DAL.SQLDatabaseAccess.ExecuteProcedure(String procName, IEnumerable`1 parameters)
2017-12-21 10:02:54,961 | [18] | DefaultLogger | DEBUG - DefaultDatabaseAccessFactory-> GetAppDatabase : SQLDatabaseAccess class instantiated...
2017-12-21 10:02:54,977 | [18] | DefaultLogger | DEBUG - OpenConnection: Connection object instantiated...
2017-12-21 10:02:54,977 | [18] | DefaultLogger | DEBUG - OpenConnection: Connection opened...
2017-12-21 10:02:54,993 | [18] | DefaultLogger | DEBUG - ExecuteProcedure: Started...
2017-12-21 10:02:55,008 | [18] | DefaultLogger | DEBUG - GetSqlCommand: Started...
2017-12-21 10:02:55,008 | [18] | DefaultLogger | INFO  - GetSqlCommand: Command 'P_Account_VerifyLoginCreds' object created...
2017-12-21 10:02:55,024 | [18] | DefaultLogger | DEBUG - GetSqlCommand: Completed...
2017-12-21 10:02:55,040 | [18] | DefaultLogger | DEBUG - AddCommandParameters: Started...
2017-12-21 10:02:55,040 | [18] | DefaultLogger | INFO  - AddCommandParameters: parameter count - 2
2017-12-21 10:02:55,055 | [18] | DefaultLogger | INFO  - Parameter: Name: @UserName, Direction: In, DataType: String, Value: svc, Size: -1
2017-12-21 10:02:55,071 | [18] | DefaultLogger | INFO  - Parameter: Name: @Password, Direction: In, DataType: String, Value: xqktYPqbjonRh0I63ZW9pg==, Size: -1
2017-12-21 10:02:55,086 | [18] | DefaultLogger | DEBUG - AddCommandParameters: Completed...
2017-12-21 10:02:55,102 | [18] | DefaultLogger | DEBUG - ExecuteProcedure: Error...
2017-12-21 10:02:55,102 | [18] | DefaultLogger | DEBUG - WrapDatabaseException: Started...
2017-12-21 10:02:55,118 | [18] | DefaultLogger | DEBUG - WrapDatabaseException: Completed...
2017-12-21 10:02:55,149 | [18] | DefaultLogger | DEBUG - Connection closed...
2017-12-21 10:02:57,764 | [18] | DefaultLogger | ERROR - ID: 20171221100255 | Number: -2146232060 | Message: Invalid username / password Trace:    at System.Data.SqlClient.SqlConnection.OnError(SqlException exception, Boolean breakConnection, Action`1 wrapCloseInAction)
   at System.Data.SqlClient.SqlInternalConnection.OnError(SqlException exception, Boolean breakConnection, Action`1 wrapCloseInAction)
   at System.Data.SqlClient.TdsParser.ThrowExceptionAndWarning(TdsParserStateObject stateObj, Boolean callerHasConnectionLock, Boolean asyncClose)
   at System.Data.SqlClient.TdsParser.TryRun(RunBehavior runBehavior, SqlCommand cmdHandler, SqlDataReader dataStream, BulkCopySimpleResultSet bulkCopyHandler, TdsParserStateObject stateObj, Boolean& dataReady)
   at System.Data.SqlClient.SqlDataReader.TryConsumeMetaData()
   at System.Data.SqlClient.SqlDataReader.get_MetaData()
   at System.Data.SqlClient.SqlCommand.FinishExecuteReader(SqlDataReader ds, RunBehavior runBehavior, String resetOptionsString, Boolean isInternal, Boolean forDescribeParameterEncryption)
   at System.Data.SqlClient.SqlCommand.RunExecuteReaderTds(CommandBehavior cmdBehavior, RunBehavior runBehavior, Boolean returnStream, Boolean async, Int32 timeout, Task& task, Boolean asyncWrite, Boolean inRetry, SqlDataReader ds, Boolean describeParameterEncryptionRequest)
   at System.Data.SqlClient.SqlCommand.RunExecuteReader(CommandBehavior cmdBehavior, RunBehavior runBehavior, Boolean returnStream, String method, TaskCompletionSource`1 completion, Int32 timeout, Task& task, Boolean& usedCache, Boolean asyncWrite, Boolean inRetry)
   at System.Data.SqlClient.SqlCommand.RunExecuteReader(CommandBehavior cmdBehavior, RunBehavior runBehavior, Boolean returnStream, String method)
   at System.Data.SqlClient.SqlCommand.ExecuteReader(CommandBehavior behavior, String method)
   at System.Data.SqlClient.SqlCommand.ExecuteDbDataReader(CommandBehavior behavior)
   at System.Data.Common.DbCommand.System.Data.IDbCommand.ExecuteReader(CommandBehavior behavior)
   at System.Data.Common.DbDataAdapter.FillInternal(DataSet dataset, DataTable[] datatables, Int32 startRecord, Int32 maxRecords, String srcTable, IDbCommand command, CommandBehavior behavior)
   at System.Data.Common.DbDataAdapter.Fill(DataSet dataSet, Int32 startRecord, Int32 maxRecords, String srcTable, IDbCommand command, CommandBehavior behavior)
   at System.Data.Common.DbDataAdapter.Fill(DataSet dataSet)
   at G2.DAL.SQLDatabaseAccess.ExecuteProcedure(String procName, IEnumerable`1 parameters)
2017-12-21 10:05:45,825 | [18] | DefaultLogger | DEBUG - DefaultDatabaseAccessFactory-> GetAppDatabase : SQLDatabaseAccess class instantiated...
2017-12-21 10:05:45,837 | [18] | DefaultLogger | DEBUG - OpenConnection: Connection object instantiated...
2017-12-21 10:05:45,845 | [18] | DefaultLogger | DEBUG - OpenConnection: Connection opened...
2017-12-21 10:05:45,853 | [18] | DefaultLogger | DEBUG - ExecuteProcedure: Started...
2017-12-21 10:05:45,861 | [18] | DefaultLogger | DEBUG - GetSqlCommand: Started...
2017-12-21 10:05:45,869 | [18] | DefaultLogger | INFO  - GetSqlCommand: Command 'P_Account_VerifyLoginCreds' object created...
2017-12-21 10:05:45,877 | [18] | DefaultLogger | DEBUG - GetSqlCommand: Completed...
2017-12-21 10:05:45,889 | [18] | DefaultLogger | DEBUG - AddCommandParameters: Started...
2017-12-21 10:05:45,897 | [18] | DefaultLogger | INFO  - AddCommandParameters: parameter count - 2
2017-12-21 10:05:45,909 | [18] | DefaultLogger | INFO  - Parameter: Name: @UserName, Direction: In, DataType: String, Value: s, Size: -1
2017-12-21 10:05:45,909 | [18] | DefaultLogger | INFO  - Parameter: Name: @Password, Direction: In, DataType: String, Value: HW3h/334n4FtOtEd+i97Sw==, Size: -1
2017-12-21 10:05:45,925 | [18] | DefaultLogger | DEBUG - AddCommandParameters: Completed...
2017-12-21 10:05:45,940 | [18] | DefaultLogger | DEBUG - ExecuteProcedure: Error...
2017-12-21 10:05:45,940 | [18] | DefaultLogger | DEBUG - WrapDatabaseException: Started...
2017-12-21 10:05:45,956 | [18] | DefaultLogger | DEBUG - WrapDatabaseException: Completed...
2017-12-21 10:05:45,972 | [18] | DefaultLogger | DEBUG - Connection closed...
2017-12-21 10:05:45,987 | [18] | DefaultLogger | ERROR - ID: 20171221100545 | Number: -2146232060 | Message: Invalid username / password Trace:    at System.Data.SqlClient.SqlConnection.OnError(SqlException exception, Boolean breakConnection, Action`1 wrapCloseInAction)
   at System.Data.SqlClient.SqlInternalConnection.OnError(SqlException exception, Boolean breakConnection, Action`1 wrapCloseInAction)
   at System.Data.SqlClient.TdsParser.ThrowExceptionAndWarning(TdsParserStateObject stateObj, Boolean callerHasConnectionLock, Boolean asyncClose)
   at System.Data.SqlClient.TdsParser.TryRun(RunBehavior runBehavior, SqlCommand cmdHandler, SqlDataReader dataStream, BulkCopySimpleResultSet bulkCopyHandler, TdsParserStateObject stateObj, Boolean& dataReady)
   at System.Data.SqlClient.SqlDataReader.TryConsumeMetaData()
   at System.Data.SqlClient.SqlDataReader.get_MetaData()
   at System.Data.SqlClient.SqlCommand.FinishExecuteReader(SqlDataReader ds, RunBehavior runBehavior, String resetOptionsString, Boolean isInternal, Boolean forDescribeParameterEncryption)
   at System.Data.SqlClient.SqlCommand.RunExecuteReaderTds(CommandBehavior cmdBehavior, RunBehavior runBehavior, Boolean returnStream, Boolean async, Int32 timeout, Task& task, Boolean asyncWrite, Boolean inRetry, SqlDataReader ds, Boolean describeParameterEncryptionRequest)
   at System.Data.SqlClient.SqlCommand.RunExecuteReader(CommandBehavior cmdBehavior, RunBehavior runBehavior, Boolean returnStream, String method, TaskCompletionSource`1 completion, Int32 timeout, Task& task, Boolean& usedCache, Boolean asyncWrite, Boolean inRetry)
   at System.Data.SqlClient.SqlCommand.RunExecuteReader(CommandBehavior cmdBehavior, RunBehavior runBehavior, Boolean returnStream, String method)
   at System.Data.SqlClient.SqlCommand.ExecuteReader(CommandBehavior behavior, String method)
   at System.Data.SqlClient.SqlCommand.ExecuteDbDataReader(CommandBehavior behavior)
   at System.Data.Common.DbCommand.System.Data.IDbCommand.ExecuteReader(CommandBehavior behavior)
   at System.Data.Common.DbDataAdapter.FillInternal(DataSet dataset, DataTable[] datatables, Int32 startRecord, Int32 maxRecords, String srcTable, IDbCommand command, CommandBehavior behavior)
   at System.Data.Common.DbDataAdapter.Fill(DataSet dataSet, Int32 startRecord, Int32 maxRecords, String srcTable, IDbCommand command, CommandBehavior behavior)
   at System.Data.Common.DbDataAdapter.Fill(DataSet dataSet)
   at G2.DAL.SQLDatabaseAccess.ExecuteProcedure(String procName, IEnumerable`1 parameters)
2017-12-21 10:06:10,788 | [18] | DefaultLogger | DEBUG - DefaultDatabaseAccessFactory-> GetAppDatabase : SQLDatabaseAccess class instantiated...
2017-12-21 10:06:10,804 | [18] | DefaultLogger | DEBUG - OpenConnection: Connection object instantiated...
2017-12-21 10:06:10,820 | [18] | DefaultLogger | DEBUG - OpenConnection: Connection opened...
2017-12-21 10:06:10,832 | [18] | DefaultLogger | DEBUG - ExecuteProcedure: Started...
2017-12-21 10:06:10,840 | [18] | DefaultLogger | DEBUG - GetSqlCommand: Started...
2017-12-21 10:06:10,852 | [18] | DefaultLogger | INFO  - GetSqlCommand: Command 'P_Account_VerifyLoginCreds' object created...
2017-12-21 10:06:10,860 | [18] | DefaultLogger | DEBUG - GetSqlCommand: Completed...
2017-12-21 10:06:10,868 | [18] | DefaultLogger | DEBUG - AddCommandParameters: Started...
2017-12-21 10:06:10,876 | [18] | DefaultLogger | INFO  - AddCommandParameters: parameter count - 2
2017-12-21 10:06:10,880 | [18] | DefaultLogger | INFO  - Parameter: Name: @UserName, Direction: In, DataType: String, Value: ddddd, Size: -1
2017-12-21 10:06:10,888 | [18] | DefaultLogger | INFO  - Parameter: Name: @Password, Direction: In, DataType: String, Value: WYltvBI+jzplknokhR/jug==, Size: -1
2017-12-21 10:06:10,892 | [18] | DefaultLogger | DEBUG - AddCommandParameters: Completed...
2017-12-21 10:06:10,892 | [18] | DefaultLogger | DEBUG - ExecuteProcedure: Error...
2017-12-21 10:06:10,908 | [18] | DefaultLogger | DEBUG - WrapDatabaseException: Started...
2017-12-21 10:06:10,908 | [18] | DefaultLogger | DEBUG - WrapDatabaseException: Completed...
2017-12-21 10:06:10,923 | [18] | DefaultLogger | DEBUG - Connection closed...
2017-12-21 10:06:10,939 | [18] | DefaultLogger | ERROR - ID: 20171221100610 | Number: -2146232060 | Message: Invalid username / password Trace:    at System.Data.SqlClient.SqlConnection.OnError(SqlException exception, Boolean breakConnection, Action`1 wrapCloseInAction)
   at System.Data.SqlClient.SqlInternalConnection.OnError(SqlException exception, Boolean breakConnection, Action`1 wrapCloseInAction)
   at System.Data.SqlClient.TdsParser.ThrowExceptionAndWarning(TdsParserStateObject stateObj, Boolean callerHasConnectionLock, Boolean asyncClose)
   at System.Data.SqlClient.TdsParser.TryRun(RunBehavior runBehavior, SqlCommand cmdHandler, SqlDataReader dataStream, BulkCopySimpleResultSet bulkCopyHandler, TdsParserStateObject stateObj, Boolean& dataReady)
   at System.Data.SqlClient.SqlDataReader.TryConsumeMetaData()
   at System.Data.SqlClient.SqlDataReader.get_MetaData()
   at System.Data.SqlClient.SqlCommand.FinishExecuteReader(SqlDataReader ds, RunBehavior runBehavior, String resetOptionsString, Boolean isInternal, Boolean forDescribeParameterEncryption)
   at System.Data.SqlClient.SqlCommand.RunExecuteReaderTds(CommandBehavior cmdBehavior, RunBehavior runBehavior, Boolean returnStream, Boolean async, Int32 timeout, Task& task, Boolean asyncWrite, Boolean inRetry, SqlDataReader ds, Boolean describeParameterEncryptionRequest)
   at System.Data.SqlClient.SqlCommand.RunExecuteReader(CommandBehavior cmdBehavior, RunBehavior runBehavior, Boolean returnStream, String method, TaskCompletionSource`1 completion, Int32 timeout, Task& task, Boolean& usedCache, Boolean asyncWrite, Boolean inRetry)
   at System.Data.SqlClient.SqlCommand.RunExecuteReader(CommandBehavior cmdBehavior, RunBehavior runBehavior, Boolean returnStream, String method)
   at System.Data.SqlClient.SqlCommand.ExecuteReader(CommandBehavior behavior, String method)
   at System.Data.SqlClient.SqlCommand.ExecuteDbDataReader(CommandBehavior behavior)
   at System.Data.Common.DbCommand.System.Data.IDbCommand.ExecuteReader(CommandBehavior behavior)
   at System.Data.Common.DbDataAdapter.FillInternal(DataSet dataset, DataTable[] datatables, Int32 startRecord, Int32 maxRecords, String srcTable, IDbCommand command, CommandBehavior behavior)
   at System.Data.Common.DbDataAdapter.Fill(DataSet dataSet, Int32 startRecord, Int32 maxRecords, String srcTable, IDbCommand command, CommandBehavior behavior)
   at System.Data.Common.DbDataAdapter.Fill(DataSet dataSet)
   at G2.DAL.SQLDatabaseAccess.ExecuteProcedure(String procName, IEnumerable`1 parameters)
2017-12-21 10:06:52,062 | [19] | DefaultLogger | DEBUG - DefaultDatabaseAccessFactory-> GetAppDatabase : SQLDatabaseAccess class instantiated...
2017-12-21 10:06:52,078 | [19] | DefaultLogger | DEBUG - OpenConnection: Connection object instantiated...
2017-12-21 10:06:52,090 | [19] | DefaultLogger | DEBUG - OpenConnection: Connection opened...
2017-12-21 10:06:52,094 | [19] | DefaultLogger | DEBUG - ExecuteProcedure: Started...
2017-12-21 10:06:52,102 | [19] | DefaultLogger | DEBUG - GetSqlCommand: Started...
2017-12-21 10:06:52,106 | [19] | DefaultLogger | INFO  - GetSqlCommand: Command 'P_Account_VerifyLoginCreds' object created...
2017-12-21 10:06:52,106 | [19] | DefaultLogger | DEBUG - GetSqlCommand: Completed...
2017-12-21 10:06:52,122 | [19] | DefaultLogger | DEBUG - AddCommandParameters: Started...
2017-12-21 10:06:52,122 | [19] | DefaultLogger | INFO  - AddCommandParameters: parameter count - 2
2017-12-21 10:06:52,122 | [19] | DefaultLogger | INFO  - Parameter: Name: @UserName, Direction: In, DataType: String, Value: MLI, Size: -1
2017-12-21 10:06:52,138 | [19] | DefaultLogger | INFO  - Parameter: Name: @Password, Direction: In, DataType: String, Value: pSzNwXpUIzJCzksJOPo62w==, Size: -1
2017-12-21 10:06:52,138 | [19] | DefaultLogger | DEBUG - AddCommandParameters: Completed...
2017-12-21 10:06:52,153 | [19] | DefaultLogger | DEBUG - ExecuteProcedure: Completed...
2017-12-21 10:06:52,153 | [19] | DefaultLogger | DEBUG - Connection closed...
2017-12-21 10:11:03,296 | [18] | DefaultLogger | DEBUG - DefaultDatabaseAccessFactory-> GetAppDatabase : SQLDatabaseAccess class instantiated...
2017-12-21 10:11:03,308 | [18] | DefaultLogger | DEBUG - OpenConnection: Connection object instantiated...
2017-12-21 10:11:03,328 | [18] | DefaultLogger | DEBUG - OpenConnection: Connection opened...
2017-12-21 10:11:03,340 | [18] | DefaultLogger | DEBUG - ExecuteProcedure: Started...
2017-12-21 10:11:03,360 | [18] | DefaultLogger | DEBUG - GetSqlCommand: Started...
2017-12-21 10:11:03,364 | [18] | DefaultLogger | INFO  - GetSqlCommand: Command 'P_Account_VerifyLoginCreds' object created...
2017-12-21 10:11:03,380 | [18] | DefaultLogger | DEBUG - GetSqlCommand: Completed...
2017-12-21 10:11:03,396 | [18] | DefaultLogger | DEBUG - AddCommandParameters: Started...
2017-12-21 10:11:03,396 | [18] | DefaultLogger | INFO  - AddCommandParameters: parameter count - 2
2017-12-21 10:11:03,411 | [18] | DefaultLogger | INFO  - Parameter: Name: @UserName, Direction: In, DataType: String, Value: MLI, Size: -1
2017-12-21 10:11:03,411 | [18] | DefaultLogger | INFO  - Parameter: Name: @Password, Direction: In, DataType: String, Value: pSzNwXpUIzJCzksJOPo62w==, Size: -1
2017-12-21 10:11:03,427 | [18] | DefaultLogger | DEBUG - AddCommandParameters: Completed...
2017-12-21 10:11:03,442 | [18] | DefaultLogger | DEBUG - ExecuteProcedure: Completed...
2017-12-21 10:11:03,442 | [18] | DefaultLogger | DEBUG - Connection closed...
2017-12-21 10:11:45,075 | [18] | DefaultLogger | DEBUG - DefaultDatabaseAccessFactory-> GetAppDatabase : SQLDatabaseAccess class instantiated...
2017-12-21 10:11:45,087 | [18] | DefaultLogger | DEBUG - OpenConnection: Connection object instantiated...
2017-12-21 10:11:45,099 | [18] | DefaultLogger | DEBUG - OpenConnection: Connection opened...
2017-12-21 10:11:45,111 | [18] | DefaultLogger | DEBUG - ExecuteProcedure: Started...
2017-12-21 10:11:45,119 | [18] | DefaultLogger | DEBUG - GetSqlCommand: Started...
2017-12-21 10:11:45,135 | [18] | DefaultLogger | INFO  - GetSqlCommand: Command 'P_Account_VerifyLoginCreds' object created...
2017-12-21 10:11:45,143 | [18] | DefaultLogger | DEBUG - GetSqlCommand: Completed...
2017-12-21 10:11:45,149 | [18] | DefaultLogger | DEBUG - AddCommandParameters: Started...
2017-12-21 10:11:45,149 | [18] | DefaultLogger | INFO  - AddCommandParameters: parameter count - 2
2017-12-21 10:11:45,164 | [18] | DefaultLogger | INFO  - Parameter: Name: @UserName, Direction: In, DataType: String, Value: MLI, Size: -1
2017-12-21 10:11:45,164 | [18] | DefaultLogger | INFO  - Parameter: Name: @Password, Direction: In, DataType: String, Value: pSzNwXpUIzJCzksJOPo62w==, Size: -1
2017-12-21 10:11:45,164 | [18] | DefaultLogger | DEBUG - AddCommandParameters: Completed...
2017-12-21 10:11:45,180 | [18] | DefaultLogger | DEBUG - ExecuteProcedure: Completed...
2017-12-21 10:11:45,180 | [18] | DefaultLogger | DEBUG - Connection closed...
2017-12-21 10:28:52,886 | [47] | DefaultLogger | DEBUG - DefaultDatabaseAccessFactory-> GetAppDatabase : SQLDatabaseAccess class instantiated...
2017-12-21 10:28:52,898 | [47] | DefaultLogger | DEBUG - OpenConnection: Connection object instantiated...
2017-12-21 10:28:52,906 | [47] | DefaultLogger | DEBUG - OpenConnection: Connection opened...
2017-12-21 10:28:52,914 | [47] | DefaultLogger | DEBUG - ExecuteProcedure: Started...
2017-12-21 10:28:52,918 | [47] | DefaultLogger | DEBUG - GetSqlCommand: Started...
2017-12-21 10:28:52,926 | [47] | DefaultLogger | INFO  - GetSqlCommand: Command 'P_Account_VerifyLoginCreds' object created...
2017-12-21 10:28:52,934 | [47] | DefaultLogger | DEBUG - GetSqlCommand: Completed...
2017-12-21 10:28:52,938 | [47] | DefaultLogger | DEBUG - AddCommandParameters: Started...
2017-12-21 10:28:52,938 | [47] | DefaultLogger | INFO  - AddCommandParameters: parameter count - 2
2017-12-21 10:28:52,938 | [47] | DefaultLogger | INFO  - Parameter: Name: @UserName, Direction: In, DataType: String, Value: MLI, Size: -1
2017-12-21 10:28:52,954 | [47] | DefaultLogger | INFO  - Parameter: Name: @Password, Direction: In, DataType: String, Value: pSzNwXpUIzJCzksJOPo62w==, Size: -1
2017-12-21 10:28:52,954 | [47] | DefaultLogger | DEBUG - AddCommandParameters: Completed...
2017-12-21 10:28:52,969 | [47] | DefaultLogger | DEBUG - ExecuteProcedure: Completed...
2017-12-21 10:28:52,969 | [47] | DefaultLogger | DEBUG - Connection closed...
2017-12-21 10:38:01,954 | [46] | DefaultLogger | DEBUG - DefaultDatabaseAccessFactory-> GetAppDatabase : SQLDatabaseAccess class instantiated...
2017-12-21 10:38:01,962 | [46] | DefaultLogger | DEBUG - OpenConnection: Connection object instantiated...
2017-12-21 10:38:01,978 | [46] | DefaultLogger | DEBUG - OpenConnection: Connection opened...
2017-12-21 10:38:01,986 | [46] | DefaultLogger | DEBUG - ExecuteProcedure: Started...
2017-12-21 10:38:01,998 | [46] | DefaultLogger | DEBUG - GetSqlCommand: Started...
2017-12-21 10:38:02,006 | [46] | DefaultLogger | INFO  - GetSqlCommand: Command 'P_Account_VerifyLoginCreds' object created...
2017-12-21 10:38:02,015 | [46] | DefaultLogger | DEBUG - GetSqlCommand: Completed...
2017-12-21 10:38:02,015 | [46] | DefaultLogger | DEBUG - AddCommandParameters: Started...
2017-12-21 10:38:02,031 | [46] | DefaultLogger | INFO  - AddCommandParameters: parameter count - 2
2017-12-21 10:38:02,031 | [46] | DefaultLogger | INFO  - Parameter: Name: @UserName, Direction: In, DataType: String, Value: MLI, Size: -1
2017-12-21 10:38:02,046 | [46] | DefaultLogger | INFO  - Parameter: Name: @Password, Direction: In, DataType: String, Value: pSzNwXpUIzJCzksJOPo62w==, Size: -1
2017-12-21 10:38:02,062 | [46] | DefaultLogger | DEBUG - AddCommandParameters: Completed...
2017-12-21 10:38:02,077 | [46] | DefaultLogger | DEBUG - ExecuteProcedure: Completed...
2017-12-21 10:38:02,093 | [46] | DefaultLogger | DEBUG - Connection closed...
2017-12-21 10:41:58,857 | [55] | DefaultLogger | DEBUG - DefaultDatabaseAccessFactory-> GetAppDatabase : SQLDatabaseAccess class instantiated...
2017-12-21 10:41:58,873 | [55] | DefaultLogger | DEBUG - OpenConnection: Connection object instantiated...
2017-12-21 10:41:58,881 | [55] | DefaultLogger | DEBUG - OpenConnection: Connection opened...
2017-12-21 10:41:58,889 | [55] | DefaultLogger | DEBUG - ExecuteProcedure: Started...
2017-12-21 10:41:58,893 | [55] | DefaultLogger | DEBUG - GetSqlCommand: Started...
2017-12-21 10:41:58,901 | [55] | DefaultLogger | INFO  - GetSqlCommand: Command 'P_Account_VerifyLoginCreds' object created...
2017-12-21 10:41:58,905 | [55] | DefaultLogger | DEBUG - GetSqlCommand: Completed...
2017-12-21 10:41:58,905 | [55] | DefaultLogger | DEBUG - AddCommandParameters: Started...
2017-12-21 10:41:58,905 | [55] | DefaultLogger | INFO  - AddCommandParameters: parameter count - 2
2017-12-21 10:41:58,921 | [55] | DefaultLogger | INFO  - Parameter: Name: @UserName, Direction: In, DataType: String, Value: MLI, Size: -1
2017-12-21 10:41:58,921 | [55] | DefaultLogger | INFO  - Parameter: Name: @Password, Direction: In, DataType: String, Value: pSzNwXpUIzJCzksJOPo62w==, Size: -1
2017-12-21 10:41:58,921 | [55] | DefaultLogger | DEBUG - AddCommandParameters: Completed...
2017-12-21 10:41:58,937 | [55] | DefaultLogger | DEBUG - ExecuteProcedure: Completed...
2017-12-21 10:41:58,954 | [55] | DefaultLogger | DEBUG - Connection closed...
2017-12-21 10:42:24,864 | [52] | DefaultLogger | DEBUG - DefaultDatabaseAccessFactory-> GetAppDatabase : SQLDatabaseAccess class instantiated...
2017-12-21 10:42:24,880 | [52] | DefaultLogger | DEBUG - OpenConnection: Connection object instantiated...
2017-12-21 10:42:24,895 | [52] | DefaultLogger | DEBUG - OpenConnection: Connection opened...
2017-12-21 10:42:24,911 | [52] | DefaultLogger | DEBUG - ExecuteProcedure: Started...
2017-12-21 10:42:24,926 | [52] | DefaultLogger | DEBUG - GetSqlCommand: Started...
2017-12-21 10:42:24,942 | [52] | DefaultLogger | INFO  - GetSqlCommand: Command 'P_Account_VerifyLoginCreds' object created...
2017-12-21 10:42:24,942 | [52] | DefaultLogger | DEBUG - GetSqlCommand: Completed...
2017-12-21 10:42:24,958 | [52] | DefaultLogger | DEBUG - AddCommandParameters: Started...
2017-12-21 10:42:24,958 | [52] | DefaultLogger | INFO  - AddCommandParameters: parameter count - 2
2017-12-21 10:42:24,973 | [52] | DefaultLogger | INFO  - Parameter: Name: @UserName, Direction: In, DataType: String, Value: MLI, Size: -1
2017-12-21 10:42:24,973 | [52] | DefaultLogger | INFO  - Parameter: Name: @Password, Direction: In, DataType: String, Value: pSzNwXpUIzJCzksJOPo62w==, Size: -1
2017-12-21 10:42:24,973 | [52] | DefaultLogger | DEBUG - AddCommandParameters: Completed...
2017-12-21 10:42:24,989 | [52] | DefaultLogger | DEBUG - ExecuteProcedure: Completed...
2017-12-21 10:42:25,005 | [52] | DefaultLogger | DEBUG - Connection closed...
2017-12-21 10:46:12,785 | [59] | DefaultLogger | DEBUG - DefaultDatabaseAccessFactory-> GetAppDatabase : SQLDatabaseAccess class instantiated...
2017-12-21 10:46:12,800 | [59] | DefaultLogger | DEBUG - OpenConnection: Connection object instantiated...
2017-12-21 10:46:12,816 | [59] | DefaultLogger | DEBUG - OpenConnection: Connection opened...
2017-12-21 10:46:12,816 | [59] | DefaultLogger | DEBUG - ExecuteProcedure: Started...
2017-12-21 10:46:12,831 | [59] | DefaultLogger | DEBUG - GetSqlCommand: Started...
2017-12-21 10:46:12,847 | [59] | DefaultLogger | INFO  - GetSqlCommand: Command 'P_Account_VerifyLoginCreds' object created...
2017-12-21 10:46:12,863 | [59] | DefaultLogger | DEBUG - GetSqlCommand: Completed...
2017-12-21 10:46:12,878 | [59] | DefaultLogger | DEBUG - AddCommandParameters: Started...
2017-12-21 10:46:12,878 | [59] | DefaultLogger | INFO  - AddCommandParameters: parameter count - 2
2017-12-21 10:46:12,894 | [59] | DefaultLogger | INFO  - Parameter: Name: @UserName, Direction: In, DataType: String, Value: MLI, Size: -1
2017-12-21 10:46:12,894 | [59] | DefaultLogger | INFO  - Parameter: Name: @Password, Direction: In, DataType: String, Value: pSzNwXpUIzJCzksJOPo62w==, Size: -1
2017-12-21 10:46:12,910 | [59] | DefaultLogger | DEBUG - AddCommandParameters: Completed...
2017-12-21 10:46:12,925 | [59] | DefaultLogger | DEBUG - ExecuteProcedure: Completed...
2017-12-21 10:46:12,925 | [59] | DefaultLogger | DEBUG - Connection closed...
2017-12-21 10:57:44,271 | [70] | DefaultLogger | DEBUG - DefaultDatabaseAccessFactory-> GetAppDatabase : SQLDatabaseAccess class instantiated...
2017-12-21 10:57:44,283 | [70] | DefaultLogger | DEBUG - OpenConnection: Connection object instantiated...
2017-12-21 10:57:44,291 | [70] | DefaultLogger | DEBUG - OpenConnection: Connection opened...
2017-12-21 10:57:44,303 | [70] | DefaultLogger | DEBUG - ExecuteProcedure: Started...
2017-12-21 10:57:44,311 | [70] | DefaultLogger | DEBUG - GetSqlCommand: Started...
2017-12-21 10:57:44,319 | [70] | DefaultLogger | INFO  - GetSqlCommand: Command 'P_Account_VerifyLoginCreds' object created...
2017-12-21 10:57:44,327 | [70] | DefaultLogger | DEBUG - GetSqlCommand: Completed...
2017-12-21 10:57:44,336 | [70] | DefaultLogger | DEBUG - AddCommandParameters: Started...
2017-12-21 10:57:44,336 | [70] | DefaultLogger | INFO  - AddCommandParameters: parameter count - 2
2017-12-21 10:57:44,336 | [70] | DefaultLogger | INFO  - Parameter: Name: @UserName, Direction: In, DataType: String, Value: MLI, Size: -1
2017-12-21 10:57:44,352 | [70] | DefaultLogger | INFO  - Parameter: Name: @Password, Direction: In, DataType: String, Value: pSzNwXpUIzJCzksJOPo62w==, Size: -1
2017-12-21 10:57:44,352 | [70] | DefaultLogger | DEBUG - AddCommandParameters: Completed...
2017-12-21 10:57:44,367 | [70] | DefaultLogger | DEBUG - ExecuteProcedure: Completed...
2017-12-21 10:57:44,367 | [70] | DefaultLogger | DEBUG - Connection closed...
2017-12-21 10:57:55,266 | [69] | DefaultLogger | DEBUG - DefaultDatabaseAccessFactory-> GetAppDatabase : SQLDatabaseAccess class instantiated...
2017-12-21 10:57:55,286 | [69] | DefaultLogger | DEBUG - OpenConnection: Connection object instantiated...
2017-12-21 10:57:55,302 | [69] | DefaultLogger | DEBUG - OpenConnection: Connection opened...
2017-12-21 10:57:55,314 | [69] | DefaultLogger | DEBUG - ExecuteProcedure: Started...
2017-12-21 10:57:55,326 | [69] | DefaultLogger | DEBUG - GetSqlCommand: Started...
2017-12-21 10:57:55,334 | [69] | DefaultLogger | INFO  - GetSqlCommand: Command 'P_Account_VerifyLoginCreds' object created...
2017-12-21 10:57:55,334 | [69] | DefaultLogger | DEBUG - GetSqlCommand: Completed...
2017-12-21 10:57:55,350 | [69] | DefaultLogger | DEBUG - AddCommandParameters: Started...
2017-12-21 10:57:55,350 | [69] | DefaultLogger | INFO  - AddCommandParameters: parameter count - 2
2017-12-21 10:57:55,350 | [69] | DefaultLogger | INFO  - Parameter: Name: @UserName, Direction: In, DataType: String, Value: Acd, Size: -1
2017-12-21 10:57:55,365 | [69] | DefaultLogger | INFO  - Parameter: Name: @Password, Direction: In, DataType: String, Value: fIy9/TfksizerFXQIQcJ8g==, Size: -1
2017-12-21 10:57:55,365 | [69] | DefaultLogger | DEBUG - AddCommandParameters: Completed...
2017-12-21 10:57:55,412 | [69] | DefaultLogger | DEBUG - ExecuteProcedure: Error...
2017-12-21 10:57:55,412 | [69] | DefaultLogger | DEBUG - WrapDatabaseException: Started...
2017-12-21 10:57:55,428 | [69] | DefaultLogger | DEBUG - WrapDatabaseException: Completed...
2017-12-21 10:57:55,459 | [69] | DefaultLogger | DEBUG - Connection closed...
2017-12-21 10:57:55,475 | [69] | DefaultLogger | ERROR - ID: 20171221105755 | Number: -2146232060 | Message: Invalid username / password Trace:    at System.Data.SqlClient.SqlConnection.OnError(SqlException exception, Boolean breakConnection, Action`1 wrapCloseInAction)
   at System.Data.SqlClient.SqlInternalConnection.OnError(SqlException exception, Boolean breakConnection, Action`1 wrapCloseInAction)
   at System.Data.SqlClient.TdsParser.ThrowExceptionAndWarning(TdsParserStateObject stateObj, Boolean callerHasConnectionLock, Boolean asyncClose)
   at System.Data.SqlClient.TdsParser.TryRun(RunBehavior runBehavior, SqlCommand cmdHandler, SqlDataReader dataStream, BulkCopySimpleResultSet bulkCopyHandler, TdsParserStateObject stateObj, Boolean& dataReady)
   at System.Data.SqlClient.SqlDataReader.TryConsumeMetaData()
   at System.Data.SqlClient.SqlDataReader.get_MetaData()
   at System.Data.SqlClient.SqlCommand.FinishExecuteReader(SqlDataReader ds, RunBehavior runBehavior, String resetOptionsString, Boolean isInternal, Boolean forDescribeParameterEncryption)
   at System.Data.SqlClient.SqlCommand.RunExecuteReaderTds(CommandBehavior cmdBehavior, RunBehavior runBehavior, Boolean returnStream, Boolean async, Int32 timeout, Task& task, Boolean asyncWrite, Boolean inRetry, SqlDataReader ds, Boolean describeParameterEncryptionRequest)
   at System.Data.SqlClient.SqlCommand.RunExecuteReader(CommandBehavior cmdBehavior, RunBehavior runBehavior, Boolean returnStream, String method, TaskCompletionSource`1 completion, Int32 timeout, Task& task, Boolean& usedCache, Boolean asyncWrite, Boolean inRetry)
   at System.Data.SqlClient.SqlCommand.RunExecuteReader(CommandBehavior cmdBehavior, RunBehavior runBehavior, Boolean returnStream, String method)
   at System.Data.SqlClient.SqlCommand.ExecuteReader(CommandBehavior behavior, String method)
   at System.Data.SqlClient.SqlCommand.ExecuteDbDataReader(CommandBehavior behavior)
   at System.Data.Common.DbCommand.System.Data.IDbCommand.ExecuteReader(CommandBehavior behavior)
   at System.Data.Common.DbDataAdapter.FillInternal(DataSet dataset, DataTable[] datatables, Int32 startRecord, Int32 maxRecords, String srcTable, IDbCommand command, CommandBehavior behavior)
   at System.Data.Common.DbDataAdapter.Fill(DataSet dataSet, Int32 startRecord, Int32 maxRecords, String srcTable, IDbCommand command, CommandBehavior behavior)
   at System.Data.Common.DbDataAdapter.Fill(DataSet dataSet)
   at G2.DAL.SQLDatabaseAccess.ExecuteProcedure(String procName, IEnumerable`1 parameters)
2017-12-21 10:58:16,472 | [69] | DefaultLogger | DEBUG - DefaultDatabaseAccessFactory-> GetAppDatabase : SQLDatabaseAccess class instantiated...
2017-12-21 10:58:16,485 | [69] | DefaultLogger | DEBUG - OpenConnection: Connection object instantiated...
2017-12-21 10:58:16,501 | [69] | DefaultLogger | DEBUG - OpenConnection: Connection opened...
2017-12-21 10:58:16,516 | [69] | DefaultLogger | DEBUG - ExecuteProcedure: Started...
2017-12-21 10:58:16,532 | [69] | DefaultLogger | DEBUG - GetSqlCommand: Started...
2017-12-21 10:58:16,547 | [69] | DefaultLogger | INFO  - GetSqlCommand: Command 'P_Account_VerifyLoginCreds' object created...
2017-12-21 10:58:16,563 | [69] | DefaultLogger | DEBUG - GetSqlCommand: Completed...
2017-12-21 10:58:16,579 | [69] | DefaultLogger | DEBUG - AddCommandParameters: Started...
2017-12-21 10:58:16,579 | [69] | DefaultLogger | INFO  - AddCommandParameters: parameter count - 2
2017-12-21 10:58:16,594 | [69] | DefaultLogger | INFO  - Parameter: Name: @UserName, Direction: In, DataType: String, Value: Acd, Size: -1
2017-12-21 10:58:16,594 | [69] | DefaultLogger | INFO  - Parameter: Name: @Password, Direction: In, DataType: String, Value: fIy9/TfksizerFXQIQcJ8g==, Size: -1
2017-12-21 10:58:16,610 | [69] | DefaultLogger | DEBUG - AddCommandParameters: Completed...
2017-12-21 10:58:16,610 | [69] | DefaultLogger | DEBUG - ExecuteProcedure: Error...
2017-12-21 10:58:16,626 | [69] | DefaultLogger | DEBUG - WrapDatabaseException: Started...
2017-12-21 10:58:16,626 | [69] | DefaultLogger | DEBUG - WrapDatabaseException: Completed...
2017-12-21 10:58:16,657 | [69] | DefaultLogger | DEBUG - Connection closed...
2017-12-21 10:58:16,672 | [69] | DefaultLogger | ERROR - ID: 20171221105816 | Number: -2146232060 | Message: Invalid username / password Trace:    at System.Data.SqlClient.SqlConnection.OnError(SqlException exception, Boolean breakConnection, Action`1 wrapCloseInAction)
   at System.Data.SqlClient.SqlInternalConnection.OnError(SqlException exception, Boolean breakConnection, Action`1 wrapCloseInAction)
   at System.Data.SqlClient.TdsParser.ThrowExceptionAndWarning(TdsParserStateObject stateObj, Boolean callerHasConnectionLock, Boolean asyncClose)
   at System.Data.SqlClient.TdsParser.TryRun(RunBehavior runBehavior, SqlCommand cmdHandler, SqlDataReader dataStream, BulkCopySimpleResultSet bulkCopyHandler, TdsParserStateObject stateObj, Boolean& dataReady)
   at System.Data.SqlClient.SqlDataReader.TryConsumeMetaData()
   at System.Data.SqlClient.SqlDataReader.get_MetaData()
   at System.Data.SqlClient.SqlCommand.FinishExecuteReader(SqlDataReader ds, RunBehavior runBehavior, String resetOptionsString, Boolean isInternal, Boolean forDescribeParameterEncryption)
   at System.Data.SqlClient.SqlCommand.RunExecuteReaderTds(CommandBehavior cmdBehavior, RunBehavior runBehavior, Boolean returnStream, Boolean async, Int32 timeout, Task& task, Boolean asyncWrite, Boolean inRetry, SqlDataReader ds, Boolean describeParameterEncryptionRequest)
   at System.Data.SqlClient.SqlCommand.RunExecuteReader(CommandBehavior cmdBehavior, RunBehavior runBehavior, Boolean returnStream, String method, TaskCompletionSource`1 completion, Int32 timeout, Task& task, Boolean& usedCache, Boolean asyncWrite, Boolean inRetry)
   at System.Data.SqlClient.SqlCommand.RunExecuteReader(CommandBehavior cmdBehavior, RunBehavior runBehavior, Boolean returnStream, String method)
   at System.Data.SqlClient.SqlCommand.ExecuteReader(CommandBehavior behavior, String method)
   at System.Data.SqlClient.SqlCommand.ExecuteDbDataReader(CommandBehavior behavior)
   at System.Data.Common.DbCommand.System.Data.IDbCommand.ExecuteReader(CommandBehavior behavior)
   at System.Data.Common.DbDataAdapter.FillInternal(DataSet dataset, DataTable[] datatables, Int32 startRecord, Int32 maxRecords, String srcTable, IDbCommand command, CommandBehavior behavior)
   at System.Data.Common.DbDataAdapter.Fill(DataSet dataSet, Int32 startRecord, Int32 maxRecords, String srcTable, IDbCommand command, CommandBehavior behavior)
   at System.Data.Common.DbDataAdapter.Fill(DataSet dataSet)
   at G2.DAL.SQLDatabaseAccess.ExecuteProcedure(String procName, IEnumerable`1 parameters)
