2017-12-19 10:18:37,886 | [1] | DefaultLogger | DEBUG - EncryptionKey key has been set...
2017-12-19 10:18:37,886 | [1] | DefaultLogger | DEBUG - AutoMapper settings started...
2017-12-19 10:18:38,058 | [1] | DefaultLogger | DEBUG - AutoMapper settings initialized...
2017-12-19 10:18:38,074 | [1] | DefaultLogger | DEBUG - AutoMapper settings validated...
2017-12-19 10:28:43,664 | [1] | DefaultLogger | DEBUG - EncryptionKey key has been set...
2017-12-19 10:28:43,676 | [1] | DefaultLogger | DEBUG - AutoMapper settings started...
2017-12-19 10:28:43,859 | [1] | DefaultLogger | DEBUG - AutoMapper settings initialized...
2017-12-19 10:28:43,875 | [1] | DefaultLogger | DEBUG - AutoMapper settings validated...
2017-12-19 10:30:26,701 | [11] | DefaultLogger | DEBUG - DefaultDatabaseAccessFactory-> GetAppDatabase : SQLDatabaseAccess class instantiated...
2017-12-19 10:30:26,716 | [11] | DefaultLogger | DEBUG - OpenConnection: Connection object instantiated...
2017-12-19 10:30:26,763 | [11] | DefaultLogger | DEBUG - OpenConnection: Connection opened...
2017-12-19 10:30:27,951 | [11] | DefaultLogger | DEBUG - ExecuteProcedure: Started...
2017-12-19 10:30:27,951 | [11] | DefaultLogger | DEBUG - GetSqlCommand: Started...
2017-12-19 10:30:27,951 | [11] | DefaultLogger | INFO  - GetSqlCommand: Command 'P_Account_VerifyLoginCreds' object created...
2017-12-19 10:30:27,967 | [11] | DefaultLogger | DEBUG - GetSqlCommand: Completed...
2017-12-19 10:30:27,983 | [11] | DefaultLogger | DEBUG - AddCommandParameters: Started...
2017-12-19 10:30:27,983 | [11] | DefaultLogger | INFO  - AddCommandParameters: parameter count - 2
2017-12-19 10:30:28,014 | [11] | DefaultLogger | INFO  - Parameter: Name: @UserName, Direction: In, DataType: String, Value: G2, Size: -1
2017-12-19 10:30:28,014 | [11] | DefaultLogger | INFO  - Parameter: Name: @Password, Direction: In, DataType: String, Value: fIy9/TfksizerFXQIQcJ8g==, Size: -1
2017-12-19 10:30:28,029 | [11] | DefaultLogger | DEBUG - AddCommandParameters: Completed...
2017-12-19 10:30:28,186 | [11] | DefaultLogger | DEBUG - ExecuteProcedure: Error...
2017-12-19 10:30:28,186 | [11] | DefaultLogger | DEBUG - WrapDatabaseException: Started...
2017-12-19 10:30:28,201 | [11] | DefaultLogger | DEBUG - WrapDatabaseException: Completed...
2017-12-19 10:30:33,299 | [11] | DefaultLogger | DEBUG - Connection closed...
2017-12-19 10:30:37,611 | [11] | DefaultLogger | ERROR - ID: 20171219103028 | Number: -2146232060 | Message: Invalid Login Trace:    at System.Data.SqlClient.SqlConnection.OnError(SqlException exception, Boolean breakConnection, Action`1 wrapCloseInAction)
   at System.Data.SqlClient.SqlInternalConnection.OnError(SqlException exception, Boolean breakConnection, Action`1 wrapCloseInAction)
   at System.Data.SqlClient.TdsParser.ThrowExceptionAndWarning(TdsParserStateObject stateObj, Boolean callerHasConnectionLock, Boolean asyncClose)
   at System.Data.SqlClient.TdsParser.TryRun(RunBehavior runBehavior, SqlCommand cmdHandler, SqlDataReader dataStream, BulkCopySimpleResultSet bulkCopyHandler, TdsParserStateObject stateObj, Boolean& dataReady)
   at System.Data.SqlClient.SqlDataReader.TryConsumeMetaData()
   at System.Data.SqlClient.SqlDataReader.get_MetaData()
   at System.Data.SqlClient.SqlCommand.FinishExecuteReader(SqlDataReader ds, RunBehavior runBehavior, String resetOptionsString, Boolean isInternal, Boolean forDescribeParameterEncryption)
   at System.Data.SqlClient.SqlCommand.RunExecuteReaderTds(CommandBehavior cmdBehavior, RunBehavior runBehavior, Boolean returnStream, Boolean async, Int32 timeout, Task& task, Boolean asyncWrite, Boolean inRetry, SqlDataReader ds, Boolean describeParameterEncryptionRequest)
   at System.Data.SqlClient.SqlCommand.RunExecuteReader(CommandBehavior cmdBehavior, RunBehavior runBehavior, Boolean returnStream, String method, TaskCompletionSource`1 completion, Int32 timeout, Task& task, Boolean& usedCache, Boolean asyncWrite, Boolean inRetry)
   at System.Data.SqlClient.SqlCommand.RunExecuteReader(CommandBehavior cmdBehavior, RunBehavior runBehavior, Boolean returnStream, String method)
   at System.Data.SqlClient.SqlCommand.ExecuteReader(CommandBehavior behavior, String method)
   at System.Data.SqlClient.SqlCommand.ExecuteDbDataReader(CommandBehavior behavior)
   at System.Data.Common.DbCommand.System.Data.IDbCommand.ExecuteReader(CommandBehavior behavior)
   at System.Data.Common.DbDataAdapter.FillInternal(DataSet dataset, DataTable[] datatables, Int32 startRecord, Int32 maxRecords, String srcTable, IDbCommand command, CommandBehavior behavior)
   at System.Data.Common.DbDataAdapter.Fill(DataSet dataSet, Int32 startRecord, Int32 maxRecords, String srcTable, IDbCommand command, CommandBehavior behavior)
   at System.Data.Common.DbDataAdapter.Fill(DataSet dataSet)
   at G2.DAL.SQLDatabaseAccess.ExecuteProcedure(String procName, IEnumerable`1 parameters)
2017-12-19 10:32:16,606 | [1] | DefaultLogger | DEBUG - EncryptionKey key has been set...
2017-12-19 10:32:16,621 | [1] | DefaultLogger | DEBUG - AutoMapper settings started...
2017-12-19 10:32:16,789 | [1] | DefaultLogger | DEBUG - AutoMapper settings initialized...
2017-12-19 10:32:16,810 | [1] | DefaultLogger | DEBUG - AutoMapper settings validated...
2017-12-19 10:33:01,268 | [5] | DefaultLogger | DEBUG - DefaultDatabaseAccessFactory-> GetAppDatabase : SQLDatabaseAccess class instantiated...
2017-12-19 10:33:01,299 | [5] | DefaultLogger | DEBUG - OpenConnection: Connection object instantiated...
2017-12-19 10:33:01,346 | [5] | DefaultLogger | DEBUG - OpenConnection: Connection opened...
2017-12-19 10:33:03,562 | [5] | DefaultLogger | DEBUG - ExecuteProcedure: Started...
2017-12-19 10:33:03,562 | [5] | DefaultLogger | DEBUG - GetSqlCommand: Started...
2017-12-19 10:33:03,578 | [5] | DefaultLogger | INFO  - GetSqlCommand: Command 'P_Account_VerifyLoginCreds' object created...
2017-12-19 10:33:03,594 | [5] | DefaultLogger | DEBUG - GetSqlCommand: Completed...
2017-12-19 10:33:03,609 | [5] | DefaultLogger | DEBUG - AddCommandParameters: Started...
2017-12-19 10:33:03,609 | [5] | DefaultLogger | INFO  - AddCommandParameters: parameter count - 2
2017-12-19 10:33:03,625 | [5] | DefaultLogger | INFO  - Parameter: Name: @UserName, Direction: In, DataType: String, Value: G2, Size: -1
2017-12-19 10:33:03,641 | [5] | DefaultLogger | INFO  - Parameter: Name: @Password, Direction: In, DataType: String, Value: fIy9/TfksizerFXQIQcJ8g==, Size: -1
2017-12-19 10:33:03,641 | [5] | DefaultLogger | DEBUG - AddCommandParameters: Completed...
2017-12-19 10:33:03,672 | [5] | DefaultLogger | DEBUG - ExecuteProcedure: Error...
2017-12-19 10:33:03,687 | [5] | DefaultLogger | DEBUG - WrapDatabaseException: Started...
2017-12-19 10:33:03,687 | [5] | DefaultLogger | DEBUG - WrapDatabaseException: Completed...
2017-12-19 10:33:05,382 | [5] | DefaultLogger | DEBUG - Connection closed...
2017-12-19 10:33:07,749 | [5] | DefaultLogger | ERROR - ID: 20171219103303 | Number: -2146232060 | Message: Invalid Login Trace:    at System.Data.SqlClient.SqlConnection.OnError(SqlException exception, Boolean breakConnection, Action`1 wrapCloseInAction)
   at System.Data.SqlClient.SqlInternalConnection.OnError(SqlException exception, Boolean breakConnection, Action`1 wrapCloseInAction)
   at System.Data.SqlClient.TdsParser.ThrowExceptionAndWarning(TdsParserStateObject stateObj, Boolean callerHasConnectionLock, Boolean asyncClose)
   at System.Data.SqlClient.TdsParser.TryRun(RunBehavior runBehavior, SqlCommand cmdHandler, SqlDataReader dataStream, BulkCopySimpleResultSet bulkCopyHandler, TdsParserStateObject stateObj, Boolean& dataReady)
   at System.Data.SqlClient.SqlDataReader.TryConsumeMetaData()
   at System.Data.SqlClient.SqlDataReader.get_MetaData()
   at System.Data.SqlClient.SqlCommand.FinishExecuteReader(SqlDataReader ds, RunBehavior runBehavior, String resetOptionsString, Boolean isInternal, Boolean forDescribeParameterEncryption)
   at System.Data.SqlClient.SqlCommand.RunExecuteReaderTds(CommandBehavior cmdBehavior, RunBehavior runBehavior, Boolean returnStream, Boolean async, Int32 timeout, Task& task, Boolean asyncWrite, Boolean inRetry, SqlDataReader ds, Boolean describeParameterEncryptionRequest)
   at System.Data.SqlClient.SqlCommand.RunExecuteReader(CommandBehavior cmdBehavior, RunBehavior runBehavior, Boolean returnStream, String method, TaskCompletionSource`1 completion, Int32 timeout, Task& task, Boolean& usedCache, Boolean asyncWrite, Boolean inRetry)
   at System.Data.SqlClient.SqlCommand.RunExecuteReader(CommandBehavior cmdBehavior, RunBehavior runBehavior, Boolean returnStream, String method)
   at System.Data.SqlClient.SqlCommand.ExecuteReader(CommandBehavior behavior, String method)
   at System.Data.SqlClient.SqlCommand.ExecuteDbDataReader(CommandBehavior behavior)
   at System.Data.Common.DbCommand.System.Data.IDbCommand.ExecuteReader(CommandBehavior behavior)
   at System.Data.Common.DbDataAdapter.FillInternal(DataSet dataset, DataTable[] datatables, Int32 startRecord, Int32 maxRecords, String srcTable, IDbCommand command, CommandBehavior behavior)
   at System.Data.Common.DbDataAdapter.Fill(DataSet dataSet, Int32 startRecord, Int32 maxRecords, String srcTable, IDbCommand command, CommandBehavior behavior)
   at System.Data.Common.DbDataAdapter.Fill(DataSet dataSet)
   at G2.DAL.SQLDatabaseAccess.ExecuteProcedure(String procName, IEnumerable`1 parameters)
2017-12-19 10:42:05,065 | [17] | DefaultLogger | DEBUG - DefaultDatabaseAccessFactory-> GetAppDatabase : SQLDatabaseAccess class instantiated...
2017-12-19 10:42:05,080 | [17] | DefaultLogger | DEBUG - OpenConnection: Connection object instantiated...
2017-12-19 10:42:05,096 | [17] | DefaultLogger | DEBUG - OpenConnection: Connection opened...
2017-12-19 10:42:05,112 | [17] | DefaultLogger | DEBUG - ExecuteProcedure: Started...
2017-12-19 10:42:05,127 | [17] | DefaultLogger | DEBUG - GetSqlCommand: Started...
2017-12-19 10:42:05,127 | [17] | DefaultLogger | INFO  - GetSqlCommand: Command 'P_Account_AllUsers' object created...
2017-12-19 10:42:05,143 | [17] | DefaultLogger | DEBUG - GetSqlCommand: Completed...
2017-12-19 10:42:05,143 | [17] | DefaultLogger | DEBUG - AddCommandParameters: Started...
2017-12-19 10:42:05,158 | [17] | DefaultLogger | INFO  - AddCommandParameters: parameter count - 1
2017-12-19 10:42:05,158 | [17] | DefaultLogger | INFO  - Parameter: Name: @UserID, Direction: In, DataType: Int, Value: 16223, Size: -1
2017-12-19 10:42:05,174 | [17] | DefaultLogger | DEBUG - AddCommandParameters: Completed...
2017-12-19 10:42:05,174 | [17] | DefaultLogger | DEBUG - ExecuteProcedure: Completed...
2017-12-19 10:42:05,190 | [17] | DefaultLogger | DEBUG - Connection closed...
2017-12-19 10:42:39,937 | [5] | DefaultLogger | DEBUG - DefaultDatabaseAccessFactory-> GetAppDatabase : SQLDatabaseAccess class instantiated...
2017-12-19 10:42:39,968 | [5] | DefaultLogger | DEBUG - OpenConnection: Connection object instantiated...
2017-12-19 10:42:39,984 | [5] | DefaultLogger | DEBUG - OpenConnection: Connection opened...
2017-12-19 10:42:39,999 | [5] | DefaultLogger | DEBUG - ExecuteProcedure: Started...
2017-12-19 10:42:40,015 | [5] | DefaultLogger | DEBUG - GetSqlCommand: Started...
2017-12-19 10:42:40,046 | [5] | DefaultLogger | INFO  - GetSqlCommand: Command 'P_Account_AllUsers' object created...
2017-12-19 10:42:40,062 | [5] | DefaultLogger | DEBUG - GetSqlCommand: Completed...
2017-12-19 10:42:40,077 | [5] | DefaultLogger | DEBUG - AddCommandParameters: Started...
2017-12-19 10:42:40,077 | [5] | DefaultLogger | INFO  - AddCommandParameters: parameter count - 1
2017-12-19 10:42:40,093 | [5] | DefaultLogger | INFO  - Parameter: Name: @UserID, Direction: In, DataType: Int, Value: 16223, Size: -1
2017-12-19 10:42:40,109 | [5] | DefaultLogger | DEBUG - AddCommandParameters: Completed...
2017-12-19 10:42:40,109 | [5] | DefaultLogger | DEBUG - ExecuteProcedure: Completed...
2017-12-19 10:42:40,124 | [5] | DefaultLogger | DEBUG - Connection closed...
2017-12-19 10:46:32,316 | [15] | DefaultLogger | DEBUG - DefaultDatabaseAccessFactory-> GetAppDatabase : SQLDatabaseAccess class instantiated...
2017-12-19 10:46:32,339 | [15] | DefaultLogger | DEBUG - OpenConnection: Connection object instantiated...
2017-12-19 10:46:32,345 | [15] | DefaultLogger | DEBUG - OpenConnection: Connection opened...
2017-12-19 10:46:32,376 | [15] | DefaultLogger | DEBUG - ExecuteProcedure: Started...
2017-12-19 10:46:32,392 | [15] | DefaultLogger | DEBUG - GetSqlCommand: Started...
2017-12-19 10:46:32,407 | [15] | DefaultLogger | INFO  - GetSqlCommand: Command 'P_Account_VerifyLoginCreds' object created...
2017-12-19 10:46:32,423 | [15] | DefaultLogger | DEBUG - GetSqlCommand: Completed...
2017-12-19 10:46:32,439 | [15] | DefaultLogger | DEBUG - AddCommandParameters: Started...
2017-12-19 10:46:32,454 | [15] | DefaultLogger | INFO  - AddCommandParameters: parameter count - 2
2017-12-19 10:46:32,454 | [15] | DefaultLogger | INFO  - Parameter: Name: @UserName, Direction: In, DataType: String, Value: G2, Size: -1
2017-12-19 10:46:32,470 | [15] | DefaultLogger | INFO  - Parameter: Name: @Password, Direction: In, DataType: String, Value: fIy9/TfksizerFXQIQcJ8g==, Size: -1
2017-12-19 10:46:32,486 | [15] | DefaultLogger | DEBUG - AddCommandParameters: Completed...
2017-12-19 10:46:32,501 | [15] | DefaultLogger | DEBUG - ExecuteProcedure: Error...
2017-12-19 10:46:32,517 | [15] | DefaultLogger | DEBUG - WrapDatabaseException: Started...
2017-12-19 10:46:32,548 | [15] | DefaultLogger | DEBUG - WrapDatabaseException: Completed...
2017-12-19 10:46:32,579 | [15] | DefaultLogger | DEBUG - Connection closed...
2017-12-19 10:46:34,277 | [15] | DefaultLogger | ERROR - ID: 20171219104632 | Number: -2146232060 | Message: Invalid username / password Trace:    at System.Data.SqlClient.SqlConnection.OnError(SqlException exception, Boolean breakConnection, Action`1 wrapCloseInAction)
   at System.Data.SqlClient.SqlInternalConnection.OnError(SqlException exception, Boolean breakConnection, Action`1 wrapCloseInAction)
   at System.Data.SqlClient.TdsParser.ThrowExceptionAndWarning(TdsParserStateObject stateObj, Boolean callerHasConnectionLock, Boolean asyncClose)
   at System.Data.SqlClient.TdsParser.TryRun(RunBehavior runBehavior, SqlCommand cmdHandler, SqlDataReader dataStream, BulkCopySimpleResultSet bulkCopyHandler, TdsParserStateObject stateObj, Boolean& dataReady)
   at System.Data.SqlClient.SqlDataReader.TryConsumeMetaData()
   at System.Data.SqlClient.SqlDataReader.get_MetaData()
   at System.Data.SqlClient.SqlCommand.FinishExecuteReader(SqlDataReader ds, RunBehavior runBehavior, String resetOptionsString, Boolean isInternal, Boolean forDescribeParameterEncryption)
   at System.Data.SqlClient.SqlCommand.RunExecuteReaderTds(CommandBehavior cmdBehavior, RunBehavior runBehavior, Boolean returnStream, Boolean async, Int32 timeout, Task& task, Boolean asyncWrite, Boolean inRetry, SqlDataReader ds, Boolean describeParameterEncryptionRequest)
   at System.Data.SqlClient.SqlCommand.RunExecuteReader(CommandBehavior cmdBehavior, RunBehavior runBehavior, Boolean returnStream, String method, TaskCompletionSource`1 completion, Int32 timeout, Task& task, Boolean& usedCache, Boolean asyncWrite, Boolean inRetry)
   at System.Data.SqlClient.SqlCommand.RunExecuteReader(CommandBehavior cmdBehavior, RunBehavior runBehavior, Boolean returnStream, String method)
   at System.Data.SqlClient.SqlCommand.ExecuteReader(CommandBehavior behavior, String method)
   at System.Data.SqlClient.SqlCommand.ExecuteDbDataReader(CommandBehavior behavior)
   at System.Data.Common.DbCommand.System.Data.IDbCommand.ExecuteReader(CommandBehavior behavior)
   at System.Data.Common.DbDataAdapter.FillInternal(DataSet dataset, DataTable[] datatables, Int32 startRecord, Int32 maxRecords, String srcTable, IDbCommand command, CommandBehavior behavior)
   at System.Data.Common.DbDataAdapter.Fill(DataSet dataSet, Int32 startRecord, Int32 maxRecords, String srcTable, IDbCommand command, CommandBehavior behavior)
   at System.Data.Common.DbDataAdapter.Fill(DataSet dataSet)
   at G2.DAL.SQLDatabaseAccess.ExecuteProcedure(String procName, IEnumerable`1 parameters)
2017-12-19 10:49:27,541 | [19] | DefaultLogger | DEBUG - DefaultDatabaseAccessFactory-> GetAppDatabase : SQLDatabaseAccess class instantiated...
2017-12-19 10:49:27,572 | [19] | DefaultLogger | DEBUG - OpenConnection: Connection object instantiated...
2017-12-19 10:49:27,588 | [19] | DefaultLogger | DEBUG - OpenConnection: Connection opened...
2017-12-19 10:49:27,604 | [19] | DefaultLogger | DEBUG - ExecuteProcedure: Started...
2017-12-19 10:49:27,604 | [19] | DefaultLogger | DEBUG - GetSqlCommand: Started...
2017-12-19 10:49:27,619 | [19] | DefaultLogger | INFO  - GetSqlCommand: Command 'P_Account_VerifyLoginCreds' object created...
2017-12-19 10:49:27,635 | [19] | DefaultLogger | DEBUG - GetSqlCommand: Completed...
2017-12-19 10:49:27,651 | [19] | DefaultLogger | DEBUG - AddCommandParameters: Started...
2017-12-19 10:49:27,651 | [19] | DefaultLogger | INFO  - AddCommandParameters: parameter count - 2
2017-12-19 10:49:27,666 | [19] | DefaultLogger | INFO  - Parameter: Name: @UserName, Direction: In, DataType: String, Value: G2, Size: -1
2017-12-19 10:49:27,682 | [19] | DefaultLogger | INFO  - Parameter: Name: @Password, Direction: In, DataType: String, Value: fIy9/TfksizerFXQIQcJ8g==, Size: -1
2017-12-19 10:49:27,697 | [19] | DefaultLogger | DEBUG - AddCommandParameters: Completed...
2017-12-19 10:49:27,713 | [19] | DefaultLogger | DEBUG - ExecuteProcedure: Error...
2017-12-19 10:49:27,713 | [19] | DefaultLogger | DEBUG - WrapDatabaseException: Started...
2017-12-19 10:49:27,729 | [19] | DefaultLogger | DEBUG - WrapDatabaseException: Completed...
2017-12-19 10:49:27,776 | [19] | DefaultLogger | DEBUG - Connection closed...
2017-12-19 10:49:27,791 | [19] | DefaultLogger | ERROR - ID: 20171219104927 | Number: -2146232060 | Message: Invalid username / password Trace:    at System.Data.SqlClient.SqlConnection.OnError(SqlException exception, Boolean breakConnection, Action`1 wrapCloseInAction)
   at System.Data.SqlClient.SqlInternalConnection.OnError(SqlException exception, Boolean breakConnection, Action`1 wrapCloseInAction)
   at System.Data.SqlClient.TdsParser.ThrowExceptionAndWarning(TdsParserStateObject stateObj, Boolean callerHasConnectionLock, Boolean asyncClose)
   at System.Data.SqlClient.TdsParser.TryRun(RunBehavior runBehavior, SqlCommand cmdHandler, SqlDataReader dataStream, BulkCopySimpleResultSet bulkCopyHandler, TdsParserStateObject stateObj, Boolean& dataReady)
   at System.Data.SqlClient.SqlDataReader.TryConsumeMetaData()
   at System.Data.SqlClient.SqlDataReader.get_MetaData()
   at System.Data.SqlClient.SqlCommand.FinishExecuteReader(SqlDataReader ds, RunBehavior runBehavior, String resetOptionsString, Boolean isInternal, Boolean forDescribeParameterEncryption)
   at System.Data.SqlClient.SqlCommand.RunExecuteReaderTds(CommandBehavior cmdBehavior, RunBehavior runBehavior, Boolean returnStream, Boolean async, Int32 timeout, Task& task, Boolean asyncWrite, Boolean inRetry, SqlDataReader ds, Boolean describeParameterEncryptionRequest)
   at System.Data.SqlClient.SqlCommand.RunExecuteReader(CommandBehavior cmdBehavior, RunBehavior runBehavior, Boolean returnStream, String method, TaskCompletionSource`1 completion, Int32 timeout, Task& task, Boolean& usedCache, Boolean asyncWrite, Boolean inRetry)
   at System.Data.SqlClient.SqlCommand.RunExecuteReader(CommandBehavior cmdBehavior, RunBehavior runBehavior, Boolean returnStream, String method)
   at System.Data.SqlClient.SqlCommand.ExecuteReader(CommandBehavior behavior, String method)
   at System.Data.SqlClient.SqlCommand.ExecuteDbDataReader(CommandBehavior behavior)
   at System.Data.Common.DbCommand.System.Data.IDbCommand.ExecuteReader(CommandBehavior behavior)
   at System.Data.Common.DbDataAdapter.FillInternal(DataSet dataset, DataTable[] datatables, Int32 startRecord, Int32 maxRecords, String srcTable, IDbCommand command, CommandBehavior behavior)
   at System.Data.Common.DbDataAdapter.Fill(DataSet dataSet, Int32 startRecord, Int32 maxRecords, String srcTable, IDbCommand command, CommandBehavior behavior)
   at System.Data.Common.DbDataAdapter.Fill(DataSet dataSet)
   at G2.DAL.SQLDatabaseAccess.ExecuteProcedure(String procName, IEnumerable`1 parameters)
2017-12-19 10:51:22,041 | [19] | DefaultLogger | DEBUG - DefaultDatabaseAccessFactory-> GetAppDatabase : SQLDatabaseAccess class instantiated...
2017-12-19 10:51:22,049 | [19] | DefaultLogger | DEBUG - OpenConnection: Connection object instantiated...
2017-12-19 10:51:22,061 | [19] | DefaultLogger | DEBUG - OpenConnection: Connection opened...
2017-12-19 10:52:47,766 | [19] | DefaultLogger | DEBUG - ExecuteProcedure: Started...
2017-12-19 10:52:47,782 | [19] | DefaultLogger | DEBUG - GetSqlCommand: Started...
2017-12-19 10:52:47,798 | [19] | DefaultLogger | INFO  - GetSqlCommand: Command 'P_Account_VerifyLoginCreds' object created...
2017-12-19 10:52:47,813 | [19] | DefaultLogger | DEBUG - GetSqlCommand: Completed...
2017-12-19 10:52:47,829 | [19] | DefaultLogger | DEBUG - AddCommandParameters: Started...
2017-12-19 10:52:47,845 | [19] | DefaultLogger | INFO  - AddCommandParameters: parameter count - 2
2017-12-19 10:52:47,845 | [19] | DefaultLogger | INFO  - Parameter: Name: @UserName, Direction: In, DataType: String, Value: MLI, Size: -1
2017-12-19 10:52:47,860 | [19] | DefaultLogger | INFO  - Parameter: Name: @Password, Direction: In, DataType: String, Value: N8ujxoXKQwkr4HRKX90iTQ==, Size: -1
2017-12-19 10:52:47,876 | [19] | DefaultLogger | DEBUG - AddCommandParameters: Completed...
2017-12-19 10:52:47,891 | [19] | DefaultLogger | DEBUG - ExecuteProcedure: Error...
2017-12-19 10:52:47,907 | [19] | DefaultLogger | DEBUG - WrapDatabaseException: Started...
2017-12-19 10:52:47,923 | [19] | DefaultLogger | DEBUG - WrapDatabaseException: Completed...
2017-12-19 10:52:47,970 | [19] | DefaultLogger | DEBUG - Connection closed...
2017-12-19 10:52:47,985 | [19] | DefaultLogger | ERROR - ID: 20171219105247 | Number: -2146232060 | Message: Invalid username / password Trace:    at System.Data.SqlClient.SqlConnection.OnError(SqlException exception, Boolean breakConnection, Action`1 wrapCloseInAction)
   at System.Data.SqlClient.SqlInternalConnection.OnError(SqlException exception, Boolean breakConnection, Action`1 wrapCloseInAction)
   at System.Data.SqlClient.TdsParser.ThrowExceptionAndWarning(TdsParserStateObject stateObj, Boolean callerHasConnectionLock, Boolean asyncClose)
   at System.Data.SqlClient.TdsParser.TryRun(RunBehavior runBehavior, SqlCommand cmdHandler, SqlDataReader dataStream, BulkCopySimpleResultSet bulkCopyHandler, TdsParserStateObject stateObj, Boolean& dataReady)
   at System.Data.SqlClient.SqlDataReader.TryConsumeMetaData()
   at System.Data.SqlClient.SqlDataReader.get_MetaData()
   at System.Data.SqlClient.SqlCommand.FinishExecuteReader(SqlDataReader ds, RunBehavior runBehavior, String resetOptionsString, Boolean isInternal, Boolean forDescribeParameterEncryption)
   at System.Data.SqlClient.SqlCommand.RunExecuteReaderTds(CommandBehavior cmdBehavior, RunBehavior runBehavior, Boolean returnStream, Boolean async, Int32 timeout, Task& task, Boolean asyncWrite, Boolean inRetry, SqlDataReader ds, Boolean describeParameterEncryptionRequest)
   at System.Data.SqlClient.SqlCommand.RunExecuteReader(CommandBehavior cmdBehavior, RunBehavior runBehavior, Boolean returnStream, String method, TaskCompletionSource`1 completion, Int32 timeout, Task& task, Boolean& usedCache, Boolean asyncWrite, Boolean inRetry)
   at System.Data.SqlClient.SqlCommand.RunExecuteReader(CommandBehavior cmdBehavior, RunBehavior runBehavior, Boolean returnStream, String method)
   at System.Data.SqlClient.SqlCommand.ExecuteReader(CommandBehavior behavior, String method)
   at System.Data.SqlClient.SqlCommand.ExecuteDbDataReader(CommandBehavior behavior)
   at System.Data.Common.DbCommand.System.Data.IDbCommand.ExecuteReader(CommandBehavior behavior)
   at System.Data.Common.DbDataAdapter.FillInternal(DataSet dataset, DataTable[] datatables, Int32 startRecord, Int32 maxRecords, String srcTable, IDbCommand command, CommandBehavior behavior)
   at System.Data.Common.DbDataAdapter.Fill(DataSet dataSet, Int32 startRecord, Int32 maxRecords, String srcTable, IDbCommand command, CommandBehavior behavior)
   at System.Data.Common.DbDataAdapter.Fill(DataSet dataSet)
   at G2.DAL.SQLDatabaseAccess.ExecuteProcedure(String procName, IEnumerable`1 parameters)
2017-12-19 10:53:33,116 | [19] | DefaultLogger | DEBUG - DefaultDatabaseAccessFactory-> GetAppDatabase : SQLDatabaseAccess class instantiated...
2017-12-19 10:53:33,132 | [19] | DefaultLogger | DEBUG - OpenConnection: Connection object instantiated...
2017-12-19 10:53:33,144 | [19] | DefaultLogger | DEBUG - OpenConnection: Connection opened...
2017-12-19 10:53:33,152 | [19] | DefaultLogger | DEBUG - ExecuteProcedure: Started...
2017-12-19 10:53:33,160 | [19] | DefaultLogger | DEBUG - GetSqlCommand: Started...
2017-12-19 10:53:33,168 | [19] | DefaultLogger | INFO  - GetSqlCommand: Command 'P_Account_VerifyLoginCreds' object created...
2017-12-19 10:53:33,176 | [19] | DefaultLogger | DEBUG - GetSqlCommand: Completed...
2017-12-19 10:53:33,180 | [19] | DefaultLogger | DEBUG - AddCommandParameters: Started...
2017-12-19 10:53:33,188 | [19] | DefaultLogger | INFO  - AddCommandParameters: parameter count - 2
2017-12-19 10:53:33,196 | [19] | DefaultLogger | INFO  - Parameter: Name: @UserName, Direction: In, DataType: String, Value: MLI, Size: -1
2017-12-19 10:53:33,205 | [19] | DefaultLogger | INFO  - Parameter: Name: @Password, Direction: In, DataType: String, Value: pSzNwXpUIzJCzksJOPo62w==, Size: -1
2017-12-19 10:53:33,205 | [19] | DefaultLogger | DEBUG - AddCommandParameters: Completed...
2017-12-19 10:53:33,220 | [19] | DefaultLogger | DEBUG - ExecuteProcedure: Completed...
2017-12-19 10:53:33,314 | [19] | DefaultLogger | DEBUG - Connection closed...
2017-12-19 10:53:33,392 | [19] | DefaultLogger | ERROR - Number: E000000 | Message: Column 'RoleID' does not belong to table Table. Trace:    at System.Data.DataRow.GetDataColumn(String columnName)
   at System.Data.DataRow.get_Item(String columnName)
   at G2.DB.BusinessServices.Factories.AccountService.<>c__DisplayClass0_0.<ValidateUserCreds>b__0(DataRow dr) in G:\G2\Projects\ML_Angular\Api\G2.DB.BusinessServices\Factories\AccountService.cs:line 37
   at System.Linq.Enumerable.All[TSource](IEnumerable`1 source, Func`2 predicate)
   at G2.DB.BusinessServices.Factories.AccountService.ValidateUserCreds(LoginBO loginBO) in G:\G2\Projects\ML_Angular\Api\G2.DB.BusinessServices\Factories\AccountService.cs:line 50
   at G2.DB.Api.Controllers.AccountController.Login(LoginVM login) in G:\G2\Projects\ML_Angular\Api\Api\Controllers\AccountController.cs:line 67
2017-12-19 10:53:44,240 | [19] | DefaultLogger | DEBUG - DefaultDatabaseAccessFactory-> GetAppDatabase : SQLDatabaseAccess class instantiated...
2017-12-19 10:53:44,264 | [19] | DefaultLogger | DEBUG - OpenConnection: Connection object instantiated...
2017-12-19 10:53:44,280 | [19] | DefaultLogger | DEBUG - OpenConnection: Connection opened...
2017-12-19 10:53:44,288 | [19] | DefaultLogger | DEBUG - ExecuteProcedure: Started...
2017-12-19 10:53:44,300 | [19] | DefaultLogger | DEBUG - GetSqlCommand: Started...
2017-12-19 10:53:44,308 | [19] | DefaultLogger | INFO  - GetSqlCommand: Command 'P_Account_VerifyLoginCreds' object created...
2017-12-19 10:53:44,316 | [19] | DefaultLogger | DEBUG - GetSqlCommand: Completed...
2017-12-19 10:53:44,320 | [19] | DefaultLogger | DEBUG - AddCommandParameters: Started...
2017-12-19 10:53:44,320 | [19] | DefaultLogger | INFO  - AddCommandParameters: parameter count - 2
2017-12-19 10:53:44,336 | [19] | DefaultLogger | INFO  - Parameter: Name: @UserName, Direction: In, DataType: String, Value: MLI, Size: -1
2017-12-19 10:53:44,336 | [19] | DefaultLogger | INFO  - Parameter: Name: @Password, Direction: In, DataType: String, Value: pSzNwXpUIzJCzksJOPo62w==, Size: -1
2017-12-19 10:53:44,336 | [19] | DefaultLogger | DEBUG - AddCommandParameters: Completed...
2017-12-19 10:53:44,352 | [19] | DefaultLogger | DEBUG - ExecuteProcedure: Completed...
2017-12-19 10:53:44,367 | [19] | DefaultLogger | DEBUG - Connection closed...
2017-12-19 10:53:44,367 | [19] | DefaultLogger | ERROR - Number: E000000 | Message: Column 'RoleID' does not belong to table Table. Trace:    at System.Data.DataRow.GetDataColumn(String columnName)
   at System.Data.DataRow.get_Item(String columnName)
   at G2.DB.BusinessServices.Factories.AccountService.<>c__DisplayClass0_0.<ValidateUserCreds>b__0(DataRow dr) in G:\G2\Projects\ML_Angular\Api\G2.DB.BusinessServices\Factories\AccountService.cs:line 37
   at System.Linq.Enumerable.All[TSource](IEnumerable`1 source, Func`2 predicate)
   at G2.DB.BusinessServices.Factories.AccountService.ValidateUserCreds(LoginBO loginBO) in G:\G2\Projects\ML_Angular\Api\G2.DB.BusinessServices\Factories\AccountService.cs:line 50
   at G2.DB.Api.Controllers.AccountController.Login(LoginVM login) in G:\G2\Projects\ML_Angular\Api\Api\Controllers\AccountController.cs:line 67
2017-12-19 10:54:47,922 | [1] | DefaultLogger | DEBUG - EncryptionKey key has been set...
2017-12-19 10:54:47,937 | [1] | DefaultLogger | DEBUG - AutoMapper settings started...
2017-12-19 10:54:48,102 | [1] | DefaultLogger | DEBUG - AutoMapper settings initialized...
2017-12-19 10:54:48,127 | [1] | DefaultLogger | DEBUG - AutoMapper settings validated...
2017-12-19 10:55:03,175 | [10] | DefaultLogger | DEBUG - DefaultDatabaseAccessFactory-> GetAppDatabase : SQLDatabaseAccess class instantiated...
2017-12-19 10:55:03,182 | [10] | DefaultLogger | DEBUG - OpenConnection: Connection object instantiated...
2017-12-19 10:55:03,199 | [10] | DefaultLogger | DEBUG - OpenConnection: Connection opened...
2017-12-19 10:55:03,208 | [10] | DefaultLogger | DEBUG - ExecuteProcedure: Started...
2017-12-19 10:55:03,213 | [10] | DefaultLogger | DEBUG - GetSqlCommand: Started...
2017-12-19 10:55:03,221 | [10] | DefaultLogger | INFO  - GetSqlCommand: Command 'P_Account_VerifyLoginCreds' object created...
2017-12-19 10:55:03,227 | [10] | DefaultLogger | DEBUG - GetSqlCommand: Completed...
2017-12-19 10:55:03,233 | [10] | DefaultLogger | DEBUG - AddCommandParameters: Started...
2017-12-19 10:55:03,238 | [10] | DefaultLogger | INFO  - AddCommandParameters: parameter count - 2
2017-12-19 10:55:03,244 | [10] | DefaultLogger | INFO  - Parameter: Name: @UserName, Direction: In, DataType: String, Value: MLI, Size: -1
2017-12-19 10:55:03,249 | [10] | DefaultLogger | INFO  - Parameter: Name: @Password, Direction: In, DataType: String, Value: pSzNwXpUIzJCzksJOPo62w==, Size: -1
2017-12-19 10:55:03,254 | [10] | DefaultLogger | DEBUG - AddCommandParameters: Completed...
2017-12-19 10:55:03,270 | [10] | DefaultLogger | DEBUG - ExecuteProcedure: Completed...
2017-12-19 10:55:03,276 | [10] | DefaultLogger | DEBUG - Connection closed...
2017-12-19 10:56:36,053 | [13] | DefaultLogger | DEBUG - DefaultDatabaseAccessFactory-> GetAppDatabase : SQLDatabaseAccess class instantiated...
2017-12-19 10:56:36,066 | [13] | DefaultLogger | DEBUG - OpenConnection: Connection object instantiated...
2017-12-19 10:56:36,076 | [13] | DefaultLogger | DEBUG - OpenConnection: Connection opened...
2017-12-19 10:56:36,084 | [13] | DefaultLogger | DEBUG - ExecuteProcedure: Started...
2017-12-19 10:56:36,091 | [13] | DefaultLogger | DEBUG - GetSqlCommand: Started...
2017-12-19 10:56:36,099 | [13] | DefaultLogger | INFO  - GetSqlCommand: Command 'P_Account_VerifyLoginCreds' object created...
2017-12-19 10:56:36,107 | [13] | DefaultLogger | DEBUG - GetSqlCommand: Completed...
2017-12-19 10:56:36,114 | [13] | DefaultLogger | DEBUG - AddCommandParameters: Started...
2017-12-19 10:56:36,126 | [13] | DefaultLogger | INFO  - AddCommandParameters: parameter count - 2
2017-12-19 10:56:36,133 | [13] | DefaultLogger | INFO  - Parameter: Name: @UserName, Direction: In, DataType: String, Value: Admin, Size: -1
2017-12-19 10:56:36,143 | [13] | DefaultLogger | INFO  - Parameter: Name: @Password, Direction: In, DataType: String, Value: pSzNwXpUIzJCzksJOPo62w==, Size: -1
2017-12-19 10:56:36,150 | [13] | DefaultLogger | DEBUG - AddCommandParameters: Completed...
2017-12-19 10:56:36,165 | [13] | DefaultLogger | DEBUG - ExecuteProcedure: Completed...
2017-12-19 10:56:36,172 | [13] | DefaultLogger | DEBUG - Connection closed...
