2017-12-22 10:06:57,835 | [85] | DefaultLogger | DEBUG - DefaultDatabaseAccessFactory-> GetAppDatabase : SQLDatabaseAccess class instantiated...
2017-12-22 10:06:57,856 | [85] | DefaultLogger | DEBUG - OpenConnection: Connection object instantiated...
2017-12-22 10:06:57,872 | [85] | DefaultLogger | DEBUG - OpenConnection: Connection opened...
2017-12-22 10:06:57,887 | [85] | DefaultLogger | DEBUG - ExecuteProcedure: Started...
2017-12-22 10:06:57,887 | [85] | DefaultLogger | DEBUG - GetSqlCommand: Started...
2017-12-22 10:06:57,887 | [85] | DefaultLogger | INFO  - GetSqlCommand: Command 'P_Account_VerifyLoginCreds' object created...
2017-12-22 10:06:57,903 | [85] | DefaultLogger | DEBUG - GetSqlCommand: Completed...
2017-12-22 10:06:57,919 | [85] | DefaultLogger | DEBUG - AddCommandParameters: Started...
2017-12-22 10:06:57,934 | [85] | DefaultLogger | INFO  - AddCommandParameters: parameter count - 2
2017-12-22 10:06:57,950 | [85] | DefaultLogger | INFO  - Parameter: Name: @UserName, Direction: In, DataType: String, Value: Abc, Size: -1
2017-12-22 10:06:57,965 | [85] | DefaultLogger | INFO  - Parameter: Name: @Password, Direction: In, DataType: String, Value: fIy9/TfksizerFXQIQcJ8g==, Size: -1
2017-12-22 10:06:57,965 | [85] | DefaultLogger | DEBUG - AddCommandParameters: Completed...
2017-12-22 10:06:57,997 | [85] | DefaultLogger | DEBUG - ExecuteProcedure: Error...
2017-12-22 10:06:58,012 | [85] | DefaultLogger | DEBUG - WrapDatabaseException: Started...
2017-12-22 10:06:58,012 | [85] | DefaultLogger | DEBUG - WrapDatabaseException: Completed...
2017-12-22 10:06:58,075 | [85] | DefaultLogger | DEBUG - Connection closed...
2017-12-22 10:06:58,090 | [85] | DefaultLogger | ERROR - ID: 20171222100658 | Number: -2146232060 | Message: Invalid username / password Trace:    at System.Data.SqlClient.SqlConnection.OnError(SqlException exception, Boolean breakConnection, Action`1 wrapCloseInAction)
   at System.Data.SqlClient.SqlInternalConnection.OnError(SqlException exception, Boolean breakConnection, Action`1 wrapCloseInAction)
   at System.Data.SqlClient.TdsParser.ThrowExceptionAndWarning(TdsParserStateObject stateObj, Boolean callerHasConnectionLock, Boolean asyncClose)
   at System.Data.SqlClient.TdsParser.TryRun(RunBehavior runBehavior, SqlCommand cmdHandler, SqlDataReader dataStream, BulkCopySimpleResultSet bulkCopyHandler, TdsParserStateObject stateObj, Boolean& dataReady)
   at System.Data.SqlClient.SqlDataReader.TryConsumeMetaData()
   at System.Data.SqlClient.SqlDataReader.get_MetaData()
   at System.Data.SqlClient.SqlCommand.FinishExecuteReader(SqlDataReader ds, RunBehavior runBehavior, String resetOptionsString, Boolean isInternal, Boolean forDescribeParameterEncryption)
   at System.Data.SqlClient.SqlCommand.RunExecuteReaderTds(CommandBehavior cmdBehavior, RunBehavior runBehavior, Boolean returnStream, Boolean async, Int32 timeout, Task& task, Boolean asyncWrite, Boolean inRetry, SqlDataReader ds, Boolean describeParameterEncryptionRequest)
   at System.Data.SqlClient.SqlCommand.RunExecuteReader(CommandBehavior cmdBehavior, RunBehavior runBehavior, Boolean returnStream, String method, TaskCompletionSource`1 completion, Int32 timeout, Task& task, Boolean& usedCache, Boolean asyncWrite, Boolean inRetry)
   at System.Data.SqlClient.SqlCommand.RunExecuteReader(CommandBehavior cmdBehavior, RunBehavior runBehavior, Boolean returnStream, String method)
   at System.Data.SqlClient.SqlCommand.ExecuteReader(CommandBehavior behavior, String method)
   at System.Data.SqlClient.SqlCommand.ExecuteDbDataReader(CommandBehavior behavior)
   at System.Data.Common.DbCommand.System.Data.IDbCommand.ExecuteReader(CommandBehavior behavior)
   at System.Data.Common.DbDataAdapter.FillInternal(DataSet dataset, DataTable[] datatables, Int32 startRecord, Int32 maxRecords, String srcTable, IDbCommand command, CommandBehavior behavior)
   at System.Data.Common.DbDataAdapter.Fill(DataSet dataSet, Int32 startRecord, Int32 maxRecords, String srcTable, IDbCommand command, CommandBehavior behavior)
   at System.Data.Common.DbDataAdapter.Fill(DataSet dataSet)
   at G2.DAL.SQLDatabaseAccess.ExecuteProcedure(String procName, IEnumerable`1 parameters)
2017-12-22 10:08:46,035 | [87] | DefaultLogger | DEBUG - DefaultDatabaseAccessFactory-> GetAppDatabase : SQLDatabaseAccess class instantiated...
2017-12-22 10:08:46,051 | [87] | DefaultLogger | DEBUG - OpenConnection: Connection object instantiated...
2017-12-22 10:08:46,068 | [87] | DefaultLogger | DEBUG - OpenConnection: Connection opened...
2017-12-22 10:08:46,083 | [87] | DefaultLogger | DEBUG - ExecuteProcedure: Started...
2017-12-22 10:08:46,099 | [87] | DefaultLogger | DEBUG - GetSqlCommand: Started...
2017-12-22 10:08:46,114 | [87] | DefaultLogger | INFO  - GetSqlCommand: Command 'P_Account_VerifyLoginCreds' object created...
2017-12-22 10:08:46,114 | [87] | DefaultLogger | DEBUG - GetSqlCommand: Completed...
2017-12-22 10:08:46,130 | [87] | DefaultLogger | DEBUG - AddCommandParameters: Started...
2017-12-22 10:08:46,146 | [87] | DefaultLogger | INFO  - AddCommandParameters: parameter count - 2
2017-12-22 10:08:46,161 | [87] | DefaultLogger | INFO  - Parameter: Name: @UserName, Direction: In, DataType: String, Value: acd, Size: -1
2017-12-22 10:08:46,161 | [87] | DefaultLogger | INFO  - Parameter: Name: @Password, Direction: In, DataType: String, Value: 8nvXV6arlw6rLE/NLj5+lw==, Size: -1
2017-12-22 10:08:46,177 | [87] | DefaultLogger | DEBUG - AddCommandParameters: Completed...
2017-12-22 10:08:46,193 | [87] | DefaultLogger | DEBUG - ExecuteProcedure: Error...
2017-12-22 10:08:46,208 | [87] | DefaultLogger | DEBUG - WrapDatabaseException: Started...
2017-12-22 10:08:46,208 | [87] | DefaultLogger | DEBUG - WrapDatabaseException: Completed...
2017-12-22 10:08:46,239 | [87] | DefaultLogger | DEBUG - Connection closed...
2017-12-22 10:08:46,255 | [87] | DefaultLogger | ERROR - ID: 20171222100846 | Number: -2146232060 | Message: Invalid username / password Trace:    at System.Data.SqlClient.SqlConnection.OnError(SqlException exception, Boolean breakConnection, Action`1 wrapCloseInAction)
   at System.Data.SqlClient.SqlInternalConnection.OnError(SqlException exception, Boolean breakConnection, Action`1 wrapCloseInAction)
   at System.Data.SqlClient.TdsParser.ThrowExceptionAndWarning(TdsParserStateObject stateObj, Boolean callerHasConnectionLock, Boolean asyncClose)
   at System.Data.SqlClient.TdsParser.TryRun(RunBehavior runBehavior, SqlCommand cmdHandler, SqlDataReader dataStream, BulkCopySimpleResultSet bulkCopyHandler, TdsParserStateObject stateObj, Boolean& dataReady)
   at System.Data.SqlClient.SqlDataReader.TryConsumeMetaData()
   at System.Data.SqlClient.SqlDataReader.get_MetaData()
   at System.Data.SqlClient.SqlCommand.FinishExecuteReader(SqlDataReader ds, RunBehavior runBehavior, String resetOptionsString, Boolean isInternal, Boolean forDescribeParameterEncryption)
   at System.Data.SqlClient.SqlCommand.RunExecuteReaderTds(CommandBehavior cmdBehavior, RunBehavior runBehavior, Boolean returnStream, Boolean async, Int32 timeout, Task& task, Boolean asyncWrite, Boolean inRetry, SqlDataReader ds, Boolean describeParameterEncryptionRequest)
   at System.Data.SqlClient.SqlCommand.RunExecuteReader(CommandBehavior cmdBehavior, RunBehavior runBehavior, Boolean returnStream, String method, TaskCompletionSource`1 completion, Int32 timeout, Task& task, Boolean& usedCache, Boolean asyncWrite, Boolean inRetry)
   at System.Data.SqlClient.SqlCommand.RunExecuteReader(CommandBehavior cmdBehavior, RunBehavior runBehavior, Boolean returnStream, String method)
   at System.Data.SqlClient.SqlCommand.ExecuteReader(CommandBehavior behavior, String method)
   at System.Data.SqlClient.SqlCommand.ExecuteDbDataReader(CommandBehavior behavior)
   at System.Data.Common.DbCommand.System.Data.IDbCommand.ExecuteReader(CommandBehavior behavior)
   at System.Data.Common.DbDataAdapter.FillInternal(DataSet dataset, DataTable[] datatables, Int32 startRecord, Int32 maxRecords, String srcTable, IDbCommand command, CommandBehavior behavior)
   at System.Data.Common.DbDataAdapter.Fill(DataSet dataSet, Int32 startRecord, Int32 maxRecords, String srcTable, IDbCommand command, CommandBehavior behavior)
   at System.Data.Common.DbDataAdapter.Fill(DataSet dataSet)
   at G2.DAL.SQLDatabaseAccess.ExecuteProcedure(String procName, IEnumerable`1 parameters)
2017-12-22 10:10:58,394 | [1] | DefaultLogger | DEBUG - EncryptionKey key has been set...
2017-12-22 10:10:58,409 | [1] | DefaultLogger | DEBUG - AutoMapper settings started...
2017-12-22 10:10:58,612 | [1] | DefaultLogger | DEBUG - AutoMapper settings initialized...
2017-12-22 10:10:58,644 | [1] | DefaultLogger | DEBUG - AutoMapper settings validated...
2017-12-22 10:11:08,285 | [7] | DefaultLogger | DEBUG - DefaultDatabaseAccessFactory-> GetAppDatabase : SQLDatabaseAccess class instantiated...
2017-12-22 10:11:08,316 | [7] | DefaultLogger | DEBUG - OpenConnection: Connection object instantiated...
2017-12-22 10:11:08,410 | [7] | DefaultLogger | DEBUG - OpenConnection: Connection opened...
2017-12-22 10:11:08,425 | [7] | DefaultLogger | DEBUG - ExecuteProcedure: Started...
2017-12-22 10:11:08,441 | [7] | DefaultLogger | DEBUG - GetSqlCommand: Started...
2017-12-22 10:11:08,457 | [7] | DefaultLogger | INFO  - GetSqlCommand: Command 'P_Account_VerifyLoginCreds' object created...
2017-12-22 10:11:08,472 | [7] | DefaultLogger | DEBUG - GetSqlCommand: Completed...
2017-12-22 10:11:08,488 | [7] | DefaultLogger | DEBUG - AddCommandParameters: Started...
2017-12-22 10:11:08,504 | [7] | DefaultLogger | INFO  - AddCommandParameters: parameter count - 2
2017-12-22 10:11:08,535 | [7] | DefaultLogger | INFO  - Parameter: Name: @UserName, Direction: In, DataType: String, Value: dsfsd, Size: -1
2017-12-22 10:11:08,550 | [7] | DefaultLogger | INFO  - Parameter: Name: @Password, Direction: In, DataType: String, Value: +WWZU5D051s27RA08I5e/Q==, Size: -1
2017-12-22 10:11:08,566 | [7] | DefaultLogger | DEBUG - AddCommandParameters: Completed...
2017-12-22 10:11:08,613 | [7] | DefaultLogger | DEBUG - ExecuteProcedure: Error...
2017-12-22 10:11:08,629 | [7] | DefaultLogger | DEBUG - WrapDatabaseException: Started...
2017-12-22 10:11:08,644 | [7] | DefaultLogger | DEBUG - WrapDatabaseException: Completed...
2017-12-22 10:11:08,707 | [7] | DefaultLogger | DEBUG - Connection closed...
2017-12-22 10:11:08,738 | [7] | DefaultLogger | ERROR - ID: 20171222101108 | Number: -2146232060 | Message: Invalid username / password Trace:    at System.Data.SqlClient.SqlConnection.OnError(SqlException exception, Boolean breakConnection, Action`1 wrapCloseInAction)
   at System.Data.SqlClient.SqlInternalConnection.OnError(SqlException exception, Boolean breakConnection, Action`1 wrapCloseInAction)
   at System.Data.SqlClient.TdsParser.ThrowExceptionAndWarning(TdsParserStateObject stateObj, Boolean callerHasConnectionLock, Boolean asyncClose)
   at System.Data.SqlClient.TdsParser.TryRun(RunBehavior runBehavior, SqlCommand cmdHandler, SqlDataReader dataStream, BulkCopySimpleResultSet bulkCopyHandler, TdsParserStateObject stateObj, Boolean& dataReady)
   at System.Data.SqlClient.SqlDataReader.TryConsumeMetaData()
   at System.Data.SqlClient.SqlDataReader.get_MetaData()
   at System.Data.SqlClient.SqlCommand.FinishExecuteReader(SqlDataReader ds, RunBehavior runBehavior, String resetOptionsString, Boolean isInternal, Boolean forDescribeParameterEncryption)
   at System.Data.SqlClient.SqlCommand.RunExecuteReaderTds(CommandBehavior cmdBehavior, RunBehavior runBehavior, Boolean returnStream, Boolean async, Int32 timeout, Task& task, Boolean asyncWrite, Boolean inRetry, SqlDataReader ds, Boolean describeParameterEncryptionRequest)
   at System.Data.SqlClient.SqlCommand.RunExecuteReader(CommandBehavior cmdBehavior, RunBehavior runBehavior, Boolean returnStream, String method, TaskCompletionSource`1 completion, Int32 timeout, Task& task, Boolean& usedCache, Boolean asyncWrite, Boolean inRetry)
   at System.Data.SqlClient.SqlCommand.RunExecuteReader(CommandBehavior cmdBehavior, RunBehavior runBehavior, Boolean returnStream, String method)
   at System.Data.SqlClient.SqlCommand.ExecuteReader(CommandBehavior behavior, String method)
   at System.Data.SqlClient.SqlCommand.ExecuteDbDataReader(CommandBehavior behavior)
   at System.Data.Common.DbCommand.System.Data.IDbCommand.ExecuteReader(CommandBehavior behavior)
   at System.Data.Common.DbDataAdapter.FillInternal(DataSet dataset, DataTable[] datatables, Int32 startRecord, Int32 maxRecords, String srcTable, IDbCommand command, CommandBehavior behavior)
   at System.Data.Common.DbDataAdapter.Fill(DataSet dataSet, Int32 startRecord, Int32 maxRecords, String srcTable, IDbCommand command, CommandBehavior behavior)
   at System.Data.Common.DbDataAdapter.Fill(DataSet dataSet)
   at G2.DAL.SQLDatabaseAccess.ExecuteProcedure(String procName, IEnumerable`1 parameters)
2017-12-22 10:14:42,166 | [7] | DefaultLogger | DEBUG - DefaultDatabaseAccessFactory-> GetAppDatabase : SQLDatabaseAccess class instantiated...
2017-12-22 10:14:42,190 | [7] | DefaultLogger | DEBUG - OpenConnection: Connection object instantiated...
2017-12-22 10:14:42,198 | [7] | DefaultLogger | DEBUG - OpenConnection: Connection opened...
2017-12-22 10:14:42,206 | [7] | DefaultLogger | DEBUG - ExecuteProcedure: Started...
2017-12-22 10:14:42,215 | [7] | DefaultLogger | DEBUG - GetSqlCommand: Started...
2017-12-22 10:14:42,219 | [7] | DefaultLogger | INFO  - GetSqlCommand: Command 'P_Account_VerifyLoginCreds' object created...
2017-12-22 10:14:42,219 | [7] | DefaultLogger | DEBUG - GetSqlCommand: Completed...
2017-12-22 10:14:42,234 | [7] | DefaultLogger | DEBUG - AddCommandParameters: Started...
2017-12-22 10:14:42,234 | [7] | DefaultLogger | INFO  - AddCommandParameters: parameter count - 2
2017-12-22 10:14:42,250 | [7] | DefaultLogger | INFO  - Parameter: Name: @UserName, Direction: In, DataType: String, Value: sdfsd, Size: -1
2017-12-22 10:14:42,250 | [7] | DefaultLogger | INFO  - Parameter: Name: @Password, Direction: In, DataType: String, Value: nQi8Nr6KCPrZoD1krMd9xg==, Size: -1
2017-12-22 10:14:42,266 | [7] | DefaultLogger | DEBUG - AddCommandParameters: Completed...
2017-12-22 10:14:42,282 | [7] | DefaultLogger | DEBUG - ExecuteProcedure: Error...
2017-12-22 10:14:42,290 | [7] | DefaultLogger | DEBUG - WrapDatabaseException: Started...
2017-12-22 10:14:42,298 | [7] | DefaultLogger | DEBUG - WrapDatabaseException: Completed...
2017-12-22 10:14:42,318 | [7] | DefaultLogger | DEBUG - Connection closed...
2017-12-22 10:14:42,318 | [7] | DefaultLogger | ERROR - ID: 20171222101442 | Number: -2146232060 | Message: Invalid username / password Trace:    at System.Data.SqlClient.SqlConnection.OnError(SqlException exception, Boolean breakConnection, Action`1 wrapCloseInAction)
   at System.Data.SqlClient.SqlInternalConnection.OnError(SqlException exception, Boolean breakConnection, Action`1 wrapCloseInAction)
   at System.Data.SqlClient.TdsParser.ThrowExceptionAndWarning(TdsParserStateObject stateObj, Boolean callerHasConnectionLock, Boolean asyncClose)
   at System.Data.SqlClient.TdsParser.TryRun(RunBehavior runBehavior, SqlCommand cmdHandler, SqlDataReader dataStream, BulkCopySimpleResultSet bulkCopyHandler, TdsParserStateObject stateObj, Boolean& dataReady)
   at System.Data.SqlClient.SqlDataReader.TryConsumeMetaData()
   at System.Data.SqlClient.SqlDataReader.get_MetaData()
   at System.Data.SqlClient.SqlCommand.FinishExecuteReader(SqlDataReader ds, RunBehavior runBehavior, String resetOptionsString, Boolean isInternal, Boolean forDescribeParameterEncryption)
   at System.Data.SqlClient.SqlCommand.RunExecuteReaderTds(CommandBehavior cmdBehavior, RunBehavior runBehavior, Boolean returnStream, Boolean async, Int32 timeout, Task& task, Boolean asyncWrite, Boolean inRetry, SqlDataReader ds, Boolean describeParameterEncryptionRequest)
   at System.Data.SqlClient.SqlCommand.RunExecuteReader(CommandBehavior cmdBehavior, RunBehavior runBehavior, Boolean returnStream, String method, TaskCompletionSource`1 completion, Int32 timeout, Task& task, Boolean& usedCache, Boolean asyncWrite, Boolean inRetry)
   at System.Data.SqlClient.SqlCommand.RunExecuteReader(CommandBehavior cmdBehavior, RunBehavior runBehavior, Boolean returnStream, String method)
   at System.Data.SqlClient.SqlCommand.ExecuteReader(CommandBehavior behavior, String method)
   at System.Data.SqlClient.SqlCommand.ExecuteDbDataReader(CommandBehavior behavior)
   at System.Data.Common.DbCommand.System.Data.IDbCommand.ExecuteReader(CommandBehavior behavior)
   at System.Data.Common.DbDataAdapter.FillInternal(DataSet dataset, DataTable[] datatables, Int32 startRecord, Int32 maxRecords, String srcTable, IDbCommand command, CommandBehavior behavior)
   at System.Data.Common.DbDataAdapter.Fill(DataSet dataSet, Int32 startRecord, Int32 maxRecords, String srcTable, IDbCommand command, CommandBehavior behavior)
   at System.Data.Common.DbDataAdapter.Fill(DataSet dataSet)
   at G2.DAL.SQLDatabaseAccess.ExecuteProcedure(String procName, IEnumerable`1 parameters)
2017-12-22 10:19:27,005 | [12] | DefaultLogger | DEBUG - DefaultDatabaseAccessFactory-> GetAppDatabase : SQLDatabaseAccess class instantiated...
2017-12-22 10:19:27,021 | [12] | DefaultLogger | DEBUG - OpenConnection: Connection object instantiated...
2017-12-22 10:19:27,033 | [12] | DefaultLogger | DEBUG - OpenConnection: Connection opened...
2017-12-22 10:19:27,045 | [12] | DefaultLogger | DEBUG - ExecuteProcedure: Started...
2017-12-22 10:19:27,053 | [12] | DefaultLogger | DEBUG - GetSqlCommand: Started...
2017-12-22 10:19:27,065 | [12] | DefaultLogger | INFO  - GetSqlCommand: Command 'P_Account_VerifyLoginCreds' object created...
2017-12-22 10:19:27,073 | [12] | DefaultLogger | DEBUG - GetSqlCommand: Completed...
2017-12-22 10:19:27,078 | [12] | DefaultLogger | DEBUG - AddCommandParameters: Started...
2017-12-22 10:19:27,078 | [12] | DefaultLogger | INFO  - AddCommandParameters: parameter count - 2
2017-12-22 10:19:27,093 | [12] | DefaultLogger | INFO  - Parameter: Name: @UserName, Direction: In, DataType: String, Value: fdfd, Size: -1
2017-12-22 10:19:27,109 | [12] | DefaultLogger | INFO  - Parameter: Name: @Password, Direction: In, DataType: String, Value: lNmIECu0EB27j2ma1bU1Cw==, Size: -1
2017-12-22 10:19:27,109 | [12] | DefaultLogger | DEBUG - AddCommandParameters: Completed...
2017-12-22 10:19:27,125 | [12] | DefaultLogger | DEBUG - ExecuteProcedure: Error...
2017-12-22 10:19:27,140 | [12] | DefaultLogger | DEBUG - WrapDatabaseException: Started...
2017-12-22 10:19:27,140 | [12] | DefaultLogger | DEBUG - WrapDatabaseException: Completed...
2017-12-22 10:19:27,171 | [12] | DefaultLogger | DEBUG - Connection closed...
2017-12-22 10:19:27,171 | [12] | DefaultLogger | ERROR - ID: 20171222101927 | Number: -2146232060 | Message: Invalid username / password Trace:    at System.Data.SqlClient.SqlConnection.OnError(SqlException exception, Boolean breakConnection, Action`1 wrapCloseInAction)
   at System.Data.SqlClient.SqlInternalConnection.OnError(SqlException exception, Boolean breakConnection, Action`1 wrapCloseInAction)
   at System.Data.SqlClient.TdsParser.ThrowExceptionAndWarning(TdsParserStateObject stateObj, Boolean callerHasConnectionLock, Boolean asyncClose)
   at System.Data.SqlClient.TdsParser.TryRun(RunBehavior runBehavior, SqlCommand cmdHandler, SqlDataReader dataStream, BulkCopySimpleResultSet bulkCopyHandler, TdsParserStateObject stateObj, Boolean& dataReady)
   at System.Data.SqlClient.SqlDataReader.TryConsumeMetaData()
   at System.Data.SqlClient.SqlDataReader.get_MetaData()
   at System.Data.SqlClient.SqlCommand.FinishExecuteReader(SqlDataReader ds, RunBehavior runBehavior, String resetOptionsString, Boolean isInternal, Boolean forDescribeParameterEncryption)
   at System.Data.SqlClient.SqlCommand.RunExecuteReaderTds(CommandBehavior cmdBehavior, RunBehavior runBehavior, Boolean returnStream, Boolean async, Int32 timeout, Task& task, Boolean asyncWrite, Boolean inRetry, SqlDataReader ds, Boolean describeParameterEncryptionRequest)
   at System.Data.SqlClient.SqlCommand.RunExecuteReader(CommandBehavior cmdBehavior, RunBehavior runBehavior, Boolean returnStream, String method, TaskCompletionSource`1 completion, Int32 timeout, Task& task, Boolean& usedCache, Boolean asyncWrite, Boolean inRetry)
   at System.Data.SqlClient.SqlCommand.RunExecuteReader(CommandBehavior cmdBehavior, RunBehavior runBehavior, Boolean returnStream, String method)
   at System.Data.SqlClient.SqlCommand.ExecuteReader(CommandBehavior behavior, String method)
   at System.Data.SqlClient.SqlCommand.ExecuteDbDataReader(CommandBehavior behavior)
   at System.Data.Common.DbCommand.System.Data.IDbCommand.ExecuteReader(CommandBehavior behavior)
   at System.Data.Common.DbDataAdapter.FillInternal(DataSet dataset, DataTable[] datatables, Int32 startRecord, Int32 maxRecords, String srcTable, IDbCommand command, CommandBehavior behavior)
   at System.Data.Common.DbDataAdapter.Fill(DataSet dataSet, Int32 startRecord, Int32 maxRecords, String srcTable, IDbCommand command, CommandBehavior behavior)
   at System.Data.Common.DbDataAdapter.Fill(DataSet dataSet)
   at G2.DAL.SQLDatabaseAccess.ExecuteProcedure(String procName, IEnumerable`1 parameters)
2017-12-22 10:20:12,262 | [7] | DefaultLogger | DEBUG - DefaultDatabaseAccessFactory-> GetAppDatabase : SQLDatabaseAccess class instantiated...
2017-12-22 10:20:12,278 | [7] | DefaultLogger | DEBUG - OpenConnection: Connection object instantiated...
2017-12-22 10:20:12,294 | [7] | DefaultLogger | DEBUG - OpenConnection: Connection opened...
2017-12-22 10:20:12,310 | [7] | DefaultLogger | DEBUG - ExecuteProcedure: Started...
2017-12-22 10:20:12,322 | [7] | DefaultLogger | DEBUG - GetSqlCommand: Started...
2017-12-22 10:20:12,338 | [7] | DefaultLogger | INFO  - GetSqlCommand: Command 'P_Account_VerifyLoginCreds' object created...
2017-12-22 10:20:12,342 | [7] | DefaultLogger | DEBUG - GetSqlCommand: Completed...
2017-12-22 10:20:12,357 | [7] | DefaultLogger | DEBUG - AddCommandParameters: Started...
2017-12-22 10:20:12,373 | [7] | DefaultLogger | INFO  - AddCommandParameters: parameter count - 2
2017-12-22 10:20:12,373 | [7] | DefaultLogger | INFO  - Parameter: Name: @UserName, Direction: In, DataType: String, Value: sdfd, Size: -1
2017-12-22 10:20:12,389 | [7] | DefaultLogger | INFO  - Parameter: Name: @Password, Direction: In, DataType: String, Value: 5F0VmT05iUwPImnWOV3HMw==, Size: -1
2017-12-22 10:20:12,389 | [7] | DefaultLogger | DEBUG - AddCommandParameters: Completed...
2017-12-22 10:20:12,404 | [7] | DefaultLogger | DEBUG - ExecuteProcedure: Error...
2017-12-22 10:20:12,404 | [7] | DefaultLogger | DEBUG - WrapDatabaseException: Started...
2017-12-22 10:20:12,420 | [7] | DefaultLogger | DEBUG - WrapDatabaseException: Completed...
2017-12-22 10:20:12,435 | [7] | DefaultLogger | DEBUG - Connection closed...
2017-12-22 10:20:12,451 | [7] | DefaultLogger | ERROR - ID: 20171222102012 | Number: -2146232060 | Message: Invalid username / password Trace:    at System.Data.SqlClient.SqlConnection.OnError(SqlException exception, Boolean breakConnection, Action`1 wrapCloseInAction)
   at System.Data.SqlClient.SqlInternalConnection.OnError(SqlException exception, Boolean breakConnection, Action`1 wrapCloseInAction)
   at System.Data.SqlClient.TdsParser.ThrowExceptionAndWarning(TdsParserStateObject stateObj, Boolean callerHasConnectionLock, Boolean asyncClose)
   at System.Data.SqlClient.TdsParser.TryRun(RunBehavior runBehavior, SqlCommand cmdHandler, SqlDataReader dataStream, BulkCopySimpleResultSet bulkCopyHandler, TdsParserStateObject stateObj, Boolean& dataReady)
   at System.Data.SqlClient.SqlDataReader.TryConsumeMetaData()
   at System.Data.SqlClient.SqlDataReader.get_MetaData()
   at System.Data.SqlClient.SqlCommand.FinishExecuteReader(SqlDataReader ds, RunBehavior runBehavior, String resetOptionsString, Boolean isInternal, Boolean forDescribeParameterEncryption)
   at System.Data.SqlClient.SqlCommand.RunExecuteReaderTds(CommandBehavior cmdBehavior, RunBehavior runBehavior, Boolean returnStream, Boolean async, Int32 timeout, Task& task, Boolean asyncWrite, Boolean inRetry, SqlDataReader ds, Boolean describeParameterEncryptionRequest)
   at System.Data.SqlClient.SqlCommand.RunExecuteReader(CommandBehavior cmdBehavior, RunBehavior runBehavior, Boolean returnStream, String method, TaskCompletionSource`1 completion, Int32 timeout, Task& task, Boolean& usedCache, Boolean asyncWrite, Boolean inRetry)
   at System.Data.SqlClient.SqlCommand.RunExecuteReader(CommandBehavior cmdBehavior, RunBehavior runBehavior, Boolean returnStream, String method)
   at System.Data.SqlClient.SqlCommand.ExecuteReader(CommandBehavior behavior, String method)
   at System.Data.SqlClient.SqlCommand.ExecuteDbDataReader(CommandBehavior behavior)
   at System.Data.Common.DbCommand.System.Data.IDbCommand.ExecuteReader(CommandBehavior behavior)
   at System.Data.Common.DbDataAdapter.FillInternal(DataSet dataset, DataTable[] datatables, Int32 startRecord, Int32 maxRecords, String srcTable, IDbCommand command, CommandBehavior behavior)
   at System.Data.Common.DbDataAdapter.Fill(DataSet dataSet, Int32 startRecord, Int32 maxRecords, String srcTable, IDbCommand command, CommandBehavior behavior)
   at System.Data.Common.DbDataAdapter.Fill(DataSet dataSet)
   at G2.DAL.SQLDatabaseAccess.ExecuteProcedure(String procName, IEnumerable`1 parameters)
2017-12-22 10:23:06,161 | [15] | DefaultLogger | DEBUG - DefaultDatabaseAccessFactory-> GetAppDatabase : SQLDatabaseAccess class instantiated...
2017-12-22 10:23:06,181 | [15] | DefaultLogger | DEBUG - OpenConnection: Connection object instantiated...
2017-12-22 10:23:06,201 | [15] | DefaultLogger | DEBUG - OpenConnection: Connection opened...
2017-12-22 10:23:06,229 | [15] | DefaultLogger | DEBUG - ExecuteProcedure: Started...
2017-12-22 10:23:06,249 | [15] | DefaultLogger | DEBUG - GetSqlCommand: Started...
2017-12-22 10:23:06,265 | [15] | DefaultLogger | INFO  - GetSqlCommand: Command 'P_Account_VerifyLoginCreds' object created...
2017-12-22 10:23:06,265 | [15] | DefaultLogger | DEBUG - GetSqlCommand: Completed...
2017-12-22 10:23:06,297 | [15] | DefaultLogger | DEBUG - AddCommandParameters: Started...
2017-12-22 10:23:06,312 | [15] | DefaultLogger | INFO  - AddCommandParameters: parameter count - 2
2017-12-22 10:23:06,328 | [15] | DefaultLogger | INFO  - Parameter: Name: @UserName, Direction: In, DataType: String, Value: sfsfsd, Size: -1
2017-12-22 10:23:06,344 | [15] | DefaultLogger | INFO  - Parameter: Name: @Password, Direction: In, DataType: String, Value: g6RufpXjXZcA2Tubn7sN5w==, Size: -1
2017-12-22 10:23:06,359 | [15] | DefaultLogger | DEBUG - AddCommandParameters: Completed...
2017-12-22 10:23:06,375 | [15] | DefaultLogger | DEBUG - ExecuteProcedure: Error...
2017-12-22 10:23:06,375 | [15] | DefaultLogger | DEBUG - WrapDatabaseException: Started...
2017-12-22 10:23:06,390 | [15] | DefaultLogger | DEBUG - WrapDatabaseException: Completed...
2017-12-22 10:23:06,406 | [15] | DefaultLogger | DEBUG - Connection closed...
2017-12-22 10:23:06,406 | [15] | DefaultLogger | ERROR - ID: 20171222102306 | Number: -2146232060 | Message: Invalid username / password Trace:    at System.Data.SqlClient.SqlConnection.OnError(SqlException exception, Boolean breakConnection, Action`1 wrapCloseInAction)
   at System.Data.SqlClient.SqlInternalConnection.OnError(SqlException exception, Boolean breakConnection, Action`1 wrapCloseInAction)
   at System.Data.SqlClient.TdsParser.ThrowExceptionAndWarning(TdsParserStateObject stateObj, Boolean callerHasConnectionLock, Boolean asyncClose)
   at System.Data.SqlClient.TdsParser.TryRun(RunBehavior runBehavior, SqlCommand cmdHandler, SqlDataReader dataStream, BulkCopySimpleResultSet bulkCopyHandler, TdsParserStateObject stateObj, Boolean& dataReady)
   at System.Data.SqlClient.SqlDataReader.TryConsumeMetaData()
   at System.Data.SqlClient.SqlDataReader.get_MetaData()
   at System.Data.SqlClient.SqlCommand.FinishExecuteReader(SqlDataReader ds, RunBehavior runBehavior, String resetOptionsString, Boolean isInternal, Boolean forDescribeParameterEncryption)
   at System.Data.SqlClient.SqlCommand.RunExecuteReaderTds(CommandBehavior cmdBehavior, RunBehavior runBehavior, Boolean returnStream, Boolean async, Int32 timeout, Task& task, Boolean asyncWrite, Boolean inRetry, SqlDataReader ds, Boolean describeParameterEncryptionRequest)
   at System.Data.SqlClient.SqlCommand.RunExecuteReader(CommandBehavior cmdBehavior, RunBehavior runBehavior, Boolean returnStream, String method, TaskCompletionSource`1 completion, Int32 timeout, Task& task, Boolean& usedCache, Boolean asyncWrite, Boolean inRetry)
   at System.Data.SqlClient.SqlCommand.RunExecuteReader(CommandBehavior cmdBehavior, RunBehavior runBehavior, Boolean returnStream, String method)
   at System.Data.SqlClient.SqlCommand.ExecuteReader(CommandBehavior behavior, String method)
   at System.Data.SqlClient.SqlCommand.ExecuteDbDataReader(CommandBehavior behavior)
   at System.Data.Common.DbCommand.System.Data.IDbCommand.ExecuteReader(CommandBehavior behavior)
   at System.Data.Common.DbDataAdapter.FillInternal(DataSet dataset, DataTable[] datatables, Int32 startRecord, Int32 maxRecords, String srcTable, IDbCommand command, CommandBehavior behavior)
   at System.Data.Common.DbDataAdapter.Fill(DataSet dataSet, Int32 startRecord, Int32 maxRecords, String srcTable, IDbCommand command, CommandBehavior behavior)
   at System.Data.Common.DbDataAdapter.Fill(DataSet dataSet)
   at G2.DAL.SQLDatabaseAccess.ExecuteProcedure(String procName, IEnumerable`1 parameters)
2017-12-22 10:41:16,243 | [21] | DefaultLogger | DEBUG - DefaultDatabaseAccessFactory-> GetAppDatabase : SQLDatabaseAccess class instantiated...
2017-12-22 10:41:16,258 | [21] | DefaultLogger | DEBUG - OpenConnection: Connection object instantiated...
2017-12-22 10:41:16,274 | [21] | DefaultLogger | DEBUG - OpenConnection: Connection opened...
2017-12-22 10:41:16,274 | [21] | DefaultLogger | DEBUG - ExecuteProcedure: Started...
2017-12-22 10:41:16,289 | [21] | DefaultLogger | DEBUG - GetSqlCommand: Started...
2017-12-22 10:41:16,305 | [21] | DefaultLogger | INFO  - GetSqlCommand: Command 'P_Account_VerifyLoginCreds' object created...
2017-12-22 10:41:16,305 | [21] | DefaultLogger | DEBUG - GetSqlCommand: Completed...
2017-12-22 10:41:16,321 | [21] | DefaultLogger | DEBUG - AddCommandParameters: Started...
2017-12-22 10:41:16,321 | [21] | DefaultLogger | INFO  - AddCommandParameters: parameter count - 2
2017-12-22 10:41:16,336 | [21] | DefaultLogger | INFO  - Parameter: Name: @UserName, Direction: In, DataType: String, Value: sfdfsd, Size: -1
2017-12-22 10:41:16,352 | [21] | DefaultLogger | INFO  - Parameter: Name: @Password, Direction: In, DataType: String, Value: vhJBRVK4XQpcw2wjK9XCCw==, Size: -1
2017-12-22 10:41:16,352 | [21] | DefaultLogger | DEBUG - AddCommandParameters: Completed...
2017-12-22 10:41:16,383 | [21] | DefaultLogger | DEBUG - ExecuteProcedure: Error...
2017-12-22 10:41:16,399 | [21] | DefaultLogger | DEBUG - WrapDatabaseException: Started...
2017-12-22 10:41:16,415 | [21] | DefaultLogger | DEBUG - WrapDatabaseException: Completed...
2017-12-22 10:41:16,446 | [21] | DefaultLogger | DEBUG - Connection closed...
2017-12-22 10:41:16,461 | [21] | DefaultLogger | ERROR - ID: 20171222104116 | Number: -2146232060 | Message: Invalid username / password Trace:    at System.Data.SqlClient.SqlConnection.OnError(SqlException exception, Boolean breakConnection, Action`1 wrapCloseInAction)
   at System.Data.SqlClient.SqlInternalConnection.OnError(SqlException exception, Boolean breakConnection, Action`1 wrapCloseInAction)
   at System.Data.SqlClient.TdsParser.ThrowExceptionAndWarning(TdsParserStateObject stateObj, Boolean callerHasConnectionLock, Boolean asyncClose)
   at System.Data.SqlClient.TdsParser.TryRun(RunBehavior runBehavior, SqlCommand cmdHandler, SqlDataReader dataStream, BulkCopySimpleResultSet bulkCopyHandler, TdsParserStateObject stateObj, Boolean& dataReady)
   at System.Data.SqlClient.SqlDataReader.TryConsumeMetaData()
   at System.Data.SqlClient.SqlDataReader.get_MetaData()
   at System.Data.SqlClient.SqlCommand.FinishExecuteReader(SqlDataReader ds, RunBehavior runBehavior, String resetOptionsString, Boolean isInternal, Boolean forDescribeParameterEncryption)
   at System.Data.SqlClient.SqlCommand.RunExecuteReaderTds(CommandBehavior cmdBehavior, RunBehavior runBehavior, Boolean returnStream, Boolean async, Int32 timeout, Task& task, Boolean asyncWrite, Boolean inRetry, SqlDataReader ds, Boolean describeParameterEncryptionRequest)
   at System.Data.SqlClient.SqlCommand.RunExecuteReader(CommandBehavior cmdBehavior, RunBehavior runBehavior, Boolean returnStream, String method, TaskCompletionSource`1 completion, Int32 timeout, Task& task, Boolean& usedCache, Boolean asyncWrite, Boolean inRetry)
   at System.Data.SqlClient.SqlCommand.RunExecuteReader(CommandBehavior cmdBehavior, RunBehavior runBehavior, Boolean returnStream, String method)
   at System.Data.SqlClient.SqlCommand.ExecuteReader(CommandBehavior behavior, String method)
   at System.Data.SqlClient.SqlCommand.ExecuteDbDataReader(CommandBehavior behavior)
   at System.Data.Common.DbCommand.System.Data.IDbCommand.ExecuteReader(CommandBehavior behavior)
   at System.Data.Common.DbDataAdapter.FillInternal(DataSet dataset, DataTable[] datatables, Int32 startRecord, Int32 maxRecords, String srcTable, IDbCommand command, CommandBehavior behavior)
   at System.Data.Common.DbDataAdapter.Fill(DataSet dataSet, Int32 startRecord, Int32 maxRecords, String srcTable, IDbCommand command, CommandBehavior behavior)
   at System.Data.Common.DbDataAdapter.Fill(DataSet dataSet)
   at G2.DAL.SQLDatabaseAccess.ExecuteProcedure(String procName, IEnumerable`1 parameters)
2017-12-22 10:55:41,397 | [33] | DefaultLogger | DEBUG - DefaultDatabaseAccessFactory-> GetAppDatabase : SQLDatabaseAccess class instantiated...
2017-12-22 10:55:41,425 | [33] | DefaultLogger | DEBUG - OpenConnection: Connection object instantiated...
2017-12-22 10:55:41,437 | [33] | DefaultLogger | DEBUG - OpenConnection: Connection opened...
2017-12-22 10:55:41,445 | [33] | DefaultLogger | DEBUG - ExecuteProcedure: Started...
2017-12-22 10:55:41,453 | [33] | DefaultLogger | DEBUG - GetSqlCommand: Started...
2017-12-22 10:55:41,458 | [33] | DefaultLogger | INFO  - GetSqlCommand: Command 'P_Account_VerifyLoginCreds' object created...
2017-12-22 10:55:41,458 | [33] | DefaultLogger | DEBUG - GetSqlCommand: Completed...
2017-12-22 10:55:41,474 | [33] | DefaultLogger | DEBUG - AddCommandParameters: Started...
2017-12-22 10:55:41,474 | [33] | DefaultLogger | INFO  - AddCommandParameters: parameter count - 2
2017-12-22 10:55:41,489 | [33] | DefaultLogger | INFO  - Parameter: Name: @UserName, Direction: In, DataType: String, Value: sdf, Size: -1
2017-12-22 10:55:41,489 | [33] | DefaultLogger | INFO  - Parameter: Name: @Password, Direction: In, DataType: String, Value: vmOyTFPm+uUr09fags77TA==, Size: -1
2017-12-22 10:55:41,489 | [33] | DefaultLogger | DEBUG - AddCommandParameters: Completed...
2017-12-22 10:55:41,513 | [33] | DefaultLogger | DEBUG - ExecuteProcedure: Error...
2017-12-22 10:55:41,521 | [33] | DefaultLogger | DEBUG - WrapDatabaseException: Started...
2017-12-22 10:55:41,529 | [33] | DefaultLogger | DEBUG - WrapDatabaseException: Completed...
2017-12-22 10:55:41,553 | [33] | DefaultLogger | DEBUG - Connection closed...
2017-12-22 10:55:41,553 | [33] | DefaultLogger | ERROR - ID: 20171222105541 | Number: -2146232060 | Message: Invalid username / password Trace:    at System.Data.SqlClient.SqlConnection.OnError(SqlException exception, Boolean breakConnection, Action`1 wrapCloseInAction)
   at System.Data.SqlClient.SqlInternalConnection.OnError(SqlException exception, Boolean breakConnection, Action`1 wrapCloseInAction)
   at System.Data.SqlClient.TdsParser.ThrowExceptionAndWarning(TdsParserStateObject stateObj, Boolean callerHasConnectionLock, Boolean asyncClose)
   at System.Data.SqlClient.TdsParser.TryRun(RunBehavior runBehavior, SqlCommand cmdHandler, SqlDataReader dataStream, BulkCopySimpleResultSet bulkCopyHandler, TdsParserStateObject stateObj, Boolean& dataReady)
   at System.Data.SqlClient.SqlDataReader.TryConsumeMetaData()
   at System.Data.SqlClient.SqlDataReader.get_MetaData()
   at System.Data.SqlClient.SqlCommand.FinishExecuteReader(SqlDataReader ds, RunBehavior runBehavior, String resetOptionsString, Boolean isInternal, Boolean forDescribeParameterEncryption)
   at System.Data.SqlClient.SqlCommand.RunExecuteReaderTds(CommandBehavior cmdBehavior, RunBehavior runBehavior, Boolean returnStream, Boolean async, Int32 timeout, Task& task, Boolean asyncWrite, Boolean inRetry, SqlDataReader ds, Boolean describeParameterEncryptionRequest)
   at System.Data.SqlClient.SqlCommand.RunExecuteReader(CommandBehavior cmdBehavior, RunBehavior runBehavior, Boolean returnStream, String method, TaskCompletionSource`1 completion, Int32 timeout, Task& task, Boolean& usedCache, Boolean asyncWrite, Boolean inRetry)
   at System.Data.SqlClient.SqlCommand.RunExecuteReader(CommandBehavior cmdBehavior, RunBehavior runBehavior, Boolean returnStream, String method)
   at System.Data.SqlClient.SqlCommand.ExecuteReader(CommandBehavior behavior, String method)
   at System.Data.SqlClient.SqlCommand.ExecuteDbDataReader(CommandBehavior behavior)
   at System.Data.Common.DbCommand.System.Data.IDbCommand.ExecuteReader(CommandBehavior behavior)
   at System.Data.Common.DbDataAdapter.FillInternal(DataSet dataset, DataTable[] datatables, Int32 startRecord, Int32 maxRecords, String srcTable, IDbCommand command, CommandBehavior behavior)
   at System.Data.Common.DbDataAdapter.Fill(DataSet dataSet, Int32 startRecord, Int32 maxRecords, String srcTable, IDbCommand command, CommandBehavior behavior)
   at System.Data.Common.DbDataAdapter.Fill(DataSet dataSet)
   at G2.DAL.SQLDatabaseAccess.ExecuteProcedure(String procName, IEnumerable`1 parameters)
2017-12-22 10:56:12,489 | [20] | DefaultLogger | DEBUG - DefaultDatabaseAccessFactory-> GetAppDatabase : SQLDatabaseAccess class instantiated...
2017-12-22 10:56:12,509 | [20] | DefaultLogger | DEBUG - OpenConnection: Connection object instantiated...
2017-12-22 10:56:12,525 | [20] | DefaultLogger | DEBUG - OpenConnection: Connection opened...
2017-12-22 10:56:12,538 | [20] | DefaultLogger | DEBUG - ExecuteProcedure: Started...
2017-12-22 10:56:12,538 | [20] | DefaultLogger | DEBUG - GetSqlCommand: Started...
2017-12-22 10:56:12,553 | [20] | DefaultLogger | INFO  - GetSqlCommand: Command 'P_Account_VerifyLoginCreds' object created...
2017-12-22 10:56:12,569 | [20] | DefaultLogger | DEBUG - GetSqlCommand: Completed...
2017-12-22 10:56:12,585 | [20] | DefaultLogger | DEBUG - AddCommandParameters: Started...
2017-12-22 10:56:12,585 | [20] | DefaultLogger | INFO  - AddCommandParameters: parameter count - 2
2017-12-22 10:56:12,600 | [20] | DefaultLogger | INFO  - Parameter: Name: @UserName, Direction: In, DataType: String, Value: sssdfsff, Size: -1
2017-12-22 10:56:12,616 | [20] | DefaultLogger | INFO  - Parameter: Name: @Password, Direction: In, DataType: String, Value: azkisKdsOhbEyumN1ePqDQ==, Size: -1
2017-12-22 10:56:12,647 | [20] | DefaultLogger | DEBUG - AddCommandParameters: Completed...
2017-12-22 10:56:12,663 | [20] | DefaultLogger | DEBUG - ExecuteProcedure: Error...
2017-12-22 10:56:12,694 | [20] | DefaultLogger | DEBUG - WrapDatabaseException: Started...
2017-12-22 10:56:12,710 | [20] | DefaultLogger | DEBUG - WrapDatabaseException: Completed...
2017-12-22 10:56:12,757 | [20] | DefaultLogger | DEBUG - Connection closed...
2017-12-22 10:56:12,772 | [20] | DefaultLogger | ERROR - ID: 20171222105612 | Number: -2146232060 | Message: Invalid username / password Trace:    at System.Data.SqlClient.SqlConnection.OnError(SqlException exception, Boolean breakConnection, Action`1 wrapCloseInAction)
   at System.Data.SqlClient.SqlInternalConnection.OnError(SqlException exception, Boolean breakConnection, Action`1 wrapCloseInAction)
   at System.Data.SqlClient.TdsParser.ThrowExceptionAndWarning(TdsParserStateObject stateObj, Boolean callerHasConnectionLock, Boolean asyncClose)
   at System.Data.SqlClient.TdsParser.TryRun(RunBehavior runBehavior, SqlCommand cmdHandler, SqlDataReader dataStream, BulkCopySimpleResultSet bulkCopyHandler, TdsParserStateObject stateObj, Boolean& dataReady)
   at System.Data.SqlClient.SqlDataReader.TryConsumeMetaData()
   at System.Data.SqlClient.SqlDataReader.get_MetaData()
   at System.Data.SqlClient.SqlCommand.FinishExecuteReader(SqlDataReader ds, RunBehavior runBehavior, String resetOptionsString, Boolean isInternal, Boolean forDescribeParameterEncryption)
   at System.Data.SqlClient.SqlCommand.RunExecuteReaderTds(CommandBehavior cmdBehavior, RunBehavior runBehavior, Boolean returnStream, Boolean async, Int32 timeout, Task& task, Boolean asyncWrite, Boolean inRetry, SqlDataReader ds, Boolean describeParameterEncryptionRequest)
   at System.Data.SqlClient.SqlCommand.RunExecuteReader(CommandBehavior cmdBehavior, RunBehavior runBehavior, Boolean returnStream, String method, TaskCompletionSource`1 completion, Int32 timeout, Task& task, Boolean& usedCache, Boolean asyncWrite, Boolean inRetry)
   at System.Data.SqlClient.SqlCommand.RunExecuteReader(CommandBehavior cmdBehavior, RunBehavior runBehavior, Boolean returnStream, String method)
   at System.Data.SqlClient.SqlCommand.ExecuteReader(CommandBehavior behavior, String method)
   at System.Data.SqlClient.SqlCommand.ExecuteDbDataReader(CommandBehavior behavior)
   at System.Data.Common.DbCommand.System.Data.IDbCommand.ExecuteReader(CommandBehavior behavior)
   at System.Data.Common.DbDataAdapter.FillInternal(DataSet dataset, DataTable[] datatables, Int32 startRecord, Int32 maxRecords, String srcTable, IDbCommand command, CommandBehavior behavior)
   at System.Data.Common.DbDataAdapter.Fill(DataSet dataSet, Int32 startRecord, Int32 maxRecords, String srcTable, IDbCommand command, CommandBehavior behavior)
   at System.Data.Common.DbDataAdapter.Fill(DataSet dataSet)
   at G2.DAL.SQLDatabaseAccess.ExecuteProcedure(String procName, IEnumerable`1 parameters)
2017-12-22 10:56:45,649 | [20] | DefaultLogger | DEBUG - DefaultDatabaseAccessFactory-> GetAppDatabase : SQLDatabaseAccess class instantiated...
2017-12-22 10:56:45,673 | [20] | DefaultLogger | DEBUG - OpenConnection: Connection object instantiated...
2017-12-22 10:56:45,693 | [20] | DefaultLogger | DEBUG - OpenConnection: Connection opened...
2017-12-22 10:56:45,702 | [20] | DefaultLogger | DEBUG - ExecuteProcedure: Started...
2017-12-22 10:56:45,702 | [20] | DefaultLogger | DEBUG - GetSqlCommand: Started...
2017-12-22 10:56:45,718 | [20] | DefaultLogger | INFO  - GetSqlCommand: Command 'P_Account_VerifyLoginCreds' object created...
2017-12-22 10:56:45,734 | [20] | DefaultLogger | DEBUG - GetSqlCommand: Completed...
2017-12-22 10:56:45,734 | [20] | DefaultLogger | DEBUG - AddCommandParameters: Started...
2017-12-22 10:56:45,749 | [20] | DefaultLogger | INFO  - AddCommandParameters: parameter count - 2
2017-12-22 10:56:45,765 | [20] | DefaultLogger | INFO  - Parameter: Name: @UserName, Direction: In, DataType: String, Value: MLI, Size: -1
2017-12-22 10:56:45,781 | [20] | DefaultLogger | INFO  - Parameter: Name: @Password, Direction: In, DataType: String, Value: pSzNwXpUIzJCzksJOPo62w==, Size: -1
2017-12-22 10:56:45,781 | [20] | DefaultLogger | DEBUG - AddCommandParameters: Completed...
2017-12-22 10:56:45,796 | [20] | DefaultLogger | DEBUG - ExecuteProcedure: Completed...
2017-12-22 10:56:45,812 | [20] | DefaultLogger | DEBUG - Connection closed...
2017-12-22 10:57:03,621 | [21] | DefaultLogger | DEBUG - DefaultDatabaseAccessFactory-> GetAppDatabase : SQLDatabaseAccess class instantiated...
2017-12-22 10:57:03,649 | [21] | DefaultLogger | DEBUG - OpenConnection: Connection object instantiated...
2017-12-22 10:57:03,665 | [21] | DefaultLogger | DEBUG - OpenConnection: Connection opened...
2017-12-22 10:57:03,681 | [21] | DefaultLogger | DEBUG - ExecuteProcedure: Started...
2017-12-22 10:57:03,685 | [21] | DefaultLogger | DEBUG - GetSqlCommand: Started...
2017-12-22 10:57:03,701 | [21] | DefaultLogger | INFO  - GetSqlCommand: Command 'P_Account_VerifyLoginCreds' object created...
2017-12-22 10:57:03,717 | [21] | DefaultLogger | DEBUG - GetSqlCommand: Completed...
2017-12-22 10:57:03,732 | [21] | DefaultLogger | DEBUG - AddCommandParameters: Started...
2017-12-22 10:57:03,732 | [21] | DefaultLogger | INFO  - AddCommandParameters: parameter count - 2
2017-12-22 10:57:03,748 | [21] | DefaultLogger | INFO  - Parameter: Name: @UserName, Direction: In, DataType: String, Value: MLI, Size: -1
2017-12-22 10:57:03,748 | [21] | DefaultLogger | INFO  - Parameter: Name: @Password, Direction: In, DataType: String, Value: 5SOTdWKUH/yx+ATrxpvckA==, Size: -1
2017-12-22 10:57:03,763 | [21] | DefaultLogger | DEBUG - AddCommandParameters: Completed...
2017-12-22 10:57:03,779 | [21] | DefaultLogger | DEBUG - ExecuteProcedure: Error...
2017-12-22 10:57:03,779 | [21] | DefaultLogger | DEBUG - WrapDatabaseException: Started...
2017-12-22 10:57:03,779 | [21] | DefaultLogger | DEBUG - WrapDatabaseException: Completed...
2017-12-22 10:57:03,810 | [21] | DefaultLogger | DEBUG - Connection closed...
2017-12-22 10:57:03,810 | [21] | DefaultLogger | ERROR - ID: 20171222105703 | Number: -2146232060 | Message: Invalid username / password Trace:    at System.Data.SqlClient.SqlConnection.OnError(SqlException exception, Boolean breakConnection, Action`1 wrapCloseInAction)
   at System.Data.SqlClient.SqlInternalConnection.OnError(SqlException exception, Boolean breakConnection, Action`1 wrapCloseInAction)
   at System.Data.SqlClient.TdsParser.ThrowExceptionAndWarning(TdsParserStateObject stateObj, Boolean callerHasConnectionLock, Boolean asyncClose)
   at System.Data.SqlClient.TdsParser.TryRun(RunBehavior runBehavior, SqlCommand cmdHandler, SqlDataReader dataStream, BulkCopySimpleResultSet bulkCopyHandler, TdsParserStateObject stateObj, Boolean& dataReady)
   at System.Data.SqlClient.SqlDataReader.TryConsumeMetaData()
   at System.Data.SqlClient.SqlDataReader.get_MetaData()
   at System.Data.SqlClient.SqlCommand.FinishExecuteReader(SqlDataReader ds, RunBehavior runBehavior, String resetOptionsString, Boolean isInternal, Boolean forDescribeParameterEncryption)
   at System.Data.SqlClient.SqlCommand.RunExecuteReaderTds(CommandBehavior cmdBehavior, RunBehavior runBehavior, Boolean returnStream, Boolean async, Int32 timeout, Task& task, Boolean asyncWrite, Boolean inRetry, SqlDataReader ds, Boolean describeParameterEncryptionRequest)
   at System.Data.SqlClient.SqlCommand.RunExecuteReader(CommandBehavior cmdBehavior, RunBehavior runBehavior, Boolean returnStream, String method, TaskCompletionSource`1 completion, Int32 timeout, Task& task, Boolean& usedCache, Boolean asyncWrite, Boolean inRetry)
   at System.Data.SqlClient.SqlCommand.RunExecuteReader(CommandBehavior cmdBehavior, RunBehavior runBehavior, Boolean returnStream, String method)
   at System.Data.SqlClient.SqlCommand.ExecuteReader(CommandBehavior behavior, String method)
   at System.Data.SqlClient.SqlCommand.ExecuteDbDataReader(CommandBehavior behavior)
   at System.Data.Common.DbCommand.System.Data.IDbCommand.ExecuteReader(CommandBehavior behavior)
   at System.Data.Common.DbDataAdapter.FillInternal(DataSet dataset, DataTable[] datatables, Int32 startRecord, Int32 maxRecords, String srcTable, IDbCommand command, CommandBehavior behavior)
   at System.Data.Common.DbDataAdapter.Fill(DataSet dataSet, Int32 startRecord, Int32 maxRecords, String srcTable, IDbCommand command, CommandBehavior behavior)
   at System.Data.Common.DbDataAdapter.Fill(DataSet dataSet)
   at G2.DAL.SQLDatabaseAccess.ExecuteProcedure(String procName, IEnumerable`1 parameters)
2017-12-22 10:57:43,834 | [21] | DefaultLogger | DEBUG - DefaultDatabaseAccessFactory-> GetAppDatabase : SQLDatabaseAccess class instantiated...
2017-12-22 10:57:43,850 | [21] | DefaultLogger | DEBUG - OpenConnection: Connection object instantiated...
2017-12-22 10:57:43,881 | [21] | DefaultLogger | DEBUG - OpenConnection: Connection opened...
2017-12-22 10:57:43,897 | [21] | DefaultLogger | DEBUG - ExecuteProcedure: Started...
2017-12-22 10:57:43,913 | [21] | DefaultLogger | DEBUG - GetSqlCommand: Started...
2017-12-22 10:57:43,913 | [21] | DefaultLogger | INFO  - GetSqlCommand: Command 'P_Account_VerifyLoginCreds' object created...
2017-12-22 10:57:43,928 | [21] | DefaultLogger | DEBUG - GetSqlCommand: Completed...
2017-12-22 10:57:43,944 | [21] | DefaultLogger | DEBUG - AddCommandParameters: Started...
2017-12-22 10:57:43,960 | [21] | DefaultLogger | INFO  - AddCommandParameters: parameter count - 2
2017-12-22 10:57:43,960 | [21] | DefaultLogger | INFO  - Parameter: Name: @UserName, Direction: In, DataType: String, Value: sdds, Size: -1
2017-12-22 10:57:43,975 | [21] | DefaultLogger | INFO  - Parameter: Name: @Password, Direction: In, DataType: String, Value: bxXPNF/OitBSGCUiZC+fSg==, Size: -1
2017-12-22 10:57:43,975 | [21] | DefaultLogger | DEBUG - AddCommandParameters: Completed...
2017-12-22 10:57:43,975 | [21] | DefaultLogger | DEBUG - ExecuteProcedure: Error...
2017-12-22 10:57:43,991 | [21] | DefaultLogger | DEBUG - WrapDatabaseException: Started...
2017-12-22 10:57:43,991 | [21] | DefaultLogger | DEBUG - WrapDatabaseException: Completed...
2017-12-22 10:57:44,022 | [21] | DefaultLogger | DEBUG - Connection closed...
2017-12-22 10:57:44,022 | [21] | DefaultLogger | ERROR - ID: 20171222105743 | Number: -2146232060 | Message: Invalid username / password Trace:    at System.Data.SqlClient.SqlConnection.OnError(SqlException exception, Boolean breakConnection, Action`1 wrapCloseInAction)
   at System.Data.SqlClient.SqlInternalConnection.OnError(SqlException exception, Boolean breakConnection, Action`1 wrapCloseInAction)
   at System.Data.SqlClient.TdsParser.ThrowExceptionAndWarning(TdsParserStateObject stateObj, Boolean callerHasConnectionLock, Boolean asyncClose)
   at System.Data.SqlClient.TdsParser.TryRun(RunBehavior runBehavior, SqlCommand cmdHandler, SqlDataReader dataStream, BulkCopySimpleResultSet bulkCopyHandler, TdsParserStateObject stateObj, Boolean& dataReady)
   at System.Data.SqlClient.SqlDataReader.TryConsumeMetaData()
   at System.Data.SqlClient.SqlDataReader.get_MetaData()
   at System.Data.SqlClient.SqlCommand.FinishExecuteReader(SqlDataReader ds, RunBehavior runBehavior, String resetOptionsString, Boolean isInternal, Boolean forDescribeParameterEncryption)
   at System.Data.SqlClient.SqlCommand.RunExecuteReaderTds(CommandBehavior cmdBehavior, RunBehavior runBehavior, Boolean returnStream, Boolean async, Int32 timeout, Task& task, Boolean asyncWrite, Boolean inRetry, SqlDataReader ds, Boolean describeParameterEncryptionRequest)
   at System.Data.SqlClient.SqlCommand.RunExecuteReader(CommandBehavior cmdBehavior, RunBehavior runBehavior, Boolean returnStream, String method, TaskCompletionSource`1 completion, Int32 timeout, Task& task, Boolean& usedCache, Boolean asyncWrite, Boolean inRetry)
   at System.Data.SqlClient.SqlCommand.RunExecuteReader(CommandBehavior cmdBehavior, RunBehavior runBehavior, Boolean returnStream, String method)
   at System.Data.SqlClient.SqlCommand.ExecuteReader(CommandBehavior behavior, String method)
   at System.Data.SqlClient.SqlCommand.ExecuteDbDataReader(CommandBehavior behavior)
   at System.Data.Common.DbCommand.System.Data.IDbCommand.ExecuteReader(CommandBehavior behavior)
   at System.Data.Common.DbDataAdapter.FillInternal(DataSet dataset, DataTable[] datatables, Int32 startRecord, Int32 maxRecords, String srcTable, IDbCommand command, CommandBehavior behavior)
   at System.Data.Common.DbDataAdapter.Fill(DataSet dataSet, Int32 startRecord, Int32 maxRecords, String srcTable, IDbCommand command, CommandBehavior behavior)
   at System.Data.Common.DbDataAdapter.Fill(DataSet dataSet)
   at G2.DAL.SQLDatabaseAccess.ExecuteProcedure(String procName, IEnumerable`1 parameters)
2017-12-22 10:58:05,970 | [20] | DefaultLogger | DEBUG - DefaultDatabaseAccessFactory-> GetAppDatabase : SQLDatabaseAccess class instantiated...
2017-12-22 10:58:05,994 | [20] | DefaultLogger | DEBUG - OpenConnection: Connection object instantiated...
2017-12-22 10:58:06,010 | [20] | DefaultLogger | DEBUG - OpenConnection: Connection opened...
2017-12-22 10:58:06,026 | [20] | DefaultLogger | DEBUG - ExecuteProcedure: Started...
2017-12-22 10:58:06,042 | [20] | DefaultLogger | DEBUG - GetSqlCommand: Started...
2017-12-22 10:58:06,058 | [20] | DefaultLogger | INFO  - GetSqlCommand: Command 'P_Account_VerifyLoginCreds' object created...
2017-12-22 10:58:06,070 | [20] | DefaultLogger | DEBUG - GetSqlCommand: Completed...
2017-12-22 10:58:06,078 | [20] | DefaultLogger | DEBUG - AddCommandParameters: Started...
2017-12-22 10:58:06,083 | [20] | DefaultLogger | INFO  - AddCommandParameters: parameter count - 2
2017-12-22 10:58:06,083 | [20] | DefaultLogger | INFO  - Parameter: Name: @UserName, Direction: In, DataType: String, Value: sdfd, Size: -1
2017-12-22 10:58:06,098 | [20] | DefaultLogger | INFO  - Parameter: Name: @Password, Direction: In, DataType: String, Value: aIjKCTLL0EIa/XGTfZHkPg==, Size: -1
2017-12-22 10:58:06,098 | [20] | DefaultLogger | DEBUG - AddCommandParameters: Completed...
2017-12-22 10:58:06,114 | [20] | DefaultLogger | DEBUG - ExecuteProcedure: Error...
2017-12-22 10:58:06,114 | [20] | DefaultLogger | DEBUG - WrapDatabaseException: Started...
2017-12-22 10:58:06,130 | [20] | DefaultLogger | DEBUG - WrapDatabaseException: Completed...
2017-12-22 10:58:06,145 | [20] | DefaultLogger | DEBUG - Connection closed...
2017-12-22 10:58:06,161 | [20] | DefaultLogger | ERROR - ID: 20171222105806 | Number: -2146232060 | Message: Invalid username / password Trace:    at System.Data.SqlClient.SqlConnection.OnError(SqlException exception, Boolean breakConnection, Action`1 wrapCloseInAction)
   at System.Data.SqlClient.SqlInternalConnection.OnError(SqlException exception, Boolean breakConnection, Action`1 wrapCloseInAction)
   at System.Data.SqlClient.TdsParser.ThrowExceptionAndWarning(TdsParserStateObject stateObj, Boolean callerHasConnectionLock, Boolean asyncClose)
   at System.Data.SqlClient.TdsParser.TryRun(RunBehavior runBehavior, SqlCommand cmdHandler, SqlDataReader dataStream, BulkCopySimpleResultSet bulkCopyHandler, TdsParserStateObject stateObj, Boolean& dataReady)
   at System.Data.SqlClient.SqlDataReader.TryConsumeMetaData()
   at System.Data.SqlClient.SqlDataReader.get_MetaData()
   at System.Data.SqlClient.SqlCommand.FinishExecuteReader(SqlDataReader ds, RunBehavior runBehavior, String resetOptionsString, Boolean isInternal, Boolean forDescribeParameterEncryption)
   at System.Data.SqlClient.SqlCommand.RunExecuteReaderTds(CommandBehavior cmdBehavior, RunBehavior runBehavior, Boolean returnStream, Boolean async, Int32 timeout, Task& task, Boolean asyncWrite, Boolean inRetry, SqlDataReader ds, Boolean describeParameterEncryptionRequest)
   at System.Data.SqlClient.SqlCommand.RunExecuteReader(CommandBehavior cmdBehavior, RunBehavior runBehavior, Boolean returnStream, String method, TaskCompletionSource`1 completion, Int32 timeout, Task& task, Boolean& usedCache, Boolean asyncWrite, Boolean inRetry)
   at System.Data.SqlClient.SqlCommand.RunExecuteReader(CommandBehavior cmdBehavior, RunBehavior runBehavior, Boolean returnStream, String method)
   at System.Data.SqlClient.SqlCommand.ExecuteReader(CommandBehavior behavior, String method)
   at System.Data.SqlClient.SqlCommand.ExecuteDbDataReader(CommandBehavior behavior)
   at System.Data.Common.DbCommand.System.Data.IDbCommand.ExecuteReader(CommandBehavior behavior)
   at System.Data.Common.DbDataAdapter.FillInternal(DataSet dataset, DataTable[] datatables, Int32 startRecord, Int32 maxRecords, String srcTable, IDbCommand command, CommandBehavior behavior)
   at System.Data.Common.DbDataAdapter.Fill(DataSet dataSet, Int32 startRecord, Int32 maxRecords, String srcTable, IDbCommand command, CommandBehavior behavior)
   at System.Data.Common.DbDataAdapter.Fill(DataSet dataSet)
   at G2.DAL.SQLDatabaseAccess.ExecuteProcedure(String procName, IEnumerable`1 parameters)
2017-12-22 11:01:30,519 | [21] | DefaultLogger | DEBUG - DefaultDatabaseAccessFactory-> GetAppDatabase : SQLDatabaseAccess class instantiated...
2017-12-22 11:01:30,535 | [21] | DefaultLogger | DEBUG - OpenConnection: Connection object instantiated...
2017-12-22 11:01:30,547 | [21] | DefaultLogger | DEBUG - OpenConnection: Connection opened...
2017-12-22 11:01:30,555 | [21] | DefaultLogger | DEBUG - ExecuteProcedure: Started...
2017-12-22 11:01:30,563 | [21] | DefaultLogger | DEBUG - GetSqlCommand: Started...
2017-12-22 11:01:30,571 | [21] | DefaultLogger | INFO  - GetSqlCommand: Command 'P_Account_VerifyLoginCreds' object created...
2017-12-22 11:01:30,576 | [21] | DefaultLogger | DEBUG - GetSqlCommand: Completed...
2017-12-22 11:01:30,576 | [21] | DefaultLogger | DEBUG - AddCommandParameters: Started...
2017-12-22 11:01:30,591 | [21] | DefaultLogger | INFO  - AddCommandParameters: parameter count - 2
2017-12-22 11:01:30,591 | [21] | DefaultLogger | INFO  - Parameter: Name: @UserName, Direction: In, DataType: String, Value: sd, Size: -1
2017-12-22 11:01:30,607 | [21] | DefaultLogger | INFO  - Parameter: Name: @Password, Direction: In, DataType: String, Value: X3aF4TpZADndvHhTlIKzOA==, Size: -1
2017-12-22 11:01:30,607 | [21] | DefaultLogger | DEBUG - AddCommandParameters: Completed...
2017-12-22 11:01:30,622 | [21] | DefaultLogger | DEBUG - ExecuteProcedure: Error...
2017-12-22 11:01:30,622 | [21] | DefaultLogger | DEBUG - WrapDatabaseException: Started...
2017-12-22 11:01:30,638 | [21] | DefaultLogger | DEBUG - WrapDatabaseException: Completed...
2017-12-22 11:01:30,654 | [21] | DefaultLogger | DEBUG - Connection closed...
2017-12-22 11:01:30,654 | [21] | DefaultLogger | ERROR - ID: 20171222110130 | Number: -2146232060 | Message: Invalid username / password Trace:    at System.Data.SqlClient.SqlConnection.OnError(SqlException exception, Boolean breakConnection, Action`1 wrapCloseInAction)
   at System.Data.SqlClient.SqlInternalConnection.OnError(SqlException exception, Boolean breakConnection, Action`1 wrapCloseInAction)
   at System.Data.SqlClient.TdsParser.ThrowExceptionAndWarning(TdsParserStateObject stateObj, Boolean callerHasConnectionLock, Boolean asyncClose)
   at System.Data.SqlClient.TdsParser.TryRun(RunBehavior runBehavior, SqlCommand cmdHandler, SqlDataReader dataStream, BulkCopySimpleResultSet bulkCopyHandler, TdsParserStateObject stateObj, Boolean& dataReady)
   at System.Data.SqlClient.SqlDataReader.TryConsumeMetaData()
   at System.Data.SqlClient.SqlDataReader.get_MetaData()
   at System.Data.SqlClient.SqlCommand.FinishExecuteReader(SqlDataReader ds, RunBehavior runBehavior, String resetOptionsString, Boolean isInternal, Boolean forDescribeParameterEncryption)
   at System.Data.SqlClient.SqlCommand.RunExecuteReaderTds(CommandBehavior cmdBehavior, RunBehavior runBehavior, Boolean returnStream, Boolean async, Int32 timeout, Task& task, Boolean asyncWrite, Boolean inRetry, SqlDataReader ds, Boolean describeParameterEncryptionRequest)
   at System.Data.SqlClient.SqlCommand.RunExecuteReader(CommandBehavior cmdBehavior, RunBehavior runBehavior, Boolean returnStream, String method, TaskCompletionSource`1 completion, Int32 timeout, Task& task, Boolean& usedCache, Boolean asyncWrite, Boolean inRetry)
   at System.Data.SqlClient.SqlCommand.RunExecuteReader(CommandBehavior cmdBehavior, RunBehavior runBehavior, Boolean returnStream, String method)
   at System.Data.SqlClient.SqlCommand.ExecuteReader(CommandBehavior behavior, String method)
   at System.Data.SqlClient.SqlCommand.ExecuteDbDataReader(CommandBehavior behavior)
   at System.Data.Common.DbCommand.System.Data.IDbCommand.ExecuteReader(CommandBehavior behavior)
   at System.Data.Common.DbDataAdapter.FillInternal(DataSet dataset, DataTable[] datatables, Int32 startRecord, Int32 maxRecords, String srcTable, IDbCommand command, CommandBehavior behavior)
   at System.Data.Common.DbDataAdapter.Fill(DataSet dataSet, Int32 startRecord, Int32 maxRecords, String srcTable, IDbCommand command, CommandBehavior behavior)
   at System.Data.Common.DbDataAdapter.Fill(DataSet dataSet)
   at G2.DAL.SQLDatabaseAccess.ExecuteProcedure(String procName, IEnumerable`1 parameters)
2017-12-22 11:03:48,634 | [38] | DefaultLogger | DEBUG - DefaultDatabaseAccessFactory-> GetAppDatabase : SQLDatabaseAccess class instantiated...
2017-12-22 11:03:48,650 | [38] | DefaultLogger | DEBUG - OpenConnection: Connection object instantiated...
2017-12-22 11:03:48,666 | [38] | DefaultLogger | DEBUG - OpenConnection: Connection opened...
2017-12-22 11:03:48,678 | [38] | DefaultLogger | DEBUG - ExecuteProcedure: Started...
2017-12-22 11:03:48,694 | [38] | DefaultLogger | DEBUG - GetSqlCommand: Started...
2017-12-22 11:03:48,710 | [38] | DefaultLogger | INFO  - GetSqlCommand: Command 'P_Account_VerifyLoginCreds' object created...
2017-12-22 11:03:48,726 | [38] | DefaultLogger | DEBUG - GetSqlCommand: Completed...
2017-12-22 11:03:48,735 | [38] | DefaultLogger | DEBUG - AddCommandParameters: Started...
2017-12-22 11:03:48,750 | [38] | DefaultLogger | INFO  - AddCommandParameters: parameter count - 2
2017-12-22 11:03:48,766 | [38] | DefaultLogger | INFO  - Parameter: Name: @UserName, Direction: In, DataType: String, Value: sd, Size: -1
2017-12-22 11:03:48,782 | [38] | DefaultLogger | INFO  - Parameter: Name: @Password, Direction: In, DataType: String, Value: qDjh/LVT0yI/o2XsSdd8fA==, Size: -1
2017-12-22 11:03:48,797 | [38] | DefaultLogger | DEBUG - AddCommandParameters: Completed...
2017-12-22 11:03:48,828 | [38] | DefaultLogger | DEBUG - ExecuteProcedure: Error...
2017-12-22 11:03:48,828 | [38] | DefaultLogger | DEBUG - WrapDatabaseException: Started...
2017-12-22 11:03:48,844 | [38] | DefaultLogger | DEBUG - WrapDatabaseException: Completed...
2017-12-22 11:03:48,860 | [38] | DefaultLogger | DEBUG - Connection closed...
2017-12-22 11:03:48,875 | [38] | DefaultLogger | ERROR - ID: 20171222110348 | Number: -2146232060 | Message: Invalid username / password Trace:    at System.Data.SqlClient.SqlConnection.OnError(SqlException exception, Boolean breakConnection, Action`1 wrapCloseInAction)
   at System.Data.SqlClient.SqlInternalConnection.OnError(SqlException exception, Boolean breakConnection, Action`1 wrapCloseInAction)
   at System.Data.SqlClient.TdsParser.ThrowExceptionAndWarning(TdsParserStateObject stateObj, Boolean callerHasConnectionLock, Boolean asyncClose)
   at System.Data.SqlClient.TdsParser.TryRun(RunBehavior runBehavior, SqlCommand cmdHandler, SqlDataReader dataStream, BulkCopySimpleResultSet bulkCopyHandler, TdsParserStateObject stateObj, Boolean& dataReady)
   at System.Data.SqlClient.SqlDataReader.TryConsumeMetaData()
   at System.Data.SqlClient.SqlDataReader.get_MetaData()
   at System.Data.SqlClient.SqlCommand.FinishExecuteReader(SqlDataReader ds, RunBehavior runBehavior, String resetOptionsString, Boolean isInternal, Boolean forDescribeParameterEncryption)
   at System.Data.SqlClient.SqlCommand.RunExecuteReaderTds(CommandBehavior cmdBehavior, RunBehavior runBehavior, Boolean returnStream, Boolean async, Int32 timeout, Task& task, Boolean asyncWrite, Boolean inRetry, SqlDataReader ds, Boolean describeParameterEncryptionRequest)
   at System.Data.SqlClient.SqlCommand.RunExecuteReader(CommandBehavior cmdBehavior, RunBehavior runBehavior, Boolean returnStream, String method, TaskCompletionSource`1 completion, Int32 timeout, Task& task, Boolean& usedCache, Boolean asyncWrite, Boolean inRetry)
   at System.Data.SqlClient.SqlCommand.RunExecuteReader(CommandBehavior cmdBehavior, RunBehavior runBehavior, Boolean returnStream, String method)
   at System.Data.SqlClient.SqlCommand.ExecuteReader(CommandBehavior behavior, String method)
   at System.Data.SqlClient.SqlCommand.ExecuteDbDataReader(CommandBehavior behavior)
   at System.Data.Common.DbCommand.System.Data.IDbCommand.ExecuteReader(CommandBehavior behavior)
   at System.Data.Common.DbDataAdapter.FillInternal(DataSet dataset, DataTable[] datatables, Int32 startRecord, Int32 maxRecords, String srcTable, IDbCommand command, CommandBehavior behavior)
   at System.Data.Common.DbDataAdapter.Fill(DataSet dataSet, Int32 startRecord, Int32 maxRecords, String srcTable, IDbCommand command, CommandBehavior behavior)
   at System.Data.Common.DbDataAdapter.Fill(DataSet dataSet)
   at G2.DAL.SQLDatabaseAccess.ExecuteProcedure(String procName, IEnumerable`1 parameters)
2017-12-22 11:08:28,763 | [21] | DefaultLogger | DEBUG - DefaultDatabaseAccessFactory-> GetAppDatabase : SQLDatabaseAccess class instantiated...
2017-12-22 11:08:28,787 | [21] | DefaultLogger | DEBUG - OpenConnection: Connection object instantiated...
2017-12-22 11:08:28,811 | [21] | DefaultLogger | DEBUG - OpenConnection: Connection opened...
2017-12-22 11:08:28,825 | [21] | DefaultLogger | DEBUG - ExecuteProcedure: Started...
2017-12-22 11:08:28,825 | [21] | DefaultLogger | DEBUG - GetSqlCommand: Started...
2017-12-22 11:08:28,856 | [21] | DefaultLogger | INFO  - GetSqlCommand: Command 'P_Account_VerifyLoginCreds' object created...
2017-12-22 11:08:28,872 | [21] | DefaultLogger | DEBUG - GetSqlCommand: Completed...
2017-12-22 11:08:28,872 | [21] | DefaultLogger | DEBUG - AddCommandParameters: Started...
2017-12-22 11:08:28,888 | [21] | DefaultLogger | INFO  - AddCommandParameters: parameter count - 2
2017-12-22 11:08:28,903 | [21] | DefaultLogger | INFO  - Parameter: Name: @UserName, Direction: In, DataType: String, Value: sdd, Size: -1
2017-12-22 11:08:28,919 | [21] | DefaultLogger | INFO  - Parameter: Name: @Password, Direction: In, DataType: String, Value: lm/KW4NHQ9FaUOJIOpnmvg==, Size: -1
2017-12-22 11:08:28,935 | [21] | DefaultLogger | DEBUG - AddCommandParameters: Completed...
2017-12-22 11:08:28,950 | [21] | DefaultLogger | DEBUG - ExecuteProcedure: Error...
2017-12-22 11:08:28,966 | [21] | DefaultLogger | DEBUG - WrapDatabaseException: Started...
2017-12-22 11:08:28,981 | [21] | DefaultLogger | DEBUG - WrapDatabaseException: Completed...
2017-12-22 11:08:29,013 | [21] | DefaultLogger | DEBUG - Connection closed...
2017-12-22 11:08:29,028 | [21] | DefaultLogger | ERROR - ID: 20171222110828 | Number: -2146232060 | Message: Invalid username / password Trace:    at System.Data.SqlClient.SqlConnection.OnError(SqlException exception, Boolean breakConnection, Action`1 wrapCloseInAction)
   at System.Data.SqlClient.SqlInternalConnection.OnError(SqlException exception, Boolean breakConnection, Action`1 wrapCloseInAction)
   at System.Data.SqlClient.TdsParser.ThrowExceptionAndWarning(TdsParserStateObject stateObj, Boolean callerHasConnectionLock, Boolean asyncClose)
   at System.Data.SqlClient.TdsParser.TryRun(RunBehavior runBehavior, SqlCommand cmdHandler, SqlDataReader dataStream, BulkCopySimpleResultSet bulkCopyHandler, TdsParserStateObject stateObj, Boolean& dataReady)
   at System.Data.SqlClient.SqlDataReader.TryConsumeMetaData()
   at System.Data.SqlClient.SqlDataReader.get_MetaData()
   at System.Data.SqlClient.SqlCommand.FinishExecuteReader(SqlDataReader ds, RunBehavior runBehavior, String resetOptionsString, Boolean isInternal, Boolean forDescribeParameterEncryption)
   at System.Data.SqlClient.SqlCommand.RunExecuteReaderTds(CommandBehavior cmdBehavior, RunBehavior runBehavior, Boolean returnStream, Boolean async, Int32 timeout, Task& task, Boolean asyncWrite, Boolean inRetry, SqlDataReader ds, Boolean describeParameterEncryptionRequest)
   at System.Data.SqlClient.SqlCommand.RunExecuteReader(CommandBehavior cmdBehavior, RunBehavior runBehavior, Boolean returnStream, String method, TaskCompletionSource`1 completion, Int32 timeout, Task& task, Boolean& usedCache, Boolean asyncWrite, Boolean inRetry)
   at System.Data.SqlClient.SqlCommand.RunExecuteReader(CommandBehavior cmdBehavior, RunBehavior runBehavior, Boolean returnStream, String method)
   at System.Data.SqlClient.SqlCommand.ExecuteReader(CommandBehavior behavior, String method)
   at System.Data.SqlClient.SqlCommand.ExecuteDbDataReader(CommandBehavior behavior)
   at System.Data.Common.DbCommand.System.Data.IDbCommand.ExecuteReader(CommandBehavior behavior)
   at System.Data.Common.DbDataAdapter.FillInternal(DataSet dataset, DataTable[] datatables, Int32 startRecord, Int32 maxRecords, String srcTable, IDbCommand command, CommandBehavior behavior)
   at System.Data.Common.DbDataAdapter.Fill(DataSet dataSet, Int32 startRecord, Int32 maxRecords, String srcTable, IDbCommand command, CommandBehavior behavior)
   at System.Data.Common.DbDataAdapter.Fill(DataSet dataSet)
   at G2.DAL.SQLDatabaseAccess.ExecuteProcedure(String procName, IEnumerable`1 parameters)
